[36m--[0m Using CATKIN_DEVEL_PREFIX: /home/yohei/rl_ws/devel/.private/segway_assisted_teleop
[36m--[0m Using CMAKE_PREFIX_PATH: /home/yohei/rl_ws/devel;/opt/ros/kinetic
[36m--[0m This workspace overlays: /home/yohei/rl_ws/devel;/opt/ros/kinetic
[36m--[0m Using PYTHON_EXECUTABLE: /usr/bin/python
[36m--[0m Using Debian Python package layout
[36m--[0m Using empy: /usr/bin/empy
[36m--[0m Using CATKIN_ENABLE_TESTING: ON
[36m--[0m Call enable_testing()
[36m--[0m Using CATKIN_TEST_RESULTS_DIR: /home/yohei/rl_ws/build/segway_assisted_teleop/test_results
[36m--[0m Found gmock sources under '/usr/src/gmock': gmock will be built
[36m--[0m Found gtest sources under '/usr/src/gmock': gtests will be built
[36m--[0m Using Python nosetests: /usr/bin/nosetests-2.7
[36m--[0m catkin 0.7.18
[36m--[0m BUILD_SHARED_LIBS is on
[36m--[0m Using these message generators: gencpp;geneus;genlisp;gennodejs;genpy
[33m[1mCMake Warning[0m at /home/yohei/rl_ws/src/segway_v3/segway_navigation/segway_assisted_teleop/CMakeLists.txt:31 (find_package):
  By not providing "FindEigen3.cmake" in CMAKE_MODULE_PATH this project has
  asked CMake to find a package configuration file provided by "Eigen3", but
  CMake did not find one.

  Could not find a package configuration file provided by "Eigen3" with any
  of the following names:

    Eigen3Config.cmake
    eigen3-config.cmake

  Add the installation prefix of "Eigen3" to CMAKE_PREFIX_PATH or set
  "Eigen3_DIR" to a directory containing one of the above files.  If "Eigen3"
  provides a separate development package or SDK, be sure it has been
  installed.


[36m--[0m Found PkgConfig: /usr/bin/pkg-config (found version "0.29.1")
[36m--[0m Checking for module 'eigen3'
[36m--[0m   Found eigen3, version 3.2.5
[33m[1mCMake Warning[0m at /opt/ros/kinetic/share/cmake_modules/cmake/Modules/FindEigen.cmake:62 (message):
  The FindEigen.cmake Module in the cmake_modules package is deprecated.

  Please use the FindEigen3.cmake Module provided with Eigen.  Change
  instances of find_package(Eigen) to find_package(Eigen3).  Check the
  FindEigen3.cmake Module for the resulting CMake variable names.

[36mCall Stack (most recent call first):[0m
  CMakeLists.txt:34 (find_package)


[36m--[0m Found Eigen: /usr/include/eigen3
[36m--[0m Eigen found (include: /usr/include/eigen3)
[36m--[0m Configuring done
[36m--[0m Generating done
[36m--[0m Build files have been written to: /home/yohei/rl_ws/build/segway_assisted_teleop
