Determining if the pthread_create exist failed with the following output:
Change Dir: /home/yohei/rl_ws/build/segway_v3_config/CMakeFiles/CMakeTmp

Run Build Command:"/usr/bin/make" "cmTC_8e052/fast"
/usr/bin/make -f CMakeFiles/cmTC_8e052.dir/build.make CMakeFiles/cmTC_8e052.dir/build
make[1]: Entering directory '/home/yohei/rl_ws/build/segway_v3_config/CMakeFiles/CMakeTmp'
Building C object CMakeFiles/cmTC_8e052.dir/CheckSymbolExists.c.o
/usr/bin/cc     -o CMakeFiles/cmTC_8e052.dir/CheckSymbolExists.c.o   -c /home/yohei/rl_ws/build/segway_v3_config/CMakeFiles/CMakeTmp/CheckSymbolExists.c
Linking C executable cmTC_8e052
/usr/bin/cmake -E cmake_link_script CMakeFiles/cmTC_8e052.dir/link.txt --verbose=1
/usr/bin/cc       CMakeFiles/cmTC_8e052.dir/CheckSymbolExists.c.o  -o cmTC_8e052 -rdynamic 
CMakeFiles/cmTC_8e052.dir/CheckSymbolExists.c.o: In function `main':
CheckSymbolExists.c:(.text+0x16): undefined reference to `pthread_create'
collect2: error: ld returned 1 exit status
CMakeFiles/cmTC_8e052.dir/build.make:97: recipe for target 'cmTC_8e052' failed
make[1]: *** [cmTC_8e052] Error 1
make[1]: Leaving directory '/home/yohei/rl_ws/build/segway_v3_config/CMakeFiles/CMakeTmp'
Makefile:126: recipe for target 'cmTC_8e052/fast' failed
make: *** [cmTC_8e052/fast] Error 2

File /home/yohei/rl_ws/build/segway_v3_config/CMakeFiles/CMakeTmp/CheckSymbolExists.c:
/* */
#include <pthread.h>

int main(int argc, char** argv)
{
  (void)argv;
#ifndef pthread_create
  return ((int*)(&pthread_create))[argc];
#else
  (void)argc;
  return 0;
#endif
}

Determining if the function pthread_create exists in the pthreads failed with the following output:
Change Dir: /home/yohei/rl_ws/build/segway_v3_config/CMakeFiles/CMakeTmp

Run Build Command:"/usr/bin/make" "cmTC_36c40/fast"
/usr/bin/make -f CMakeFiles/cmTC_36c40.dir/build.make CMakeFiles/cmTC_36c40.dir/build
make[1]: Entering directory '/home/yohei/rl_ws/build/segway_v3_config/CMakeFiles/CMakeTmp'
Building C object CMakeFiles/cmTC_36c40.dir/CheckFunctionExists.c.o
/usr/bin/cc    -DCHECK_FUNCTION_EXISTS=pthread_create   -o CMakeFiles/cmTC_36c40.dir/CheckFunctionExists.c.o   -c /usr/share/cmake-3.5/Modules/CheckFunctionExists.c
Linking C executable cmTC_36c40
/usr/bin/cmake -E cmake_link_script CMakeFiles/cmTC_36c40.dir/link.txt --verbose=1
/usr/bin/cc   -DCHECK_FUNCTION_EXISTS=pthread_create    CMakeFiles/cmTC_36c40.dir/CheckFunctionExists.c.o  -o cmTC_36c40 -rdynamic -lpthreads 
/usr/bin/ld: cannot find -lpthreads
collect2: error: ld returned 1 exit status
CMakeFiles/cmTC_36c40.dir/build.make:97: recipe for target 'cmTC_36c40' failed
make[1]: *** [cmTC_36c40] Error 1
make[1]: Leaving directory '/home/yohei/rl_ws/build/segway_v3_config/CMakeFiles/CMakeTmp'
Makefile:126: recipe for target 'cmTC_36c40/fast' failed
make: *** [cmTC_36c40/fast] Error 2


