In file included from [01m[K/usr/include/eigen3/Eigen/Core:276:0[m[K,
                 from [01m[K/usr/include/eigen3/Eigen/Dense:1[m[K,
                 from [01m[K/home/yohei/rl_ws/src/bwi_common/bwi_perception/include/bwi_perception/BoundingBox.h:5[m[K,
                 from [01m[K/home/yohei/rl_ws/src/bwi_common/bwi_perception/src/BoundingBox.cpp:1[m[K:
[01m[K/usr/include/eigen3/Eigen/src/Core/Functors.h:973:28:[m[K [01;35m[Kwarning: [m[K‘[01m[Ktemplate<class _Operation> class std::binder2nd[m[K’ is deprecated [-Wdeprecated-declarations]
 struct functor_traits<std::binder2nd<T> >
[01;32m[K                            ^[m[K
In file included from [01m[K/usr/include/c++/5/bits/stl_function.h:1128:0[m[K,
                 from [01m[K/usr/include/c++/5/string:48[m[K,
                 from [01m[K/opt/ros/kinetic/include/ros/platform.h:55[m[K,
                 from [01m[K/opt/ros/kinetic/include/ros/time.h:53[m[K,
                 from [01m[K/opt/ros/kinetic/include/ros/ros.h:38[m[K,
                 from [01m[K/home/yohei/rl_ws/src/bwi_common/bwi_perception/include/bwi_perception/BoundingBox.h:4[m[K,
                 from [01m[K/home/yohei/rl_ws/src/bwi_common/bwi_perception/src/BoundingBox.cpp:1[m[K:
[01m[K/usr/include/c++/5/backward/binders.h:143:11:[m[K [01;36m[Knote: [m[Kdeclared here
     class binder2nd
[01;32m[K           ^[m[K
In file included from [01m[K/usr/include/eigen3/Eigen/Core:276:0[m[K,
                 from [01m[K/usr/include/eigen3/Eigen/Dense:1[m[K,
                 from [01m[K/home/yohei/rl_ws/src/bwi_common/bwi_perception/include/bwi_perception/BoundingBox.h:5[m[K,
                 from [01m[K/home/yohei/rl_ws/src/bwi_common/bwi_perception/src/BoundingBox.cpp:1[m[K:
[01m[K/usr/include/eigen3/Eigen/src/Core/Functors.h:977:28:[m[K [01;35m[Kwarning: [m[K‘[01m[Ktemplate<class _Operation> class std::binder1st[m[K’ is deprecated [-Wdeprecated-declarations]
 struct functor_traits<std::binder1st<T> >
[01;32m[K                            ^[m[K
In file included from [01m[K/usr/include/c++/5/bits/stl_function.h:1128:0[m[K,
                 from [01m[K/usr/include/c++/5/string:48[m[K,
                 from [01m[K/opt/ros/kinetic/include/ros/platform.h:55[m[K,
                 from [01m[K/opt/ros/kinetic/include/ros/time.h:53[m[K,
                 from [01m[K/opt/ros/kinetic/include/ros/ros.h:38[m[K,
                 from [01m[K/home/yohei/rl_ws/src/bwi_common/bwi_perception/include/bwi_perception/BoundingBox.h:4[m[K,
                 from [01m[K/home/yohei/rl_ws/src/bwi_common/bwi_perception/src/BoundingBox.cpp:1[m[K:
[01m[K/usr/include/c++/5/backward/binders.h:108:11:[m[K [01;36m[Knote: [m[Kdeclared here
     class binder1st
[01;32m[K           ^[m[K
In file included from [01m[K/usr/include/eigen3/Eigen/Core:276:0[m[K,
                 from [01m[K/usr/include/eigen3/Eigen/Dense:1[m[K,
                 from [01m[K/home/yohei/rl_ws/src/bwi_common/bwi_perception/src/tabletop_scene_perception_node.cpp:3[m[K:
[01m[K/usr/include/eigen3/Eigen/src/Core/Functors.h:973:28:[m[K [01;35m[Kwarning: [m[K‘[01m[Ktemplate<class _Operation> class std::binder2nd[m[K’ is deprecated [-Wdeprecated-declarations]
 struct functor_traits<std::binder2nd<T> >
[01;32m[K                            ^[m[K
In file included from [01m[K/usr/include/c++/5/bits/stl_function.h:1128:0[m[K,
                 from [01m[K/usr/include/c++/5/string:48[m[K,
                 from [01m[K/usr/include/c++/5/bits/locale_classes.h:40[m[K,
                 from [01m[K/usr/include/c++/5/bits/ios_base.h:41[m[K,
                 from [01m[K/usr/include/c++/5/ios:42[m[K,
                 from [01m[K/usr/include/c++/5/istream:38[m[K,
                 from [01m[K/usr/include/c++/5/sstream:38[m[K,
                 from [01m[K/usr/include/c++/5/complex:45[m[K,
                 from [01m[K/usr/include/eigen3/Eigen/Core:28[m[K,
                 from [01m[K/usr/include/eigen3/Eigen/Dense:1[m[K,
                 from [01m[K/home/yohei/rl_ws/src/bwi_common/bwi_perception/src/tabletop_scene_perception_node.cpp:3[m[K:
[01m[K/usr/include/c++/5/backward/binders.h:143:11:[m[K [01;36m[Knote: [m[Kdeclared here
     class binder2nd
[01;32m[K           ^[m[K
In file included from [01m[K/usr/include/eigen3/Eigen/Core:276:0[m[K,
                 from [01m[K/usr/include/eigen3/Eigen/Dense:1[m[K,
                 from [01m[K/home/yohei/rl_ws/src/bwi_common/bwi_perception/src/tabletop_scene_perception_node.cpp:3[m[K:
[01m[K/usr/include/eigen3/Eigen/src/Core/Functors.h:977:28:[m[K [01;35m[Kwarning: [m[K‘[01m[Ktemplate<class _Operation> class std::binder1st[m[K’ is deprecated [-Wdeprecated-declarations]
 struct functor_traits<std::binder1st<T> >
[01;32m[K                            ^[m[K
In file included from [01m[K/usr/include/c++/5/bits/stl_function.h:1128:0[m[K,
                 from [01m[K/usr/include/c++/5/string:48[m[K,
                 from [01m[K/usr/include/c++/5/bits/locale_classes.h:40[m[K,
                 from [01m[K/usr/include/c++/5/bits/ios_base.h:41[m[K,
                 from [01m[K/usr/include/c++/5/ios:42[m[K,
                 from [01m[K/usr/include/c++/5/istream:38[m[K,
                 from [01m[K/usr/include/c++/5/sstream:38[m[K,
                 from [01m[K/usr/include/c++/5/complex:45[m[K,
                 from [01m[K/usr/include/eigen3/Eigen/Core:28[m[K,
                 from [01m[K/usr/include/eigen3/Eigen/Dense:1[m[K,
                 from [01m[K/home/yohei/rl_ws/src/bwi_common/bwi_perception/src/tabletop_scene_perception_node.cpp:3[m[K:
[01m[K/usr/include/c++/5/backward/binders.h:108:11:[m[K [01;36m[Knote: [m[Kdeclared here
     class binder1st
[01;32m[K           ^[m[K
In file included from [01m[K/usr/include/eigen3/Eigen/Core:276:0[m[K,
                 from [01m[K/usr/include/eigen3/Eigen/Dense:1[m[K,
                 from [01m[K/home/yohei/rl_ws/src/bwi_common/bwi_perception/src/horizontal_surface_detector.cpp:3[m[K:
[01m[K/usr/include/eigen3/Eigen/src/Core/Functors.h:973:28:[m[K [01;35m[Kwarning: [m[K‘[01m[Ktemplate<class _Operation> class std::binder2nd[m[K’ is deprecated [-Wdeprecated-declarations]
 struct functor_traits<std::binder2nd<T> >
[01;32m[K                            ^[m[K
In file included from [01m[K/usr/include/c++/5/bits/stl_function.h:1128:0[m[K,
                 from [01m[K/usr/include/c++/5/string:48[m[K,
                 from [01m[K/usr/include/c++/5/bits/locale_classes.h:40[m[K,
                 from [01m[K/usr/include/c++/5/bits/ios_base.h:41[m[K,
                 from [01m[K/usr/include/c++/5/ios:42[m[K,
                 from [01m[K/usr/include/c++/5/istream:38[m[K,
                 from [01m[K/usr/include/c++/5/sstream:38[m[K,
                 from [01m[K/usr/include/c++/5/complex:45[m[K,
                 from [01m[K/usr/include/eigen3/Eigen/Core:28[m[K,
                 from [01m[K/usr/include/eigen3/Eigen/Dense:1[m[K,
                 from [01m[K/home/yohei/rl_ws/src/bwi_common/bwi_perception/src/horizontal_surface_detector.cpp:3[m[K:
[01m[K/usr/include/c++/5/backward/binders.h:143:11:[m[K [01;36m[Knote: [m[Kdeclared here
     class binder2nd
[01;32m[K           ^[m[K
In file included from [01m[K/usr/include/eigen3/Eigen/Core:276:0[m[K,
                 from [01m[K/usr/include/eigen3/Eigen/Dense:1[m[K,
                 from [01m[K/home/yohei/rl_ws/src/bwi_common/bwi_perception/src/horizontal_surface_detector.cpp:3[m[K:
[01m[K/usr/include/eigen3/Eigen/src/Core/Functors.h:977:28:[m[K [01;35m[Kwarning: [m[K‘[01m[Ktemplate<class _Operation> class std::binder1st[m[K’ is deprecated [-Wdeprecated-declarations]
 struct functor_traits<std::binder1st<T> >
[01;32m[K                            ^[m[K
In file included from [01m[K/usr/include/c++/5/bits/stl_function.h:1128:0[m[K,
                 from [01m[K/usr/include/c++/5/string:48[m[K,
                 from [01m[K/usr/include/c++/5/bits/locale_classes.h:40[m[K,
                 from [01m[K/usr/include/c++/5/bits/ios_base.h:41[m[K,
                 from [01m[K/usr/include/c++/5/ios:42[m[K,
                 from [01m[K/usr/include/c++/5/istream:38[m[K,
                 from [01m[K/usr/include/c++/5/sstream:38[m[K,
                 from [01m[K/usr/include/c++/5/complex:45[m[K,
                 from [01m[K/usr/include/eigen3/Eigen/Core:28[m[K,
                 from [01m[K/usr/include/eigen3/Eigen/Dense:1[m[K,
                 from [01m[K/home/yohei/rl_ws/src/bwi_common/bwi_perception/src/horizontal_surface_detector.cpp:3[m[K:
[01m[K/usr/include/c++/5/backward/binders.h:108:11:[m[K [01;36m[Knote: [m[Kdeclared here
     class binder1st
[01;32m[K           ^[m[K
