[  0%] Built target _bwi_perception_generate_messages_check_deps_PerceiveLargestHorizontalPlane
[  0%] Built target _bwi_perception_generate_messages_check_deps_ExtractTabletopScene
[  0%] Built target actionlib_msgs_generate_messages_cpp
[  0%] Built target _bwi_perception_generate_messages_check_deps_ButtonDetection
[  0%] Built target _bwi_perception_generate_messages_check_deps_FeatureExtraction
[  0%] Built target geometry_msgs_generate_messages_cpp
[  0%] Built target _bwi_perception_generate_messages_check_deps_GetCloud
[  0%] Built target std_msgs_generate_messages_cpp
[  0%] Built target _bwi_perception_generate_messages_check_deps_ProcessVision
[  0%] Built target _bwi_perception_generate_messages_check_deps_PerceiveTabletopScene
[  0%] Built target std_srvs_generate_messages_cpp
[  0%] Built target visualization_msgs_generate_messages_cpp
[  0%] Built target _bwi_perception_generate_messages_check_deps_GetPCD
[  0%] Built target sensor_msgs_generate_messages_cpp
[  0%] Built target _bwi_perception_generate_messages_check_deps_DetectHorizontalPlanes
[  0%] Built target actionlib_msgs_generate_messages_eus
[  0%] Built target _bwi_perception_generate_messages_check_deps_SetObstacles
[  0%] Built target sensor_msgs_generate_messages_eus
[  0%] Built target std_srvs_generate_messages_eus
[  0%] Built target visualization_msgs_generate_messages_eus
[  0%] Built target geometry_msgs_generate_messages_eus
[  0%] Built target std_msgs_generate_messages_eus
[  0%] Built target std_msgs_generate_messages_nodejs
[  0%] Built target actionlib_msgs_generate_messages_nodejs
[  0%] Built target sensor_msgs_generate_messages_nodejs
[  0%] Built target std_srvs_generate_messages_nodejs
[  0%] Built target geometry_msgs_generate_messages_nodejs
[  0%] Built target visualization_msgs_generate_messages_nodejs
[  0%] Built target actionlib_msgs_generate_messages_lisp
[  0%] Built target std_msgs_generate_messages_lisp
[  0%] Built target std_srvs_generate_messages_lisp
[  0%] Built target geometry_msgs_generate_messages_lisp
[  0%] Built target sensor_msgs_generate_messages_lisp
[  0%] Built target visualization_msgs_generate_messages_lisp
[  0%] Built target visualization_msgs_generate_messages_py
[  0%] Built target sensor_msgs_generate_messages_py
[  0%] Built target geometry_msgs_generate_messages_py
[  0%] Built target actionlib_msgs_generate_messages_py
[  0%] Built target std_msgs_generate_messages_py
[  0%] Built target std_srvs_generate_messages_py
[ 14%] Built target bwi_perception_generate_messages_cpp
[ 45%] Built target bwi_perception_generate_messages_eus
[ 45%] Built target bwi_perception_generate_messages_nodejs
[ 60%] Built target bwi_perception_generate_messages_lisp
[ 76%] Built target bwi_perception_generate_messages_py
[ 76%] Built target bwi_perception_gencpp
[35m[1mScanning dependencies of target bwi_perception[0m
[ 76%] Built target bwi_perception_generate_messages
[35m[1mScanning dependencies of target pointcloud_feature_server[0m
[ 77%] [32mBuilding CXX object CMakeFiles/bwi_perception.dir/src/BoundingBox.cpp.o[0m
[ 79%] [32mBuilding CXX object CMakeFiles/pointcloud_feature_server.dir/src/pointcloud_feature_server.cpp.o[0m
[35m[1mScanning dependencies of target image_logging_server[0m
[ 80%] [32mBuilding CXX object CMakeFiles/image_logging_server.dir/src/image_logging_server.cpp.o[0m
[35m[1mScanning dependencies of target button_detection_srv_node[0m
[ 82%] [32mBuilding CXX object CMakeFiles/button_detection_srv_node.dir/src/button_detection_srv_node.cpp.o[0m
In file included from [01m[K/usr/include/eigen3/Eigen/Core:276:0[m[K,
                 from [01m[K/usr/include/eigen3/Eigen/Dense:1[m[K,
                 from [01m[K/home/yohei/rl_ws/src/bwi_common/bwi_perception/include/bwi_perception/BoundingBox.h:5[m[K,
                 from [01m[K/home/yohei/rl_ws/src/bwi_common/bwi_perception/src/BoundingBox.cpp:1[m[K:
[01m[K/usr/include/eigen3/Eigen/src/Core/Functors.h:973:28:[m[K [01;35m[Kwarning: [m[K‘[01m[Ktemplate<class _Operation> class std::binder2nd[m[K’ is deprecated [-Wdeprecated-declarations]
 struct functor_traits<std::binder2nd<T> >
[01;32m[K                            ^[m[K
In file included from [01m[K/usr/include/c++/5/bits/stl_function.h:1128:0[m[K,
                 from [01m[K/usr/include/c++/5/string:48[m[K,
                 from [01m[K/opt/ros/kinetic/include/ros/platform.h:55[m[K,
                 from [01m[K/opt/ros/kinetic/include/ros/time.h:53[m[K,
                 from [01m[K/opt/ros/kinetic/include/ros/ros.h:38[m[K,
                 from [01m[K/home/yohei/rl_ws/src/bwi_common/bwi_perception/include/bwi_perception/BoundingBox.h:4[m[K,
                 from [01m[K/home/yohei/rl_ws/src/bwi_common/bwi_perception/src/BoundingBox.cpp:1[m[K:
[01m[K/usr/include/c++/5/backward/binders.h:143:11:[m[K [01;36m[Knote: [m[Kdeclared here
     class binder2nd
[01;32m[K           ^[m[K
In file included from [01m[K/usr/include/eigen3/Eigen/Core:276:0[m[K,
                 from [01m[K/usr/include/eigen3/Eigen/Dense:1[m[K,
                 from [01m[K/home/yohei/rl_ws/src/bwi_common/bwi_perception/include/bwi_perception/BoundingBox.h:5[m[K,
                 from [01m[K/home/yohei/rl_ws/src/bwi_common/bwi_perception/src/BoundingBox.cpp:1[m[K:
[01m[K/usr/include/eigen3/Eigen/src/Core/Functors.h:977:28:[m[K [01;35m[Kwarning: [m[K‘[01m[Ktemplate<class _Operation> class std::binder1st[m[K’ is deprecated [-Wdeprecated-declarations]
 struct functor_traits<std::binder1st<T> >
[01;32m[K                            ^[m[K
In file included from [01m[K/usr/include/c++/5/bits/stl_function.h:1128:0[m[K,
                 from [01m[K/usr/include/c++/5/string:48[m[K,
                 from [01m[K/opt/ros/kinetic/include/ros/platform.h:55[m[K,
                 from [01m[K/opt/ros/kinetic/include/ros/time.h:53[m[K,
                 from [01m[K/opt/ros/kinetic/include/ros/ros.h:38[m[K,
                 from [01m[K/home/yohei/rl_ws/src/bwi_common/bwi_perception/include/bwi_perception/BoundingBox.h:4[m[K,
                 from [01m[K/home/yohei/rl_ws/src/bwi_common/bwi_perception/src/BoundingBox.cpp:1[m[K:
[01m[K/usr/include/c++/5/backward/binders.h:108:11:[m[K [01;36m[Knote: [m[Kdeclared here
     class binder1st
[01;32m[K           ^[m[K
[ 83%] [32m[1mLinking CXX shared library /home/yohei/rl_ws/devel/.private/bwi_perception/lib/libbwi_perception.so[0m
[ 85%] [32m[1mLinking CXX executable /home/yohei/rl_ws/devel/.private/bwi_perception/lib/bwi_perception/image_logging_server[0m
[ 85%] Built target bwi_perception
[35m[1mScanning dependencies of target obstacle_cloud_manager[0m
[ 86%] [32mBuilding CXX object CMakeFiles/obstacle_cloud_manager.dir/src/obstacle_cloud_manager.cpp.o[0m
[ 86%] Built target image_logging_server
[35m[1mScanning dependencies of target table_change_detection_node[0m
[ 88%] [32mBuilding CXX object CMakeFiles/table_change_detection_node.dir/src/table_change_detection_node.cpp.o[0m
[ 89%] [32m[1mLinking CXX executable /home/yohei/rl_ws/devel/.private/bwi_perception/lib/bwi_perception/button_detection_srv_node[0m
[ 91%] [32m[1mLinking CXX executable /home/yohei/rl_ws/devel/.private/bwi_perception/lib/bwi_perception/pointcloud_feature_server[0m
[ 91%] Built target button_detection_srv_node
[35m[1mScanning dependencies of target tabletop_scene_perception_node[0m
[ 92%] [32mBuilding CXX object CMakeFiles/tabletop_scene_perception_node.dir/src/tabletop_scene_perception_node.cpp.o[0m
[ 92%] Built target pointcloud_feature_server
[35m[1mScanning dependencies of target horizontal_surface_detector[0m
[ 94%] [32mBuilding CXX object CMakeFiles/horizontal_surface_detector.dir/src/horizontal_surface_detector.cpp.o[0m
In file included from [01m[K/usr/include/eigen3/Eigen/Core:276:0[m[K,
                 from [01m[K/usr/include/eigen3/Eigen/Dense:1[m[K,
                 from [01m[K/home/yohei/rl_ws/src/bwi_common/bwi_perception/src/tabletop_scene_perception_node.cpp:3[m[K:
[01m[K/usr/include/eigen3/Eigen/src/Core/Functors.h:973:28:[m[K [01;35m[Kwarning: [m[K‘[01m[Ktemplate<class _Operation> class std::binder2nd[m[K’ is deprecated [-Wdeprecated-declarations]
 struct functor_traits<std::binder2nd<T> >
[01;32m[K                            ^[m[K
In file included from [01m[K/usr/include/c++/5/bits/stl_function.h:1128:0[m[K,
                 from [01m[K/usr/include/c++/5/string:48[m[K,
                 from [01m[K/usr/include/c++/5/bits/locale_classes.h:40[m[K,
                 from [01m[K/usr/include/c++/5/bits/ios_base.h:41[m[K,
                 from [01m[K/usr/include/c++/5/ios:42[m[K,
                 from [01m[K/usr/include/c++/5/istream:38[m[K,
                 from [01m[K/usr/include/c++/5/sstream:38[m[K,
                 from [01m[K/usr/include/c++/5/complex:45[m[K,
                 from [01m[K/usr/include/eigen3/Eigen/Core:28[m[K,
                 from [01m[K/usr/include/eigen3/Eigen/Dense:1[m[K,
                 from [01m[K/home/yohei/rl_ws/src/bwi_common/bwi_perception/src/tabletop_scene_perception_node.cpp:3[m[K:
[01m[K/usr/include/c++/5/backward/binders.h:143:11:[m[K [01;36m[Knote: [m[Kdeclared here
     class binder2nd
[01;32m[K           ^[m[K
In file included from [01m[K/usr/include/eigen3/Eigen/Core:276:0[m[K,
                 from [01m[K/usr/include/eigen3/Eigen/Dense:1[m[K,
                 from [01m[K/home/yohei/rl_ws/src/bwi_common/bwi_perception/src/tabletop_scene_perception_node.cpp:3[m[K:
[01m[K/usr/include/eigen3/Eigen/src/Core/Functors.h:977:28:[m[K [01;35m[Kwarning: [m[K‘[01m[Ktemplate<class _Operation> class std::binder1st[m[K’ is deprecated [-Wdeprecated-declarations]
 struct functor_traits<std::binder1st<T> >
[01;32m[K                            ^[m[K
In file included from [01m[K/usr/include/c++/5/bits/stl_function.h:1128:0[m[K,
                 from [01m[K/usr/include/c++/5/string:48[m[K,
                 from [01m[K/usr/include/c++/5/bits/locale_classes.h:40[m[K,
                 from [01m[K/usr/include/c++/5/bits/ios_base.h:41[m[K,
                 from [01m[K/usr/include/c++/5/ios:42[m[K,
                 from [01m[K/usr/include/c++/5/istream:38[m[K,
                 from [01m[K/usr/include/c++/5/sstream:38[m[K,
                 from [01m[K/usr/include/c++/5/complex:45[m[K,
                 from [01m[K/usr/include/eigen3/Eigen/Core:28[m[K,
                 from [01m[K/usr/include/eigen3/Eigen/Dense:1[m[K,
                 from [01m[K/home/yohei/rl_ws/src/bwi_common/bwi_perception/src/tabletop_scene_perception_node.cpp:3[m[K:
[01m[K/usr/include/c++/5/backward/binders.h:108:11:[m[K [01;36m[Knote: [m[Kdeclared here
     class binder1st
[01;32m[K           ^[m[K
[ 95%] [32m[1mLinking CXX executable /home/yohei/rl_ws/devel/.private/bwi_perception/lib/bwi_perception/obstacle_cloud_manager[0m
In file included from [01m[K/usr/include/eigen3/Eigen/Core:276:0[m[K,
                 from [01m[K/usr/include/eigen3/Eigen/Dense:1[m[K,
                 from [01m[K/home/yohei/rl_ws/src/bwi_common/bwi_perception/src/horizontal_surface_detector.cpp:3[m[K:
[01m[K/usr/include/eigen3/Eigen/src/Core/Functors.h:973:28:[m[K [01;35m[Kwarning: [m[K‘[01m[Ktemplate<class _Operation> class std::binder2nd[m[K’ is deprecated [-Wdeprecated-declarations]
 struct functor_traits<std::binder2nd<T> >
[01;32m[K                            ^[m[K
In file included from [01m[K/usr/include/c++/5/bits/stl_function.h:1128:0[m[K,
                 from [01m[K/usr/include/c++/5/string:48[m[K,
                 from [01m[K/usr/include/c++/5/bits/locale_classes.h:40[m[K,
                 from [01m[K/usr/include/c++/5/bits/ios_base.h:41[m[K,
                 from [01m[K/usr/include/c++/5/ios:42[m[K,
                 from [01m[K/usr/include/c++/5/istream:38[m[K,
                 from [01m[K/usr/include/c++/5/sstream:38[m[K,
                 from [01m[K/usr/include/c++/5/complex:45[m[K,
                 from [01m[K/usr/include/eigen3/Eigen/Core:28[m[K,
                 from [01m[K/usr/include/eigen3/Eigen/Dense:1[m[K,
                 from [01m[K/home/yohei/rl_ws/src/bwi_common/bwi_perception/src/horizontal_surface_detector.cpp:3[m[K:
[01m[K/usr/include/c++/5/backward/binders.h:143:11:[m[K [01;36m[Knote: [m[Kdeclared here
     class binder2nd
[01;32m[K           ^[m[K
In file included from [01m[K/usr/include/eigen3/Eigen/Core:276:0[m[K,
                 from [01m[K/usr/include/eigen3/Eigen/Dense:1[m[K,
                 from [01m[K/home/yohei/rl_ws/src/bwi_common/bwi_perception/src/horizontal_surface_detector.cpp:3[m[K:
[01m[K/usr/include/eigen3/Eigen/src/Core/Functors.h:977:28:[m[K [01;35m[Kwarning: [m[K‘[01m[Ktemplate<class _Operation> class std::binder1st[m[K’ is deprecated [-Wdeprecated-declarations]
 struct functor_traits<std::binder1st<T> >
[01;32m[K                            ^[m[K
In file included from [01m[K/usr/include/c++/5/bits/stl_function.h:1128:0[m[K,
                 from [01m[K/usr/include/c++/5/string:48[m[K,
                 from [01m[K/usr/include/c++/5/bits/locale_classes.h:40[m[K,
                 from [01m[K/usr/include/c++/5/bits/ios_base.h:41[m[K,
                 from [01m[K/usr/include/c++/5/ios:42[m[K,
                 from [01m[K/usr/include/c++/5/istream:38[m[K,
                 from [01m[K/usr/include/c++/5/sstream:38[m[K,
                 from [01m[K/usr/include/c++/5/complex:45[m[K,
                 from [01m[K/usr/include/eigen3/Eigen/Core:28[m[K,
                 from [01m[K/usr/include/eigen3/Eigen/Dense:1[m[K,
                 from [01m[K/home/yohei/rl_ws/src/bwi_common/bwi_perception/src/horizontal_surface_detector.cpp:3[m[K:
[01m[K/usr/include/c++/5/backward/binders.h:108:11:[m[K [01;36m[Knote: [m[Kdeclared here
     class binder1st
[01;32m[K           ^[m[K
[ 95%] Built target obstacle_cloud_manager
[ 97%] [32m[1mLinking CXX executable /home/yohei/rl_ws/devel/.private/bwi_perception/lib/bwi_perception/table_change_detection_node[0m
[ 97%] Built target table_change_detection_node
[ 98%] [32m[1mLinking CXX executable /home/yohei/rl_ws/devel/.private/bwi_perception/lib/bwi_perception/tabletop_scene_perception_node[0m
[100%] [32m[1mLinking CXX executable /home/yohei/rl_ws/devel/.private/bwi_perception/lib/bwi_perception/horizontal_surface_detector[0m
[100%] Built target tabletop_scene_perception_node
[100%] Built target horizontal_surface_detector
