Linked: (/home/yohei/rl_ws/devel/.private/segway_msgs/share/roseus/ros/segway_msgs/manifest.l, /home/yohei/rl_ws/devel/share/roseus/ros/segway_msgs/manifest.l)
Linked: (/home/yohei/rl_ws/devel/.private/segway_msgs/share/roseus/ros/segway_msgs/msg/ConfigCmd.l, /home/yohei/rl_ws/devel/share/roseus/ros/segway_msgs/msg/ConfigCmd.l)
Linked: (/home/yohei/rl_ws/devel/.private/segway_msgs/share/roseus/ros/segway_msgs/msg/SuperAux.l, /home/yohei/rl_ws/devel/share/roseus/ros/segway_msgs/msg/SuperAux.l)
Linked: (/home/yohei/rl_ws/devel/.private/segway_msgs/share/roseus/ros/segway_msgs/msg/Status.l, /home/yohei/rl_ws/devel/share/roseus/ros/segway_msgs/msg/Status.l)
Linked: (/home/yohei/rl_ws/devel/.private/segway_msgs/share/roseus/ros/segway_msgs/msg/Configuration.l, /home/yohei/rl_ws/devel/share/roseus/ros/segway_msgs/msg/Configuration.l)
Linked: (/home/yohei/rl_ws/devel/.private/segway_msgs/share/roseus/ros/segway_msgs/msg/Faultlog.l, /home/yohei/rl_ws/devel/share/roseus/ros/segway_msgs/msg/Faultlog.l)
Linked: (/home/yohei/rl_ws/devel/.private/segway_msgs/share/roseus/ros/segway_msgs/msg/Propulsion.l, /home/yohei/rl_ws/devel/share/roseus/ros/segway_msgs/msg/Propulsion.l)
Linked: (/home/yohei/rl_ws/devel/.private/segway_msgs/share/roseus/ros/segway_msgs/msg/AuxPower.l, /home/yohei/rl_ws/devel/share/roseus/ros/segway_msgs/msg/AuxPower.l)
Linked: (/home/yohei/rl_ws/devel/.private/segway_msgs/share/roseus/ros/segway_msgs/msg/Dynamics.l, /home/yohei/rl_ws/devel/share/roseus/ros/segway_msgs/msg/Dynamics.l)
Linked: (/home/yohei/rl_ws/devel/.private/segway_msgs/share/gennodejs/ros/segway_msgs/_index.js, /home/yohei/rl_ws/devel/share/gennodejs/ros/segway_msgs/_index.js)
Linked: (/home/yohei/rl_ws/devel/.private/segway_msgs/share/gennodejs/ros/segway_msgs/msg/Propulsion.js, /home/yohei/rl_ws/devel/share/gennodejs/ros/segway_msgs/msg/Propulsion.js)
Linked: (/home/yohei/rl_ws/devel/.private/segway_msgs/share/gennodejs/ros/segway_msgs/msg/ConfigCmd.js, /home/yohei/rl_ws/devel/share/gennodejs/ros/segway_msgs/msg/ConfigCmd.js)
Linked: (/home/yohei/rl_ws/devel/.private/segway_msgs/share/gennodejs/ros/segway_msgs/msg/AuxPower.js, /home/yohei/rl_ws/devel/share/gennodejs/ros/segway_msgs/msg/AuxPower.js)
Linked: (/home/yohei/rl_ws/devel/.private/segway_msgs/share/gennodejs/ros/segway_msgs/msg/Dynamics.js, /home/yohei/rl_ws/devel/share/gennodejs/ros/segway_msgs/msg/Dynamics.js)
Linked: (/home/yohei/rl_ws/devel/.private/segway_msgs/share/gennodejs/ros/segway_msgs/msg/SuperAux.js, /home/yohei/rl_ws/devel/share/gennodejs/ros/segway_msgs/msg/SuperAux.js)
Linked: (/home/yohei/rl_ws/devel/.private/segway_msgs/share/gennodejs/ros/segway_msgs/msg/Configuration.js, /home/yohei/rl_ws/devel/share/gennodejs/ros/segway_msgs/msg/Configuration.js)
Linked: (/home/yohei/rl_ws/devel/.private/segway_msgs/share/gennodejs/ros/segway_msgs/msg/_index.js, /home/yohei/rl_ws/devel/share/gennodejs/ros/segway_msgs/msg/_index.js)
Linked: (/home/yohei/rl_ws/devel/.private/segway_msgs/share/gennodejs/ros/segway_msgs/msg/Faultlog.js, /home/yohei/rl_ws/devel/share/gennodejs/ros/segway_msgs/msg/Faultlog.js)
Linked: (/home/yohei/rl_ws/devel/.private/segway_msgs/share/gennodejs/ros/segway_msgs/msg/Status.js, /home/yohei/rl_ws/devel/share/gennodejs/ros/segway_msgs/msg/Status.js)
Linked: (/home/yohei/rl_ws/devel/.private/segway_msgs/share/common-lisp/ros/segway_msgs/msg/_package_SuperAux.lisp, /home/yohei/rl_ws/devel/share/common-lisp/ros/segway_msgs/msg/_package_SuperAux.lisp)
Linked: (/home/yohei/rl_ws/devel/.private/segway_msgs/share/common-lisp/ros/segway_msgs/msg/SuperAux.lisp, /home/yohei/rl_ws/devel/share/common-lisp/ros/segway_msgs/msg/SuperAux.lisp)
Linked: (/home/yohei/rl_ws/devel/.private/segway_msgs/share/common-lisp/ros/segway_msgs/msg/Dynamics.lisp, /home/yohei/rl_ws/devel/share/common-lisp/ros/segway_msgs/msg/Dynamics.lisp)
Linked: (/home/yohei/rl_ws/devel/.private/segway_msgs/share/common-lisp/ros/segway_msgs/msg/Configuration.lisp, /home/yohei/rl_ws/devel/share/common-lisp/ros/segway_msgs/msg/Configuration.lisp)
Linked: (/home/yohei/rl_ws/devel/.private/segway_msgs/share/common-lisp/ros/segway_msgs/msg/_package_Configuration.lisp, /home/yohei/rl_ws/devel/share/common-lisp/ros/segway_msgs/msg/_package_Configuration.lisp)
Linked: (/home/yohei/rl_ws/devel/.private/segway_msgs/share/common-lisp/ros/segway_msgs/msg/_package_Propulsion.lisp, /home/yohei/rl_ws/devel/share/common-lisp/ros/segway_msgs/msg/_package_Propulsion.lisp)
Linked: (/home/yohei/rl_ws/devel/.private/segway_msgs/share/common-lisp/ros/segway_msgs/msg/_package.lisp, /home/yohei/rl_ws/devel/share/common-lisp/ros/segway_msgs/msg/_package.lisp)
Linked: (/home/yohei/rl_ws/devel/.private/segway_msgs/share/common-lisp/ros/segway_msgs/msg/_package_Dynamics.lisp, /home/yohei/rl_ws/devel/share/common-lisp/ros/segway_msgs/msg/_package_Dynamics.lisp)
Linked: (/home/yohei/rl_ws/devel/.private/segway_msgs/share/common-lisp/ros/segway_msgs/msg/_package_Status.lisp, /home/yohei/rl_ws/devel/share/common-lisp/ros/segway_msgs/msg/_package_Status.lisp)
Linked: (/home/yohei/rl_ws/devel/.private/segway_msgs/share/common-lisp/ros/segway_msgs/msg/AuxPower.lisp, /home/yohei/rl_ws/devel/share/common-lisp/ros/segway_msgs/msg/AuxPower.lisp)
Linked: (/home/yohei/rl_ws/devel/.private/segway_msgs/share/common-lisp/ros/segway_msgs/msg/segway_msgs-msg.asd, /home/yohei/rl_ws/devel/share/common-lisp/ros/segway_msgs/msg/segway_msgs-msg.asd)
Linked: (/home/yohei/rl_ws/devel/.private/segway_msgs/share/common-lisp/ros/segway_msgs/msg/_package_Faultlog.lisp, /home/yohei/rl_ws/devel/share/common-lisp/ros/segway_msgs/msg/_package_Faultlog.lisp)
Linked: (/home/yohei/rl_ws/devel/.private/segway_msgs/share/common-lisp/ros/segway_msgs/msg/Status.lisp, /home/yohei/rl_ws/devel/share/common-lisp/ros/segway_msgs/msg/Status.lisp)
Linked: (/home/yohei/rl_ws/devel/.private/segway_msgs/share/common-lisp/ros/segway_msgs/msg/_package_ConfigCmd.lisp, /home/yohei/rl_ws/devel/share/common-lisp/ros/segway_msgs/msg/_package_ConfigCmd.lisp)
Linked: (/home/yohei/rl_ws/devel/.private/segway_msgs/share/common-lisp/ros/segway_msgs/msg/ConfigCmd.lisp, /home/yohei/rl_ws/devel/share/common-lisp/ros/segway_msgs/msg/ConfigCmd.lisp)
Linked: (/home/yohei/rl_ws/devel/.private/segway_msgs/share/common-lisp/ros/segway_msgs/msg/Faultlog.lisp, /home/yohei/rl_ws/devel/share/common-lisp/ros/segway_msgs/msg/Faultlog.lisp)
Linked: (/home/yohei/rl_ws/devel/.private/segway_msgs/share/common-lisp/ros/segway_msgs/msg/_package_AuxPower.lisp, /home/yohei/rl_ws/devel/share/common-lisp/ros/segway_msgs/msg/_package_AuxPower.lisp)
Linked: (/home/yohei/rl_ws/devel/.private/segway_msgs/share/common-lisp/ros/segway_msgs/msg/Propulsion.lisp, /home/yohei/rl_ws/devel/share/common-lisp/ros/segway_msgs/msg/Propulsion.lisp)
Linked: (/home/yohei/rl_ws/devel/.private/segway_msgs/share/segway_msgs/cmake/segway_msgs-msg-paths.cmake, /home/yohei/rl_ws/devel/share/segway_msgs/cmake/segway_msgs-msg-paths.cmake)
Linked: (/home/yohei/rl_ws/devel/.private/segway_msgs/share/segway_msgs/cmake/segway_msgsConfig.cmake, /home/yohei/rl_ws/devel/share/segway_msgs/cmake/segway_msgsConfig.cmake)
Linked: (/home/yohei/rl_ws/devel/.private/segway_msgs/share/segway_msgs/cmake/segway_msgsConfig-version.cmake, /home/yohei/rl_ws/devel/share/segway_msgs/cmake/segway_msgsConfig-version.cmake)
Linked: (/home/yohei/rl_ws/devel/.private/segway_msgs/share/segway_msgs/cmake/segway_msgs-msg-extras.cmake, /home/yohei/rl_ws/devel/share/segway_msgs/cmake/segway_msgs-msg-extras.cmake)
Linked: (/home/yohei/rl_ws/devel/.private/segway_msgs/include/segway_msgs/Status.h, /home/yohei/rl_ws/devel/include/segway_msgs/Status.h)
Linked: (/home/yohei/rl_ws/devel/.private/segway_msgs/include/segway_msgs/SuperAux.h, /home/yohei/rl_ws/devel/include/segway_msgs/SuperAux.h)
Linked: (/home/yohei/rl_ws/devel/.private/segway_msgs/include/segway_msgs/Faultlog.h, /home/yohei/rl_ws/devel/include/segway_msgs/Faultlog.h)
Linked: (/home/yohei/rl_ws/devel/.private/segway_msgs/include/segway_msgs/Dynamics.h, /home/yohei/rl_ws/devel/include/segway_msgs/Dynamics.h)
Linked: (/home/yohei/rl_ws/devel/.private/segway_msgs/include/segway_msgs/AuxPower.h, /home/yohei/rl_ws/devel/include/segway_msgs/AuxPower.h)
Linked: (/home/yohei/rl_ws/devel/.private/segway_msgs/include/segway_msgs/Configuration.h, /home/yohei/rl_ws/devel/include/segway_msgs/Configuration.h)
Linked: (/home/yohei/rl_ws/devel/.private/segway_msgs/include/segway_msgs/ConfigCmd.h, /home/yohei/rl_ws/devel/include/segway_msgs/ConfigCmd.h)
Linked: (/home/yohei/rl_ws/devel/.private/segway_msgs/include/segway_msgs/Propulsion.h, /home/yohei/rl_ws/devel/include/segway_msgs/Propulsion.h)
Linked: (/home/yohei/rl_ws/devel/.private/segway_msgs/lib/python2.7/dist-packages/segway_msgs/__init__.py, /home/yohei/rl_ws/devel/lib/python2.7/dist-packages/segway_msgs/__init__.py)
Linked: (/home/yohei/rl_ws/devel/.private/segway_msgs/lib/python2.7/dist-packages/segway_msgs/msg/_Propulsion.py, /home/yohei/rl_ws/devel/lib/python2.7/dist-packages/segway_msgs/msg/_Propulsion.py)
Linked: (/home/yohei/rl_ws/devel/.private/segway_msgs/lib/python2.7/dist-packages/segway_msgs/msg/_Configuration.py, /home/yohei/rl_ws/devel/lib/python2.7/dist-packages/segway_msgs/msg/_Configuration.py)
Linked: (/home/yohei/rl_ws/devel/.private/segway_msgs/lib/python2.7/dist-packages/segway_msgs/msg/_SuperAux.py, /home/yohei/rl_ws/devel/lib/python2.7/dist-packages/segway_msgs/msg/_SuperAux.py)
Linked: (/home/yohei/rl_ws/devel/.private/segway_msgs/lib/python2.7/dist-packages/segway_msgs/msg/_AuxPower.py, /home/yohei/rl_ws/devel/lib/python2.7/dist-packages/segway_msgs/msg/_AuxPower.py)
Linked: (/home/yohei/rl_ws/devel/.private/segway_msgs/lib/python2.7/dist-packages/segway_msgs/msg/_Dynamics.py, /home/yohei/rl_ws/devel/lib/python2.7/dist-packages/segway_msgs/msg/_Dynamics.py)
Linked: (/home/yohei/rl_ws/devel/.private/segway_msgs/lib/python2.7/dist-packages/segway_msgs/msg/_ConfigCmd.py, /home/yohei/rl_ws/devel/lib/python2.7/dist-packages/segway_msgs/msg/_ConfigCmd.py)
Linked: (/home/yohei/rl_ws/devel/.private/segway_msgs/lib/python2.7/dist-packages/segway_msgs/msg/__init__.py, /home/yohei/rl_ws/devel/lib/python2.7/dist-packages/segway_msgs/msg/__init__.py)
Linked: (/home/yohei/rl_ws/devel/.private/segway_msgs/lib/python2.7/dist-packages/segway_msgs/msg/_Status.py, /home/yohei/rl_ws/devel/lib/python2.7/dist-packages/segway_msgs/msg/_Status.py)
Linked: (/home/yohei/rl_ws/devel/.private/segway_msgs/lib/python2.7/dist-packages/segway_msgs/msg/_Faultlog.py, /home/yohei/rl_ws/devel/lib/python2.7/dist-packages/segway_msgs/msg/_Faultlog.py)
Linked: (/home/yohei/rl_ws/devel/.private/segway_msgs/lib/pkgconfig/segway_msgs.pc, /home/yohei/rl_ws/devel/lib/pkgconfig/segway_msgs.pc)
