Symlinking /home/yohei/rl_ws/devel/share/roseus/ros/segway_msgs/manifest.l
Symlinking /home/yohei/rl_ws/devel/share/roseus/ros/segway_msgs/msg/ConfigCmd.l
Symlinking /home/yohei/rl_ws/devel/share/roseus/ros/segway_msgs/msg/SuperAux.l
Symlinking /home/yohei/rl_ws/devel/share/roseus/ros/segway_msgs/msg/Status.l
Symlinking /home/yohei/rl_ws/devel/share/roseus/ros/segway_msgs/msg/Configuration.l
Symlinking /home/yohei/rl_ws/devel/share/roseus/ros/segway_msgs/msg/Faultlog.l
Symlinking /home/yohei/rl_ws/devel/share/roseus/ros/segway_msgs/msg/Propulsion.l
Symlinking /home/yohei/rl_ws/devel/share/roseus/ros/segway_msgs/msg/AuxPower.l
Symlinking /home/yohei/rl_ws/devel/share/roseus/ros/segway_msgs/msg/Dynamics.l
Symlinking /home/yohei/rl_ws/devel/share/gennodejs/ros/segway_msgs/_index.js
Symlinking /home/yohei/rl_ws/devel/share/gennodejs/ros/segway_msgs/msg/Propulsion.js
Symlinking /home/yohei/rl_ws/devel/share/gennodejs/ros/segway_msgs/msg/ConfigCmd.js
Symlinking /home/yohei/rl_ws/devel/share/gennodejs/ros/segway_msgs/msg/AuxPower.js
Symlinking /home/yohei/rl_ws/devel/share/gennodejs/ros/segway_msgs/msg/Dynamics.js
Symlinking /home/yohei/rl_ws/devel/share/gennodejs/ros/segway_msgs/msg/SuperAux.js
Symlinking /home/yohei/rl_ws/devel/share/gennodejs/ros/segway_msgs/msg/Configuration.js
Symlinking /home/yohei/rl_ws/devel/share/gennodejs/ros/segway_msgs/msg/_index.js
Symlinking /home/yohei/rl_ws/devel/share/gennodejs/ros/segway_msgs/msg/Faultlog.js
Symlinking /home/yohei/rl_ws/devel/share/gennodejs/ros/segway_msgs/msg/Status.js
Symlinking /home/yohei/rl_ws/devel/share/common-lisp/ros/segway_msgs/msg/_package_SuperAux.lisp
Symlinking /home/yohei/rl_ws/devel/share/common-lisp/ros/segway_msgs/msg/SuperAux.lisp
Symlinking /home/yohei/rl_ws/devel/share/common-lisp/ros/segway_msgs/msg/Dynamics.lisp
Symlinking /home/yohei/rl_ws/devel/share/common-lisp/ros/segway_msgs/msg/Configuration.lisp
Symlinking /home/yohei/rl_ws/devel/share/common-lisp/ros/segway_msgs/msg/_package_Configuration.lisp
Symlinking /home/yohei/rl_ws/devel/share/common-lisp/ros/segway_msgs/msg/_package_Propulsion.lisp
Symlinking /home/yohei/rl_ws/devel/share/common-lisp/ros/segway_msgs/msg/_package.lisp
Symlinking /home/yohei/rl_ws/devel/share/common-lisp/ros/segway_msgs/msg/_package_Dynamics.lisp
Symlinking /home/yohei/rl_ws/devel/share/common-lisp/ros/segway_msgs/msg/_package_Status.lisp
Symlinking /home/yohei/rl_ws/devel/share/common-lisp/ros/segway_msgs/msg/AuxPower.lisp
Symlinking /home/yohei/rl_ws/devel/share/common-lisp/ros/segway_msgs/msg/segway_msgs-msg.asd
Symlinking /home/yohei/rl_ws/devel/share/common-lisp/ros/segway_msgs/msg/_package_Faultlog.lisp
Symlinking /home/yohei/rl_ws/devel/share/common-lisp/ros/segway_msgs/msg/Status.lisp
Symlinking /home/yohei/rl_ws/devel/share/common-lisp/ros/segway_msgs/msg/_package_ConfigCmd.lisp
Symlinking /home/yohei/rl_ws/devel/share/common-lisp/ros/segway_msgs/msg/ConfigCmd.lisp
Symlinking /home/yohei/rl_ws/devel/share/common-lisp/ros/segway_msgs/msg/Faultlog.lisp
Symlinking /home/yohei/rl_ws/devel/share/common-lisp/ros/segway_msgs/msg/_package_AuxPower.lisp
Symlinking /home/yohei/rl_ws/devel/share/common-lisp/ros/segway_msgs/msg/Propulsion.lisp
Symlinking /home/yohei/rl_ws/devel/share/segway_msgs/cmake/segway_msgs-msg-paths.cmake
Symlinking /home/yohei/rl_ws/devel/share/segway_msgs/cmake/segway_msgsConfig.cmake
Symlinking /home/yohei/rl_ws/devel/share/segway_msgs/cmake/segway_msgsConfig-version.cmake
Symlinking /home/yohei/rl_ws/devel/share/segway_msgs/cmake/segway_msgs-msg-extras.cmake
Symlinking /home/yohei/rl_ws/devel/include/segway_msgs/Status.h
Symlinking /home/yohei/rl_ws/devel/include/segway_msgs/SuperAux.h
Symlinking /home/yohei/rl_ws/devel/include/segway_msgs/Faultlog.h
Symlinking /home/yohei/rl_ws/devel/include/segway_msgs/Dynamics.h
Symlinking /home/yohei/rl_ws/devel/include/segway_msgs/AuxPower.h
Symlinking /home/yohei/rl_ws/devel/include/segway_msgs/Configuration.h
Symlinking /home/yohei/rl_ws/devel/include/segway_msgs/ConfigCmd.h
Symlinking /home/yohei/rl_ws/devel/include/segway_msgs/Propulsion.h
Symlinking /home/yohei/rl_ws/devel/lib/python2.7/dist-packages/segway_msgs/__init__.py
Symlinking /home/yohei/rl_ws/devel/lib/python2.7/dist-packages/segway_msgs/msg/_Propulsion.py
Symlinking /home/yohei/rl_ws/devel/lib/python2.7/dist-packages/segway_msgs/msg/_Configuration.py
Symlinking /home/yohei/rl_ws/devel/lib/python2.7/dist-packages/segway_msgs/msg/_SuperAux.py
Symlinking /home/yohei/rl_ws/devel/lib/python2.7/dist-packages/segway_msgs/msg/_AuxPower.py
Symlinking /home/yohei/rl_ws/devel/lib/python2.7/dist-packages/segway_msgs/msg/_Dynamics.py
Symlinking /home/yohei/rl_ws/devel/lib/python2.7/dist-packages/segway_msgs/msg/_ConfigCmd.py
Symlinking /home/yohei/rl_ws/devel/lib/python2.7/dist-packages/segway_msgs/msg/__init__.py
Symlinking /home/yohei/rl_ws/devel/lib/python2.7/dist-packages/segway_msgs/msg/_Status.py
Symlinking /home/yohei/rl_ws/devel/lib/python2.7/dist-packages/segway_msgs/msg/_Faultlog.py
Symlinking /home/yohei/rl_ws/devel/lib/pkgconfig/segway_msgs.pc
