Determining if the pthread_create exist failed with the following output:
Change Dir: /home/yohei/rl_ws/build/bwi_joystick_teleop/CMakeFiles/CMakeTmp

Run Build Command:"/usr/bin/make" "cmTC_c8069/fast"
/usr/bin/make -f CMakeFiles/cmTC_c8069.dir/build.make CMakeFiles/cmTC_c8069.dir/build
make[1]: Entering directory '/home/yohei/rl_ws/build/bwi_joystick_teleop/CMakeFiles/CMakeTmp'
Building C object CMakeFiles/cmTC_c8069.dir/CheckSymbolExists.c.o
/usr/bin/cc     -o CMakeFiles/cmTC_c8069.dir/CheckSymbolExists.c.o   -c /home/yohei/rl_ws/build/bwi_joystick_teleop/CMakeFiles/CMakeTmp/CheckSymbolExists.c
Linking C executable cmTC_c8069
/usr/bin/cmake -E cmake_link_script CMakeFiles/cmTC_c8069.dir/link.txt --verbose=1
/usr/bin/cc       CMakeFiles/cmTC_c8069.dir/CheckSymbolExists.c.o  -o cmTC_c8069 -rdynamic 
CMakeFiles/cmTC_c8069.dir/CheckSymbolExists.c.o: In function `main':
CheckSymbolExists.c:(.text+0x16): undefined reference to `pthread_create'
collect2: error: ld returned 1 exit status
CMakeFiles/cmTC_c8069.dir/build.make:97: recipe for target 'cmTC_c8069' failed
make[1]: *** [cmTC_c8069] Error 1
make[1]: Leaving directory '/home/yohei/rl_ws/build/bwi_joystick_teleop/CMakeFiles/CMakeTmp'
Makefile:126: recipe for target 'cmTC_c8069/fast' failed
make: *** [cmTC_c8069/fast] Error 2

File /home/yohei/rl_ws/build/bwi_joystick_teleop/CMakeFiles/CMakeTmp/CheckSymbolExists.c:
/* */
#include <pthread.h>

int main(int argc, char** argv)
{
  (void)argv;
#ifndef pthread_create
  return ((int*)(&pthread_create))[argc];
#else
  (void)argc;
  return 0;
#endif
}

Determining if the function pthread_create exists in the pthreads failed with the following output:
Change Dir: /home/yohei/rl_ws/build/bwi_joystick_teleop/CMakeFiles/CMakeTmp

Run Build Command:"/usr/bin/make" "cmTC_6b240/fast"
/usr/bin/make -f CMakeFiles/cmTC_6b240.dir/build.make CMakeFiles/cmTC_6b240.dir/build
make[1]: Entering directory '/home/yohei/rl_ws/build/bwi_joystick_teleop/CMakeFiles/CMakeTmp'
Building C object CMakeFiles/cmTC_6b240.dir/CheckFunctionExists.c.o
/usr/bin/cc    -DCHECK_FUNCTION_EXISTS=pthread_create   -o CMakeFiles/cmTC_6b240.dir/CheckFunctionExists.c.o   -c /usr/share/cmake-3.5/Modules/CheckFunctionExists.c
Linking C executable cmTC_6b240
/usr/bin/cmake -E cmake_link_script CMakeFiles/cmTC_6b240.dir/link.txt --verbose=1
/usr/bin/cc   -DCHECK_FUNCTION_EXISTS=pthread_create    CMakeFiles/cmTC_6b240.dir/CheckFunctionExists.c.o  -o cmTC_6b240 -rdynamic -lpthreads 
/usr/bin/ld: cannot find -lpthreads
collect2: error: ld returned 1 exit status
CMakeFiles/cmTC_6b240.dir/build.make:97: recipe for target 'cmTC_6b240' failed
make[1]: *** [cmTC_6b240] Error 1
make[1]: Leaving directory '/home/yohei/rl_ws/build/bwi_joystick_teleop/CMakeFiles/CMakeTmp'
Makefile:126: recipe for target 'cmTC_6b240/fast' failed
make: *** [cmTC_6b240/fast] Error 2


