Linked: (/home/yohei/rl_ws/devel/.private/multi_level_map_msgs/share/roseus/ros/multi_level_map_msgs/manifest.l, /home/yohei/rl_ws/devel/share/roseus/ros/multi_level_map_msgs/manifest.l)
Linked: (/home/yohei/rl_ws/devel/.private/multi_level_map_msgs/share/roseus/ros/multi_level_map_msgs/srv/ChangeCurrentLevel.l, /home/yohei/rl_ws/devel/share/roseus/ros/multi_level_map_msgs/srv/ChangeCurrentLevel.l)
Linked: (/home/yohei/rl_ws/devel/.private/multi_level_map_msgs/share/roseus/ros/multi_level_map_msgs/msg/LevelMetaData.l, /home/yohei/rl_ws/devel/share/roseus/ros/multi_level_map_msgs/msg/LevelMetaData.l)
Linked: (/home/yohei/rl_ws/devel/.private/multi_level_map_msgs/share/roseus/ros/multi_level_map_msgs/msg/MultiLevelMapData.l, /home/yohei/rl_ws/devel/share/roseus/ros/multi_level_map_msgs/msg/MultiLevelMapData.l)
Linked: (/home/yohei/rl_ws/devel/.private/multi_level_map_msgs/share/roseus/ros/multi_level_map_msgs/msg/MultiLevelMapPoint.l, /home/yohei/rl_ws/devel/share/roseus/ros/multi_level_map_msgs/msg/MultiLevelMapPoint.l)
Linked: (/home/yohei/rl_ws/devel/.private/multi_level_map_msgs/share/roseus/ros/multi_level_map_msgs/msg/MultiLevelMapLink.l, /home/yohei/rl_ws/devel/share/roseus/ros/multi_level_map_msgs/msg/MultiLevelMapLink.l)
Linked: (/home/yohei/rl_ws/devel/.private/multi_level_map_msgs/share/gennodejs/ros/multi_level_map_msgs/_index.js, /home/yohei/rl_ws/devel/share/gennodejs/ros/multi_level_map_msgs/_index.js)
Linked: (/home/yohei/rl_ws/devel/.private/multi_level_map_msgs/share/gennodejs/ros/multi_level_map_msgs/srv/ChangeCurrentLevel.js, /home/yohei/rl_ws/devel/share/gennodejs/ros/multi_level_map_msgs/srv/ChangeCurrentLevel.js)
Linked: (/home/yohei/rl_ws/devel/.private/multi_level_map_msgs/share/gennodejs/ros/multi_level_map_msgs/srv/_index.js, /home/yohei/rl_ws/devel/share/gennodejs/ros/multi_level_map_msgs/srv/_index.js)
Linked: (/home/yohei/rl_ws/devel/.private/multi_level_map_msgs/share/gennodejs/ros/multi_level_map_msgs/msg/MultiLevelMapLink.js, /home/yohei/rl_ws/devel/share/gennodejs/ros/multi_level_map_msgs/msg/MultiLevelMapLink.js)
Linked: (/home/yohei/rl_ws/devel/.private/multi_level_map_msgs/share/gennodejs/ros/multi_level_map_msgs/msg/MultiLevelMapPoint.js, /home/yohei/rl_ws/devel/share/gennodejs/ros/multi_level_map_msgs/msg/MultiLevelMapPoint.js)
Linked: (/home/yohei/rl_ws/devel/.private/multi_level_map_msgs/share/gennodejs/ros/multi_level_map_msgs/msg/_index.js, /home/yohei/rl_ws/devel/share/gennodejs/ros/multi_level_map_msgs/msg/_index.js)
Linked: (/home/yohei/rl_ws/devel/.private/multi_level_map_msgs/share/gennodejs/ros/multi_level_map_msgs/msg/MultiLevelMapData.js, /home/yohei/rl_ws/devel/share/gennodejs/ros/multi_level_map_msgs/msg/MultiLevelMapData.js)
Linked: (/home/yohei/rl_ws/devel/.private/multi_level_map_msgs/share/gennodejs/ros/multi_level_map_msgs/msg/LevelMetaData.js, /home/yohei/rl_ws/devel/share/gennodejs/ros/multi_level_map_msgs/msg/LevelMetaData.js)
Linked: (/home/yohei/rl_ws/devel/.private/multi_level_map_msgs/share/common-lisp/ros/multi_level_map_msgs/srv/multi_level_map_msgs-srv.asd, /home/yohei/rl_ws/devel/share/common-lisp/ros/multi_level_map_msgs/srv/multi_level_map_msgs-srv.asd)
Linked: (/home/yohei/rl_ws/devel/.private/multi_level_map_msgs/share/common-lisp/ros/multi_level_map_msgs/srv/_package.lisp, /home/yohei/rl_ws/devel/share/common-lisp/ros/multi_level_map_msgs/srv/_package.lisp)
Linked: (/home/yohei/rl_ws/devel/.private/multi_level_map_msgs/share/common-lisp/ros/multi_level_map_msgs/srv/_package_ChangeCurrentLevel.lisp, /home/yohei/rl_ws/devel/share/common-lisp/ros/multi_level_map_msgs/srv/_package_ChangeCurrentLevel.lisp)
Linked: (/home/yohei/rl_ws/devel/.private/multi_level_map_msgs/share/common-lisp/ros/multi_level_map_msgs/srv/ChangeCurrentLevel.lisp, /home/yohei/rl_ws/devel/share/common-lisp/ros/multi_level_map_msgs/srv/ChangeCurrentLevel.lisp)
Linked: (/home/yohei/rl_ws/devel/.private/multi_level_map_msgs/share/common-lisp/ros/multi_level_map_msgs/msg/multi_level_map_msgs-msg.asd, /home/yohei/rl_ws/devel/share/common-lisp/ros/multi_level_map_msgs/msg/multi_level_map_msgs-msg.asd)
Linked: (/home/yohei/rl_ws/devel/.private/multi_level_map_msgs/share/common-lisp/ros/multi_level_map_msgs/msg/MultiLevelMapLink.lisp, /home/yohei/rl_ws/devel/share/common-lisp/ros/multi_level_map_msgs/msg/MultiLevelMapLink.lisp)
Linked: (/home/yohei/rl_ws/devel/.private/multi_level_map_msgs/share/common-lisp/ros/multi_level_map_msgs/msg/_package_MultiLevelMapData.lisp, /home/yohei/rl_ws/devel/share/common-lisp/ros/multi_level_map_msgs/msg/_package_MultiLevelMapData.lisp)
Linked: (/home/yohei/rl_ws/devel/.private/multi_level_map_msgs/share/common-lisp/ros/multi_level_map_msgs/msg/LevelMetaData.lisp, /home/yohei/rl_ws/devel/share/common-lisp/ros/multi_level_map_msgs/msg/LevelMetaData.lisp)
Linked: (/home/yohei/rl_ws/devel/.private/multi_level_map_msgs/share/common-lisp/ros/multi_level_map_msgs/msg/_package_LevelMetaData.lisp, /home/yohei/rl_ws/devel/share/common-lisp/ros/multi_level_map_msgs/msg/_package_LevelMetaData.lisp)
Linked: (/home/yohei/rl_ws/devel/.private/multi_level_map_msgs/share/common-lisp/ros/multi_level_map_msgs/msg/MultiLevelMapPoint.lisp, /home/yohei/rl_ws/devel/share/common-lisp/ros/multi_level_map_msgs/msg/MultiLevelMapPoint.lisp)
Linked: (/home/yohei/rl_ws/devel/.private/multi_level_map_msgs/share/common-lisp/ros/multi_level_map_msgs/msg/_package.lisp, /home/yohei/rl_ws/devel/share/common-lisp/ros/multi_level_map_msgs/msg/_package.lisp)
Linked: (/home/yohei/rl_ws/devel/.private/multi_level_map_msgs/share/common-lisp/ros/multi_level_map_msgs/msg/MultiLevelMapData.lisp, /home/yohei/rl_ws/devel/share/common-lisp/ros/multi_level_map_msgs/msg/MultiLevelMapData.lisp)
Linked: (/home/yohei/rl_ws/devel/.private/multi_level_map_msgs/share/common-lisp/ros/multi_level_map_msgs/msg/_package_MultiLevelMapLink.lisp, /home/yohei/rl_ws/devel/share/common-lisp/ros/multi_level_map_msgs/msg/_package_MultiLevelMapLink.lisp)
Linked: (/home/yohei/rl_ws/devel/.private/multi_level_map_msgs/share/common-lisp/ros/multi_level_map_msgs/msg/_package_MultiLevelMapPoint.lisp, /home/yohei/rl_ws/devel/share/common-lisp/ros/multi_level_map_msgs/msg/_package_MultiLevelMapPoint.lisp)
Linked: (/home/yohei/rl_ws/devel/.private/multi_level_map_msgs/share/multi_level_map_msgs/cmake/multi_level_map_msgs-msg-extras.cmake, /home/yohei/rl_ws/devel/share/multi_level_map_msgs/cmake/multi_level_map_msgs-msg-extras.cmake)
Linked: (/home/yohei/rl_ws/devel/.private/multi_level_map_msgs/share/multi_level_map_msgs/cmake/multi_level_map_msgsConfig-version.cmake, /home/yohei/rl_ws/devel/share/multi_level_map_msgs/cmake/multi_level_map_msgsConfig-version.cmake)
Linked: (/home/yohei/rl_ws/devel/.private/multi_level_map_msgs/share/multi_level_map_msgs/cmake/multi_level_map_msgs-msg-paths.cmake, /home/yohei/rl_ws/devel/share/multi_level_map_msgs/cmake/multi_level_map_msgs-msg-paths.cmake)
Linked: (/home/yohei/rl_ws/devel/.private/multi_level_map_msgs/share/multi_level_map_msgs/cmake/multi_level_map_msgsConfig.cmake, /home/yohei/rl_ws/devel/share/multi_level_map_msgs/cmake/multi_level_map_msgsConfig.cmake)
Linked: (/home/yohei/rl_ws/devel/.private/multi_level_map_msgs/include/multi_level_map_msgs/MultiLevelMapPoint.h, /home/yohei/rl_ws/devel/include/multi_level_map_msgs/MultiLevelMapPoint.h)
Linked: (/home/yohei/rl_ws/devel/.private/multi_level_map_msgs/include/multi_level_map_msgs/MultiLevelMapData.h, /home/yohei/rl_ws/devel/include/multi_level_map_msgs/MultiLevelMapData.h)
Linked: (/home/yohei/rl_ws/devel/.private/multi_level_map_msgs/include/multi_level_map_msgs/ChangeCurrentLevelResponse.h, /home/yohei/rl_ws/devel/include/multi_level_map_msgs/ChangeCurrentLevelResponse.h)
Linked: (/home/yohei/rl_ws/devel/.private/multi_level_map_msgs/include/multi_level_map_msgs/MultiLevelMapLink.h, /home/yohei/rl_ws/devel/include/multi_level_map_msgs/MultiLevelMapLink.h)
Linked: (/home/yohei/rl_ws/devel/.private/multi_level_map_msgs/include/multi_level_map_msgs/ChangeCurrentLevel.h, /home/yohei/rl_ws/devel/include/multi_level_map_msgs/ChangeCurrentLevel.h)
Linked: (/home/yohei/rl_ws/devel/.private/multi_level_map_msgs/include/multi_level_map_msgs/LevelMetaData.h, /home/yohei/rl_ws/devel/include/multi_level_map_msgs/LevelMetaData.h)
Linked: (/home/yohei/rl_ws/devel/.private/multi_level_map_msgs/include/multi_level_map_msgs/ChangeCurrentLevelRequest.h, /home/yohei/rl_ws/devel/include/multi_level_map_msgs/ChangeCurrentLevelRequest.h)
Linked: (/home/yohei/rl_ws/devel/.private/multi_level_map_msgs/lib/python2.7/dist-packages/multi_level_map_msgs/__init__.py, /home/yohei/rl_ws/devel/lib/python2.7/dist-packages/multi_level_map_msgs/__init__.py)
Linked: (/home/yohei/rl_ws/devel/.private/multi_level_map_msgs/lib/python2.7/dist-packages/multi_level_map_msgs/srv/_ChangeCurrentLevel.py, /home/yohei/rl_ws/devel/lib/python2.7/dist-packages/multi_level_map_msgs/srv/_ChangeCurrentLevel.py)
Linked: (/home/yohei/rl_ws/devel/.private/multi_level_map_msgs/lib/python2.7/dist-packages/multi_level_map_msgs/srv/__init__.py, /home/yohei/rl_ws/devel/lib/python2.7/dist-packages/multi_level_map_msgs/srv/__init__.py)
Linked: (/home/yohei/rl_ws/devel/.private/multi_level_map_msgs/lib/python2.7/dist-packages/multi_level_map_msgs/msg/_LevelMetaData.py, /home/yohei/rl_ws/devel/lib/python2.7/dist-packages/multi_level_map_msgs/msg/_LevelMetaData.py)
Linked: (/home/yohei/rl_ws/devel/.private/multi_level_map_msgs/lib/python2.7/dist-packages/multi_level_map_msgs/msg/_MultiLevelMapPoint.py, /home/yohei/rl_ws/devel/lib/python2.7/dist-packages/multi_level_map_msgs/msg/_MultiLevelMapPoint.py)
Linked: (/home/yohei/rl_ws/devel/.private/multi_level_map_msgs/lib/python2.7/dist-packages/multi_level_map_msgs/msg/__init__.py, /home/yohei/rl_ws/devel/lib/python2.7/dist-packages/multi_level_map_msgs/msg/__init__.py)
Linked: (/home/yohei/rl_ws/devel/.private/multi_level_map_msgs/lib/python2.7/dist-packages/multi_level_map_msgs/msg/_MultiLevelMapData.py, /home/yohei/rl_ws/devel/lib/python2.7/dist-packages/multi_level_map_msgs/msg/_MultiLevelMapData.py)
Linked: (/home/yohei/rl_ws/devel/.private/multi_level_map_msgs/lib/python2.7/dist-packages/multi_level_map_msgs/msg/_MultiLevelMapLink.py, /home/yohei/rl_ws/devel/lib/python2.7/dist-packages/multi_level_map_msgs/msg/_MultiLevelMapLink.py)
Linked: (/home/yohei/rl_ws/devel/.private/multi_level_map_msgs/lib/pkgconfig/multi_level_map_msgs.pc, /home/yohei/rl_ws/devel/lib/pkgconfig/multi_level_map_msgs.pc)
