[35m[1mScanning dependencies of target _multi_level_map_msgs_generate_messages_check_deps_ChangeCurrentLevel[0m
[  0%] Built target _multi_level_map_msgs_generate_messages_check_deps_ChangeCurrentLevel
[35m[1mScanning dependencies of target nav_msgs_generate_messages_py[0m
[  0%] Built target nav_msgs_generate_messages_py
[35m[1mScanning dependencies of target _multi_level_map_msgs_generate_messages_check_deps_LevelMetaData[0m
[  0%] Built target _multi_level_map_msgs_generate_messages_check_deps_LevelMetaData
[35m[1mScanning dependencies of target _multi_level_map_msgs_generate_messages_check_deps_MultiLevelMapPoint[0m
[  0%] Built target _multi_level_map_msgs_generate_messages_check_deps_MultiLevelMapPoint
[35m[1mScanning dependencies of target geometry_msgs_generate_messages_py[0m
[  0%] Built target geometry_msgs_generate_messages_py
[35m[1mScanning dependencies of target _multi_level_map_msgs_generate_messages_check_deps_MultiLevelMapLink[0m
[  0%] Built target _multi_level_map_msgs_generate_messages_check_deps_MultiLevelMapLink
[35m[1mScanning dependencies of target _multi_level_map_msgs_generate_messages_check_deps_MultiLevelMapData[0m
[  0%] Built target _multi_level_map_msgs_generate_messages_check_deps_MultiLevelMapData
[35m[1mScanning dependencies of target geometry_msgs_generate_messages_cpp[0m
[  0%] Built target geometry_msgs_generate_messages_cpp
[35m[1mScanning dependencies of target nav_msgs_generate_messages_cpp[0m
[  0%] Built target nav_msgs_generate_messages_cpp
[35m[1mScanning dependencies of target geometry_msgs_generate_messages_nodejs[0m
[  0%] Built target geometry_msgs_generate_messages_nodejs
[35m[1mScanning dependencies of target nav_msgs_generate_messages_nodejs[0m
[  0%] Built target nav_msgs_generate_messages_nodejs
[35m[1mScanning dependencies of target nav_msgs_generate_messages_eus[0m
[  0%] Built target nav_msgs_generate_messages_eus
[35m[1mScanning dependencies of target geometry_msgs_generate_messages_eus[0m
[  0%] Built target geometry_msgs_generate_messages_eus
[35m[1mScanning dependencies of target nav_msgs_generate_messages_lisp[0m
[  0%] Built target nav_msgs_generate_messages_lisp
[35m[1mScanning dependencies of target geometry_msgs_generate_messages_lisp[0m
[  0%] Built target geometry_msgs_generate_messages_lisp
[35m[1mScanning dependencies of target multi_level_map_msgs_generate_messages_py[0m
[  3%] [34m[1mGenerating Python from MSG multi_level_map_msgs/LevelMetaData[0m
[  7%] [34m[1mGenerating Python from MSG multi_level_map_msgs/MultiLevelMapLink[0m
[ 10%] [34m[1mGenerating Python from MSG multi_level_map_msgs/MultiLevelMapData[0m
[ 14%] [34m[1mGenerating Python from MSG multi_level_map_msgs/MultiLevelMapPoint[0m
[ 17%] [34m[1mGenerating Python code from SRV multi_level_map_msgs/ChangeCurrentLevel[0m
[ 21%] [34m[1mGenerating Python msg __init__.py for multi_level_map_msgs[0m
[ 25%] [34m[1mGenerating Python srv __init__.py for multi_level_map_msgs[0m
[ 25%] Built target multi_level_map_msgs_generate_messages_py
[35m[1mScanning dependencies of target multi_level_map_msgs_generate_messages_cpp[0m
[ 28%] [34m[1mGenerating C++ code from multi_level_map_msgs/LevelMetaData.msg[0m
[ 32%] [34m[1mGenerating C++ code from multi_level_map_msgs/MultiLevelMapLink.msg[0m
[ 35%] [34m[1mGenerating C++ code from multi_level_map_msgs/MultiLevelMapData.msg[0m
[ 39%] [34m[1mGenerating C++ code from multi_level_map_msgs/MultiLevelMapPoint.msg[0m
[ 42%] [34m[1mGenerating C++ code from multi_level_map_msgs/ChangeCurrentLevel.srv[0m
[ 42%] Built target multi_level_map_msgs_generate_messages_cpp
[35m[1mScanning dependencies of target multi_level_map_msgs_generate_messages_nodejs[0m
[ 46%] [34m[1mGenerating Javascript code from multi_level_map_msgs/LevelMetaData.msg[0m
[ 50%] [34m[1mGenerating Javascript code from multi_level_map_msgs/MultiLevelMapLink.msg[0m
[ 53%] [34m[1mGenerating Javascript code from multi_level_map_msgs/MultiLevelMapData.msg[0m
[ 57%] [34m[1mGenerating Javascript code from multi_level_map_msgs/MultiLevelMapPoint.msg[0m
[ 60%] [34m[1mGenerating Javascript code from multi_level_map_msgs/ChangeCurrentLevel.srv[0m
[ 60%] Built target multi_level_map_msgs_generate_messages_nodejs
[35m[1mScanning dependencies of target multi_level_map_msgs_generate_messages_eus[0m
[ 64%] [34m[1mGenerating EusLisp code from multi_level_map_msgs/LevelMetaData.msg[0m
[ 67%] [34m[1mGenerating EusLisp code from multi_level_map_msgs/MultiLevelMapLink.msg[0m
[ 71%] [34m[1mGenerating EusLisp code from multi_level_map_msgs/MultiLevelMapData.msg[0m
[ 75%] [34m[1mGenerating EusLisp code from multi_level_map_msgs/MultiLevelMapPoint.msg[0m
[ 78%] [34m[1mGenerating EusLisp code from multi_level_map_msgs/ChangeCurrentLevel.srv[0m
[ 82%] [34m[1mGenerating EusLisp manifest code for multi_level_map_msgs[0m
[ 82%] Built target multi_level_map_msgs_generate_messages_eus
[35m[1mScanning dependencies of target multi_level_map_msgs_generate_messages_lisp[0m
[ 85%] [34m[1mGenerating Lisp code from multi_level_map_msgs/LevelMetaData.msg[0m
[ 89%] [34m[1mGenerating Lisp code from multi_level_map_msgs/MultiLevelMapLink.msg[0m
[ 92%] [34m[1mGenerating Lisp code from multi_level_map_msgs/MultiLevelMapData.msg[0m
[ 96%] [34m[1mGenerating Lisp code from multi_level_map_msgs/MultiLevelMapPoint.msg[0m
[100%] [34m[1mGenerating Lisp code from multi_level_map_msgs/ChangeCurrentLevel.srv[0m
[100%] Built target multi_level_map_msgs_generate_messages_lisp
[35m[1mScanning dependencies of target multi_level_map_msgs_generate_messages[0m
[100%] Built target multi_level_map_msgs_generate_messages
