Determining if the pthread_create exist failed with the following output:
Change Dir: /home/yohei/rl_ws/build/bwi_logical_translator/CMakeFiles/CMakeTmp

Run Build Command:"/usr/bin/make" "cmTC_dc6ad/fast"
/usr/bin/make -f CMakeFiles/cmTC_dc6ad.dir/build.make CMakeFiles/cmTC_dc6ad.dir/build
make[1]: Entering directory '/home/yohei/rl_ws/build/bwi_logical_translator/CMakeFiles/CMakeTmp'
Building C object CMakeFiles/cmTC_dc6ad.dir/CheckSymbolExists.c.o
/usr/bin/cc     -o CMakeFiles/cmTC_dc6ad.dir/CheckSymbolExists.c.o   -c /home/yohei/rl_ws/build/bwi_logical_translator/CMakeFiles/CMakeTmp/CheckSymbolExists.c
Linking C executable cmTC_dc6ad
/usr/bin/cmake -E cmake_link_script CMakeFiles/cmTC_dc6ad.dir/link.txt --verbose=1
/usr/bin/cc       CMakeFiles/cmTC_dc6ad.dir/CheckSymbolExists.c.o  -o cmTC_dc6ad -rdynamic 
CMakeFiles/cmTC_dc6ad.dir/CheckSymbolExists.c.o: In function `main':
CheckSymbolExists.c:(.text+0x16): undefined reference to `pthread_create'
collect2: error: ld returned 1 exit status
CMakeFiles/cmTC_dc6ad.dir/build.make:97: recipe for target 'cmTC_dc6ad' failed
make[1]: *** [cmTC_dc6ad] Error 1
make[1]: Leaving directory '/home/yohei/rl_ws/build/bwi_logical_translator/CMakeFiles/CMakeTmp'
Makefile:126: recipe for target 'cmTC_dc6ad/fast' failed
make: *** [cmTC_dc6ad/fast] Error 2

File /home/yohei/rl_ws/build/bwi_logical_translator/CMakeFiles/CMakeTmp/CheckSymbolExists.c:
/* */
#include <pthread.h>

int main(int argc, char** argv)
{
  (void)argv;
#ifndef pthread_create
  return ((int*)(&pthread_create))[argc];
#else
  (void)argc;
  return 0;
#endif
}

Determining if the function pthread_create exists in the pthreads failed with the following output:
Change Dir: /home/yohei/rl_ws/build/bwi_logical_translator/CMakeFiles/CMakeTmp

Run Build Command:"/usr/bin/make" "cmTC_3d5ec/fast"
/usr/bin/make -f CMakeFiles/cmTC_3d5ec.dir/build.make CMakeFiles/cmTC_3d5ec.dir/build
make[1]: Entering directory '/home/yohei/rl_ws/build/bwi_logical_translator/CMakeFiles/CMakeTmp'
Building C object CMakeFiles/cmTC_3d5ec.dir/CheckFunctionExists.c.o
/usr/bin/cc    -DCHECK_FUNCTION_EXISTS=pthread_create   -o CMakeFiles/cmTC_3d5ec.dir/CheckFunctionExists.c.o   -c /usr/share/cmake-3.5/Modules/CheckFunctionExists.c
Linking C executable cmTC_3d5ec
/usr/bin/cmake -E cmake_link_script CMakeFiles/cmTC_3d5ec.dir/link.txt --verbose=1
/usr/bin/cc   -DCHECK_FUNCTION_EXISTS=pthread_create    CMakeFiles/cmTC_3d5ec.dir/CheckFunctionExists.c.o  -o cmTC_3d5ec -rdynamic -lpthreads 
/usr/bin/ld: cannot find -lpthreads
collect2: error: ld returned 1 exit status
CMakeFiles/cmTC_3d5ec.dir/build.make:97: recipe for target 'cmTC_3d5ec' failed
make[1]: *** [cmTC_3d5ec] Error 1
make[1]: Leaving directory '/home/yohei/rl_ws/build/bwi_logical_translator/CMakeFiles/CMakeTmp'
Makefile:126: recipe for target 'cmTC_3d5ec/fast' failed
make: *** [cmTC_3d5ec/fast] Error 2


