Determining if the pthread_create exist failed with the following output:
Change Dir: /home/yohei/rl_ws/build/catkin_tools_prebuild/CMakeFiles/CMakeTmp

Run Build Command:"/usr/bin/make" "cmTC_84c3e/fast"
/usr/bin/make -f CMakeFiles/cmTC_84c3e.dir/build.make CMakeFiles/cmTC_84c3e.dir/build
make[1]: Entering directory '/home/yohei/rl_ws/build/catkin_tools_prebuild/CMakeFiles/CMakeTmp'
Building C object CMakeFiles/cmTC_84c3e.dir/CheckSymbolExists.c.o
/usr/bin/cc     -o CMakeFiles/cmTC_84c3e.dir/CheckSymbolExists.c.o   -c /home/yohei/rl_ws/build/catkin_tools_prebuild/CMakeFiles/CMakeTmp/CheckSymbolExists.c
Linking C executable cmTC_84c3e
/usr/bin/cmake -E cmake_link_script CMakeFiles/cmTC_84c3e.dir/link.txt --verbose=1
/usr/bin/cc       CMakeFiles/cmTC_84c3e.dir/CheckSymbolExists.c.o  -o cmTC_84c3e -rdynamic 
CMakeFiles/cmTC_84c3e.dir/CheckSymbolExists.c.o: In function `main':
CheckSymbolExists.c:(.text+0x16): undefined reference to `pthread_create'
collect2: error: ld returned 1 exit status
CMakeFiles/cmTC_84c3e.dir/build.make:97: recipe for target 'cmTC_84c3e' failed
make[1]: *** [cmTC_84c3e] Error 1
make[1]: Leaving directory '/home/yohei/rl_ws/build/catkin_tools_prebuild/CMakeFiles/CMakeTmp'
Makefile:126: recipe for target 'cmTC_84c3e/fast' failed
make: *** [cmTC_84c3e/fast] Error 2

File /home/yohei/rl_ws/build/catkin_tools_prebuild/CMakeFiles/CMakeTmp/CheckSymbolExists.c:
/* */
#include <pthread.h>

int main(int argc, char** argv)
{
  (void)argv;
#ifndef pthread_create
  return ((int*)(&pthread_create))[argc];
#else
  (void)argc;
  return 0;
#endif
}

Determining if the function pthread_create exists in the pthreads failed with the following output:
Change Dir: /home/yohei/rl_ws/build/catkin_tools_prebuild/CMakeFiles/CMakeTmp

Run Build Command:"/usr/bin/make" "cmTC_5e140/fast"
/usr/bin/make -f CMakeFiles/cmTC_5e140.dir/build.make CMakeFiles/cmTC_5e140.dir/build
make[1]: Entering directory '/home/yohei/rl_ws/build/catkin_tools_prebuild/CMakeFiles/CMakeTmp'
Building C object CMakeFiles/cmTC_5e140.dir/CheckFunctionExists.c.o
/usr/bin/cc    -DCHECK_FUNCTION_EXISTS=pthread_create   -o CMakeFiles/cmTC_5e140.dir/CheckFunctionExists.c.o   -c /usr/share/cmake-3.5/Modules/CheckFunctionExists.c
Linking C executable cmTC_5e140
/usr/bin/cmake -E cmake_link_script CMakeFiles/cmTC_5e140.dir/link.txt --verbose=1
/usr/bin/cc   -DCHECK_FUNCTION_EXISTS=pthread_create    CMakeFiles/cmTC_5e140.dir/CheckFunctionExists.c.o  -o cmTC_5e140 -rdynamic -lpthreads 
/usr/bin/ld: cannot find -lpthreads
collect2: error: ld returned 1 exit status
CMakeFiles/cmTC_5e140.dir/build.make:97: recipe for target 'cmTC_5e140' failed
make[1]: *** [cmTC_5e140] Error 1
make[1]: Leaving directory '/home/yohei/rl_ws/build/catkin_tools_prebuild/CMakeFiles/CMakeTmp'
Makefile:126: recipe for target 'cmTC_5e140/fast' failed
make: *** [cmTC_5e140/fast] Error 2


