Linked: (/home/yohei/rl_ws/devel/.private/bwi_msgs/share/roseus/ros/bwi_msgs/manifest.l, /home/yohei/rl_ws/devel/share/roseus/ros/bwi_msgs/manifest.l)
Linked: (/home/yohei/rl_ws/devel/.private/bwi_msgs/share/roseus/ros/bwi_msgs/srv/LEDClear.l, /home/yohei/rl_ws/devel/share/roseus/ros/bwi_msgs/srv/LEDClear.l)
Linked: (/home/yohei/rl_ws/devel/.private/bwi_msgs/share/roseus/ros/bwi_msgs/srv/SemanticParser.l, /home/yohei/rl_ws/devel/share/roseus/ros/bwi_msgs/srv/SemanticParser.l)
Linked: (/home/yohei/rl_ws/devel/.private/bwi_msgs/share/roseus/ros/bwi_msgs/srv/DoorHandlerInterface.l, /home/yohei/rl_ws/devel/share/roseus/ros/bwi_msgs/srv/DoorHandlerInterface.l)
Linked: (/home/yohei/rl_ws/devel/.private/bwi_msgs/share/roseus/ros/bwi_msgs/srv/LocationAction.l, /home/yohei/rl_ws/devel/share/roseus/ros/bwi_msgs/srv/LocationAction.l)
Linked: (/home/yohei/rl_ws/devel/.private/bwi_msgs/share/roseus/ros/bwi_msgs/srv/NextLocation.l, /home/yohei/rl_ws/devel/share/roseus/ros/bwi_msgs/srv/NextLocation.l)
Linked: (/home/yohei/rl_ws/devel/.private/bwi_msgs/share/roseus/ros/bwi_msgs/srv/LEDTestStrip.l, /home/yohei/rl_ws/devel/share/roseus/ros/bwi_msgs/srv/LEDTestStrip.l)
Linked: (/home/yohei/rl_ws/devel/.private/bwi_msgs/share/roseus/ros/bwi_msgs/srv/ResolveChangeFloor.l, /home/yohei/rl_ws/devel/share/roseus/ros/bwi_msgs/srv/ResolveChangeFloor.l)
Linked: (/home/yohei/rl_ws/devel/.private/bwi_msgs/share/roseus/ros/bwi_msgs/srv/StopBase.l, /home/yohei/rl_ws/devel/share/roseus/ros/bwi_msgs/srv/StopBase.l)
Linked: (/home/yohei/rl_ws/devel/.private/bwi_msgs/share/roseus/ros/bwi_msgs/srv/SaveImageResponse.l, /home/yohei/rl_ws/devel/share/roseus/ros/bwi_msgs/srv/SaveImageResponse.l)
Linked: (/home/yohei/rl_ws/devel/.private/bwi_msgs/share/roseus/ros/bwi_msgs/srv/UpdateObject.l, /home/yohei/rl_ws/devel/share/roseus/ros/bwi_msgs/srv/UpdateObject.l)
Linked: (/home/yohei/rl_ws/devel/.private/bwi_msgs/share/roseus/ros/bwi_msgs/srv/UploadImage.l, /home/yohei/rl_ws/devel/share/roseus/ros/bwi_msgs/srv/UploadImage.l)
Linked: (/home/yohei/rl_ws/devel/.private/bwi_msgs/share/roseus/ros/bwi_msgs/srv/ImageQuestion.l, /home/yohei/rl_ws/devel/share/roseus/ros/bwi_msgs/srv/ImageQuestion.l)
Linked: (/home/yohei/rl_ws/devel/.private/bwi_msgs/share/roseus/ros/bwi_msgs/srv/LEDSetStatus.l, /home/yohei/rl_ws/devel/share/roseus/ros/bwi_msgs/srv/LEDSetStatus.l)
Linked: (/home/yohei/rl_ws/devel/.private/bwi_msgs/share/roseus/ros/bwi_msgs/srv/RobotTeleporterInterface.l, /home/yohei/rl_ws/devel/share/roseus/ros/bwi_msgs/srv/RobotTeleporterInterface.l)
Linked: (/home/yohei/rl_ws/devel/.private/bwi_msgs/share/roseus/ros/bwi_msgs/srv/GetNextImage.l, /home/yohei/rl_ws/devel/share/roseus/ros/bwi_msgs/srv/GetNextImage.l)
Linked: (/home/yohei/rl_ws/devel/.private/bwi_msgs/share/roseus/ros/bwi_msgs/srv/ActionUpdate.l, /home/yohei/rl_ws/devel/share/roseus/ros/bwi_msgs/srv/ActionUpdate.l)
Linked: (/home/yohei/rl_ws/devel/.private/bwi_msgs/share/roseus/ros/bwi_msgs/srv/QuestionDialog.l, /home/yohei/rl_ws/devel/share/roseus/ros/bwi_msgs/srv/QuestionDialog.l)
Linked: (/home/yohei/rl_ws/devel/.private/bwi_msgs/share/roseus/ros/bwi_msgs/srv/ScavHunt.l, /home/yohei/rl_ws/devel/share/roseus/ros/bwi_msgs/srv/ScavHunt.l)
Linked: (/home/yohei/rl_ws/devel/.private/bwi_msgs/share/roseus/ros/bwi_msgs/srv/Trigger.l, /home/yohei/rl_ws/devel/share/roseus/ros/bwi_msgs/srv/Trigger.l)
Linked: (/home/yohei/rl_ws/devel/.private/bwi_msgs/share/roseus/ros/bwi_msgs/msg/ScavStatus.l, /home/yohei/rl_ws/devel/share/roseus/ros/bwi_msgs/msg/ScavStatus.l)
Linked: (/home/yohei/rl_ws/devel/.private/bwi_msgs/share/roseus/ros/bwi_msgs/msg/AvailableRobot.l, /home/yohei/rl_ws/devel/share/roseus/ros/bwi_msgs/msg/AvailableRobot.l)
Linked: (/home/yohei/rl_ws/devel/.private/bwi_msgs/share/roseus/ros/bwi_msgs/msg/LogicalActionGoal.l, /home/yohei/rl_ws/devel/share/roseus/ros/bwi_msgs/msg/LogicalActionGoal.l)
Linked: (/home/yohei/rl_ws/devel/.private/bwi_msgs/share/roseus/ros/bwi_msgs/msg/LEDControlFeedback.l, /home/yohei/rl_ws/devel/share/roseus/ros/bwi_msgs/msg/LEDControlFeedback.l)
Linked: (/home/yohei/rl_ws/devel/.private/bwi_msgs/share/roseus/ros/bwi_msgs/msg/LEDStatus.l, /home/yohei/rl_ws/devel/share/roseus/ros/bwi_msgs/msg/LEDStatus.l)
Linked: (/home/yohei/rl_ws/devel/.private/bwi_msgs/share/roseus/ros/bwi_msgs/msg/LogicalActionFeedback.l, /home/yohei/rl_ws/devel/share/roseus/ros/bwi_msgs/msg/LogicalActionFeedback.l)
Linked: (/home/yohei/rl_ws/devel/.private/bwi_msgs/share/roseus/ros/bwi_msgs/msg/LogicalActionActionFeedback.l, /home/yohei/rl_ws/devel/share/roseus/ros/bwi_msgs/msg/LogicalActionActionFeedback.l)
Linked: (/home/yohei/rl_ws/devel/.private/bwi_msgs/share/roseus/ros/bwi_msgs/msg/LEDAnimations.l, /home/yohei/rl_ws/devel/share/roseus/ros/bwi_msgs/msg/LEDAnimations.l)
Linked: (/home/yohei/rl_ws/devel/.private/bwi_msgs/share/roseus/ros/bwi_msgs/msg/LogicalActionAction.l, /home/yohei/rl_ws/devel/share/roseus/ros/bwi_msgs/msg/LogicalActionAction.l)
Linked: (/home/yohei/rl_ws/devel/.private/bwi_msgs/share/roseus/ros/bwi_msgs/msg/LogicalActionResult.l, /home/yohei/rl_ws/devel/share/roseus/ros/bwi_msgs/msg/LogicalActionResult.l)
Linked: (/home/yohei/rl_ws/devel/.private/bwi_msgs/share/roseus/ros/bwi_msgs/msg/LEDActionResult.l, /home/yohei/rl_ws/devel/share/roseus/ros/bwi_msgs/msg/LEDActionResult.l)
Linked: (/home/yohei/rl_ws/devel/.private/bwi_msgs/share/roseus/ros/bwi_msgs/msg/LEDControlActionResult.l, /home/yohei/rl_ws/devel/share/roseus/ros/bwi_msgs/msg/LEDControlActionResult.l)
Linked: (/home/yohei/rl_ws/devel/.private/bwi_msgs/share/roseus/ros/bwi_msgs/msg/LEDControlGoal.l, /home/yohei/rl_ws/devel/share/roseus/ros/bwi_msgs/msg/LEDControlGoal.l)
Linked: (/home/yohei/rl_ws/devel/.private/bwi_msgs/share/roseus/ros/bwi_msgs/msg/LEDControlActionGoal.l, /home/yohei/rl_ws/devel/share/roseus/ros/bwi_msgs/msg/LEDControlActionGoal.l)
Linked: (/home/yohei/rl_ws/devel/.private/bwi_msgs/share/roseus/ros/bwi_msgs/msg/AvailableRobotArray.l, /home/yohei/rl_ws/devel/share/roseus/ros/bwi_msgs/msg/AvailableRobotArray.l)
Linked: (/home/yohei/rl_ws/devel/.private/bwi_msgs/share/roseus/ros/bwi_msgs/msg/LEDControlResult.l, /home/yohei/rl_ws/devel/share/roseus/ros/bwi_msgs/msg/LEDControlResult.l)
Linked: (/home/yohei/rl_ws/devel/.private/bwi_msgs/share/roseus/ros/bwi_msgs/msg/LogicalActionActionResult.l, /home/yohei/rl_ws/devel/share/roseus/ros/bwi_msgs/msg/LogicalActionActionResult.l)
Linked: (/home/yohei/rl_ws/devel/.private/bwi_msgs/share/roseus/ros/bwi_msgs/msg/WeekTime.l, /home/yohei/rl_ws/devel/share/roseus/ros/bwi_msgs/msg/WeekTime.l)
Linked: (/home/yohei/rl_ws/devel/.private/bwi_msgs/share/roseus/ros/bwi_msgs/msg/LEDControlAction.l, /home/yohei/rl_ws/devel/share/roseus/ros/bwi_msgs/msg/LEDControlAction.l)
Linked: (/home/yohei/rl_ws/devel/.private/bwi_msgs/share/roseus/ros/bwi_msgs/msg/LEDControlActionFeedback.l, /home/yohei/rl_ws/devel/share/roseus/ros/bwi_msgs/msg/LEDControlActionFeedback.l)
Linked: (/home/yohei/rl_ws/devel/.private/bwi_msgs/share/roseus/ros/bwi_msgs/msg/StopBaseStatus.l, /home/yohei/rl_ws/devel/share/roseus/ros/bwi_msgs/msg/StopBaseStatus.l)
Linked: (/home/yohei/rl_ws/devel/.private/bwi_msgs/share/roseus/ros/bwi_msgs/msg/LogicalActionActionGoal.l, /home/yohei/rl_ws/devel/share/roseus/ros/bwi_msgs/msg/LogicalActionActionGoal.l)
Linked: (/home/yohei/rl_ws/devel/.private/bwi_msgs/share/roseus/ros/bwi_msgs/msg/LEDTestType.l, /home/yohei/rl_ws/devel/share/roseus/ros/bwi_msgs/msg/LEDTestType.l)
Linked: (/home/yohei/rl_ws/devel/.private/bwi_msgs/share/bwi_msgs/cmake/bwi_msgs-msg-paths.cmake, /home/yohei/rl_ws/devel/share/bwi_msgs/cmake/bwi_msgs-msg-paths.cmake)
Linked: (/home/yohei/rl_ws/devel/.private/bwi_msgs/share/bwi_msgs/cmake/bwi_msgs-msg-extras.cmake, /home/yohei/rl_ws/devel/share/bwi_msgs/cmake/bwi_msgs-msg-extras.cmake)
Linked: (/home/yohei/rl_ws/devel/.private/bwi_msgs/share/bwi_msgs/cmake/bwi_msgsConfig.cmake, /home/yohei/rl_ws/devel/share/bwi_msgs/cmake/bwi_msgsConfig.cmake)
Linked: (/home/yohei/rl_ws/devel/.private/bwi_msgs/share/bwi_msgs/cmake/bwi_msgsConfig-version.cmake, /home/yohei/rl_ws/devel/share/bwi_msgs/cmake/bwi_msgsConfig-version.cmake)
Linked: (/home/yohei/rl_ws/devel/.private/bwi_msgs/share/bwi_msgs/msg/LogicalActionAction.msg, /home/yohei/rl_ws/devel/share/bwi_msgs/msg/LogicalActionAction.msg)
Linked: (/home/yohei/rl_ws/devel/.private/bwi_msgs/share/bwi_msgs/msg/LogicalActionGoal.msg, /home/yohei/rl_ws/devel/share/bwi_msgs/msg/LogicalActionGoal.msg)
Linked: (/home/yohei/rl_ws/devel/.private/bwi_msgs/share/bwi_msgs/msg/LEDControlGoal.msg, /home/yohei/rl_ws/devel/share/bwi_msgs/msg/LEDControlGoal.msg)
Linked: (/home/yohei/rl_ws/devel/.private/bwi_msgs/share/bwi_msgs/msg/LEDControlAction.msg, /home/yohei/rl_ws/devel/share/bwi_msgs/msg/LEDControlAction.msg)
Linked: (/home/yohei/rl_ws/devel/.private/bwi_msgs/share/bwi_msgs/msg/LEDControlActionFeedback.msg, /home/yohei/rl_ws/devel/share/bwi_msgs/msg/LEDControlActionFeedback.msg)
Linked: (/home/yohei/rl_ws/devel/.private/bwi_msgs/share/bwi_msgs/msg/LogicalActionActionResult.msg, /home/yohei/rl_ws/devel/share/bwi_msgs/msg/LogicalActionActionResult.msg)
Linked: (/home/yohei/rl_ws/devel/.private/bwi_msgs/share/bwi_msgs/msg/LogicalActionActionGoal.msg, /home/yohei/rl_ws/devel/share/bwi_msgs/msg/LogicalActionActionGoal.msg)
Linked: (/home/yohei/rl_ws/devel/.private/bwi_msgs/share/bwi_msgs/msg/LEDControlActionResult.msg, /home/yohei/rl_ws/devel/share/bwi_msgs/msg/LEDControlActionResult.msg)
Linked: (/home/yohei/rl_ws/devel/.private/bwi_msgs/share/bwi_msgs/msg/LogicalActionResult.msg, /home/yohei/rl_ws/devel/share/bwi_msgs/msg/LogicalActionResult.msg)
Linked: (/home/yohei/rl_ws/devel/.private/bwi_msgs/share/bwi_msgs/msg/LogicalActionActionFeedback.msg, /home/yohei/rl_ws/devel/share/bwi_msgs/msg/LogicalActionActionFeedback.msg)
Linked: (/home/yohei/rl_ws/devel/.private/bwi_msgs/share/bwi_msgs/msg/LEDControlActionGoal.msg, /home/yohei/rl_ws/devel/share/bwi_msgs/msg/LEDControlActionGoal.msg)
Linked: (/home/yohei/rl_ws/devel/.private/bwi_msgs/share/bwi_msgs/msg/LEDControlFeedback.msg, /home/yohei/rl_ws/devel/share/bwi_msgs/msg/LEDControlFeedback.msg)
Linked: (/home/yohei/rl_ws/devel/.private/bwi_msgs/share/bwi_msgs/msg/LEDControlResult.msg, /home/yohei/rl_ws/devel/share/bwi_msgs/msg/LEDControlResult.msg)
Linked: (/home/yohei/rl_ws/devel/.private/bwi_msgs/share/bwi_msgs/msg/LogicalActionFeedback.msg, /home/yohei/rl_ws/devel/share/bwi_msgs/msg/LogicalActionFeedback.msg)
Linked: (/home/yohei/rl_ws/devel/.private/bwi_msgs/share/gennodejs/ros/bwi_msgs/_index.js, /home/yohei/rl_ws/devel/share/gennodejs/ros/bwi_msgs/_index.js)
Linked: (/home/yohei/rl_ws/devel/.private/bwi_msgs/share/gennodejs/ros/bwi_msgs/srv/QuestionDialog.js, /home/yohei/rl_ws/devel/share/gennodejs/ros/bwi_msgs/srv/QuestionDialog.js)
Linked: (/home/yohei/rl_ws/devel/.private/bwi_msgs/share/gennodejs/ros/bwi_msgs/srv/LEDSetStatus.js, /home/yohei/rl_ws/devel/share/gennodejs/ros/bwi_msgs/srv/LEDSetStatus.js)
Linked: (/home/yohei/rl_ws/devel/.private/bwi_msgs/share/gennodejs/ros/bwi_msgs/srv/Trigger.js, /home/yohei/rl_ws/devel/share/gennodejs/ros/bwi_msgs/srv/Trigger.js)
Linked: (/home/yohei/rl_ws/devel/.private/bwi_msgs/share/gennodejs/ros/bwi_msgs/srv/LEDClear.js, /home/yohei/rl_ws/devel/share/gennodejs/ros/bwi_msgs/srv/LEDClear.js)
Linked: (/home/yohei/rl_ws/devel/.private/bwi_msgs/share/gennodejs/ros/bwi_msgs/srv/NextLocation.js, /home/yohei/rl_ws/devel/share/gennodejs/ros/bwi_msgs/srv/NextLocation.js)
Linked: (/home/yohei/rl_ws/devel/.private/bwi_msgs/share/gennodejs/ros/bwi_msgs/srv/LEDTestStrip.js, /home/yohei/rl_ws/devel/share/gennodejs/ros/bwi_msgs/srv/LEDTestStrip.js)
Linked: (/home/yohei/rl_ws/devel/.private/bwi_msgs/share/gennodejs/ros/bwi_msgs/srv/StopBase.js, /home/yohei/rl_ws/devel/share/gennodejs/ros/bwi_msgs/srv/StopBase.js)
Linked: (/home/yohei/rl_ws/devel/.private/bwi_msgs/share/gennodejs/ros/bwi_msgs/srv/ResolveChangeFloor.js, /home/yohei/rl_ws/devel/share/gennodejs/ros/bwi_msgs/srv/ResolveChangeFloor.js)
Linked: (/home/yohei/rl_ws/devel/.private/bwi_msgs/share/gennodejs/ros/bwi_msgs/srv/DoorHandlerInterface.js, /home/yohei/rl_ws/devel/share/gennodejs/ros/bwi_msgs/srv/DoorHandlerInterface.js)
Linked: (/home/yohei/rl_ws/devel/.private/bwi_msgs/share/gennodejs/ros/bwi_msgs/srv/ScavHunt.js, /home/yohei/rl_ws/devel/share/gennodejs/ros/bwi_msgs/srv/ScavHunt.js)
Linked: (/home/yohei/rl_ws/devel/.private/bwi_msgs/share/gennodejs/ros/bwi_msgs/srv/SaveImageResponse.js, /home/yohei/rl_ws/devel/share/gennodejs/ros/bwi_msgs/srv/SaveImageResponse.js)
Linked: (/home/yohei/rl_ws/devel/.private/bwi_msgs/share/gennodejs/ros/bwi_msgs/srv/GetNextImage.js, /home/yohei/rl_ws/devel/share/gennodejs/ros/bwi_msgs/srv/GetNextImage.js)
Linked: (/home/yohei/rl_ws/devel/.private/bwi_msgs/share/gennodejs/ros/bwi_msgs/srv/UploadImage.js, /home/yohei/rl_ws/devel/share/gennodejs/ros/bwi_msgs/srv/UploadImage.js)
Linked: (/home/yohei/rl_ws/devel/.private/bwi_msgs/share/gennodejs/ros/bwi_msgs/srv/_index.js, /home/yohei/rl_ws/devel/share/gennodejs/ros/bwi_msgs/srv/_index.js)
Linked: (/home/yohei/rl_ws/devel/.private/bwi_msgs/share/gennodejs/ros/bwi_msgs/srv/SemanticParser.js, /home/yohei/rl_ws/devel/share/gennodejs/ros/bwi_msgs/srv/SemanticParser.js)
Linked: (/home/yohei/rl_ws/devel/.private/bwi_msgs/share/gennodejs/ros/bwi_msgs/srv/ActionUpdate.js, /home/yohei/rl_ws/devel/share/gennodejs/ros/bwi_msgs/srv/ActionUpdate.js)
Linked: (/home/yohei/rl_ws/devel/.private/bwi_msgs/share/gennodejs/ros/bwi_msgs/srv/ImageQuestion.js, /home/yohei/rl_ws/devel/share/gennodejs/ros/bwi_msgs/srv/ImageQuestion.js)
Linked: (/home/yohei/rl_ws/devel/.private/bwi_msgs/share/gennodejs/ros/bwi_msgs/srv/UpdateObject.js, /home/yohei/rl_ws/devel/share/gennodejs/ros/bwi_msgs/srv/UpdateObject.js)
Linked: (/home/yohei/rl_ws/devel/.private/bwi_msgs/share/gennodejs/ros/bwi_msgs/srv/RobotTeleporterInterface.js, /home/yohei/rl_ws/devel/share/gennodejs/ros/bwi_msgs/srv/RobotTeleporterInterface.js)
Linked: (/home/yohei/rl_ws/devel/.private/bwi_msgs/share/gennodejs/ros/bwi_msgs/srv/LocationAction.js, /home/yohei/rl_ws/devel/share/gennodejs/ros/bwi_msgs/srv/LocationAction.js)
Linked: (/home/yohei/rl_ws/devel/.private/bwi_msgs/share/gennodejs/ros/bwi_msgs/msg/LogicalActionActionGoal.js, /home/yohei/rl_ws/devel/share/gennodejs/ros/bwi_msgs/msg/LogicalActionActionGoal.js)
Linked: (/home/yohei/rl_ws/devel/.private/bwi_msgs/share/gennodejs/ros/bwi_msgs/msg/LEDTestType.js, /home/yohei/rl_ws/devel/share/gennodejs/ros/bwi_msgs/msg/LEDTestType.js)
Linked: (/home/yohei/rl_ws/devel/.private/bwi_msgs/share/gennodejs/ros/bwi_msgs/msg/AvailableRobot.js, /home/yohei/rl_ws/devel/share/gennodejs/ros/bwi_msgs/msg/AvailableRobot.js)
Linked: (/home/yohei/rl_ws/devel/.private/bwi_msgs/share/gennodejs/ros/bwi_msgs/msg/LEDStatus.js, /home/yohei/rl_ws/devel/share/gennodejs/ros/bwi_msgs/msg/LEDStatus.js)
Linked: (/home/yohei/rl_ws/devel/.private/bwi_msgs/share/gennodejs/ros/bwi_msgs/msg/LEDControlActionResult.js, /home/yohei/rl_ws/devel/share/gennodejs/ros/bwi_msgs/msg/LEDControlActionResult.js)
Linked: (/home/yohei/rl_ws/devel/.private/bwi_msgs/share/gennodejs/ros/bwi_msgs/msg/LEDControlGoal.js, /home/yohei/rl_ws/devel/share/gennodejs/ros/bwi_msgs/msg/LEDControlGoal.js)
Linked: (/home/yohei/rl_ws/devel/.private/bwi_msgs/share/gennodejs/ros/bwi_msgs/msg/LEDActionResult.js, /home/yohei/rl_ws/devel/share/gennodejs/ros/bwi_msgs/msg/LEDActionResult.js)
Linked: (/home/yohei/rl_ws/devel/.private/bwi_msgs/share/gennodejs/ros/bwi_msgs/msg/LogicalActionAction.js, /home/yohei/rl_ws/devel/share/gennodejs/ros/bwi_msgs/msg/LogicalActionAction.js)
Linked: (/home/yohei/rl_ws/devel/.private/bwi_msgs/share/gennodejs/ros/bwi_msgs/msg/AvailableRobotArray.js, /home/yohei/rl_ws/devel/share/gennodejs/ros/bwi_msgs/msg/AvailableRobotArray.js)
Linked: (/home/yohei/rl_ws/devel/.private/bwi_msgs/share/gennodejs/ros/bwi_msgs/msg/LogicalActionActionResult.js, /home/yohei/rl_ws/devel/share/gennodejs/ros/bwi_msgs/msg/LogicalActionActionResult.js)
Linked: (/home/yohei/rl_ws/devel/.private/bwi_msgs/share/gennodejs/ros/bwi_msgs/msg/LEDControlActionFeedback.js, /home/yohei/rl_ws/devel/share/gennodejs/ros/bwi_msgs/msg/LEDControlActionFeedback.js)
Linked: (/home/yohei/rl_ws/devel/.private/bwi_msgs/share/gennodejs/ros/bwi_msgs/msg/LogicalActionGoal.js, /home/yohei/rl_ws/devel/share/gennodejs/ros/bwi_msgs/msg/LogicalActionGoal.js)
Linked: (/home/yohei/rl_ws/devel/.private/bwi_msgs/share/gennodejs/ros/bwi_msgs/msg/LogicalActionFeedback.js, /home/yohei/rl_ws/devel/share/gennodejs/ros/bwi_msgs/msg/LogicalActionFeedback.js)
Linked: (/home/yohei/rl_ws/devel/.private/bwi_msgs/share/gennodejs/ros/bwi_msgs/msg/LogicalActionResult.js, /home/yohei/rl_ws/devel/share/gennodejs/ros/bwi_msgs/msg/LogicalActionResult.js)
Linked: (/home/yohei/rl_ws/devel/.private/bwi_msgs/share/gennodejs/ros/bwi_msgs/msg/LEDControlActionGoal.js, /home/yohei/rl_ws/devel/share/gennodejs/ros/bwi_msgs/msg/LEDControlActionGoal.js)
Linked: (/home/yohei/rl_ws/devel/.private/bwi_msgs/share/gennodejs/ros/bwi_msgs/msg/LEDControlFeedback.js, /home/yohei/rl_ws/devel/share/gennodejs/ros/bwi_msgs/msg/LEDControlFeedback.js)
Linked: (/home/yohei/rl_ws/devel/.private/bwi_msgs/share/gennodejs/ros/bwi_msgs/msg/LogicalActionActionFeedback.js, /home/yohei/rl_ws/devel/share/gennodejs/ros/bwi_msgs/msg/LogicalActionActionFeedback.js)
Linked: (/home/yohei/rl_ws/devel/.private/bwi_msgs/share/gennodejs/ros/bwi_msgs/msg/_index.js, /home/yohei/rl_ws/devel/share/gennodejs/ros/bwi_msgs/msg/_index.js)
Linked: (/home/yohei/rl_ws/devel/.private/bwi_msgs/share/gennodejs/ros/bwi_msgs/msg/ScavStatus.js, /home/yohei/rl_ws/devel/share/gennodejs/ros/bwi_msgs/msg/ScavStatus.js)
Linked: (/home/yohei/rl_ws/devel/.private/bwi_msgs/share/gennodejs/ros/bwi_msgs/msg/WeekTime.js, /home/yohei/rl_ws/devel/share/gennodejs/ros/bwi_msgs/msg/WeekTime.js)
Linked: (/home/yohei/rl_ws/devel/.private/bwi_msgs/share/gennodejs/ros/bwi_msgs/msg/LEDControlAction.js, /home/yohei/rl_ws/devel/share/gennodejs/ros/bwi_msgs/msg/LEDControlAction.js)
Linked: (/home/yohei/rl_ws/devel/.private/bwi_msgs/share/gennodejs/ros/bwi_msgs/msg/LEDControlResult.js, /home/yohei/rl_ws/devel/share/gennodejs/ros/bwi_msgs/msg/LEDControlResult.js)
Linked: (/home/yohei/rl_ws/devel/.private/bwi_msgs/share/gennodejs/ros/bwi_msgs/msg/StopBaseStatus.js, /home/yohei/rl_ws/devel/share/gennodejs/ros/bwi_msgs/msg/StopBaseStatus.js)
Linked: (/home/yohei/rl_ws/devel/.private/bwi_msgs/share/gennodejs/ros/bwi_msgs/msg/LEDAnimations.js, /home/yohei/rl_ws/devel/share/gennodejs/ros/bwi_msgs/msg/LEDAnimations.js)
Linked: (/home/yohei/rl_ws/devel/.private/bwi_msgs/share/common-lisp/ros/bwi_msgs/srv/ResolveChangeFloor.lisp, /home/yohei/rl_ws/devel/share/common-lisp/ros/bwi_msgs/srv/ResolveChangeFloor.lisp)
Linked: (/home/yohei/rl_ws/devel/.private/bwi_msgs/share/common-lisp/ros/bwi_msgs/srv/DoorHandlerInterface.lisp, /home/yohei/rl_ws/devel/share/common-lisp/ros/bwi_msgs/srv/DoorHandlerInterface.lisp)
Linked: (/home/yohei/rl_ws/devel/.private/bwi_msgs/share/common-lisp/ros/bwi_msgs/srv/QuestionDialog.lisp, /home/yohei/rl_ws/devel/share/common-lisp/ros/bwi_msgs/srv/QuestionDialog.lisp)
Linked: (/home/yohei/rl_ws/devel/.private/bwi_msgs/share/common-lisp/ros/bwi_msgs/srv/_package_ImageQuestion.lisp, /home/yohei/rl_ws/devel/share/common-lisp/ros/bwi_msgs/srv/_package_ImageQuestion.lisp)
Linked: (/home/yohei/rl_ws/devel/.private/bwi_msgs/share/common-lisp/ros/bwi_msgs/srv/ActionUpdate.lisp, /home/yohei/rl_ws/devel/share/common-lisp/ros/bwi_msgs/srv/ActionUpdate.lisp)
Linked: (/home/yohei/rl_ws/devel/.private/bwi_msgs/share/common-lisp/ros/bwi_msgs/srv/_package_NextLocation.lisp, /home/yohei/rl_ws/devel/share/common-lisp/ros/bwi_msgs/srv/_package_NextLocation.lisp)
Linked: (/home/yohei/rl_ws/devel/.private/bwi_msgs/share/common-lisp/ros/bwi_msgs/srv/UpdateObject.lisp, /home/yohei/rl_ws/devel/share/common-lisp/ros/bwi_msgs/srv/UpdateObject.lisp)
Linked: (/home/yohei/rl_ws/devel/.private/bwi_msgs/share/common-lisp/ros/bwi_msgs/srv/StopBase.lisp, /home/yohei/rl_ws/devel/share/common-lisp/ros/bwi_msgs/srv/StopBase.lisp)
Linked: (/home/yohei/rl_ws/devel/.private/bwi_msgs/share/common-lisp/ros/bwi_msgs/srv/_package_Trigger.lisp, /home/yohei/rl_ws/devel/share/common-lisp/ros/bwi_msgs/srv/_package_Trigger.lisp)
Linked: (/home/yohei/rl_ws/devel/.private/bwi_msgs/share/common-lisp/ros/bwi_msgs/srv/LEDClear.lisp, /home/yohei/rl_ws/devel/share/common-lisp/ros/bwi_msgs/srv/LEDClear.lisp)
Linked: (/home/yohei/rl_ws/devel/.private/bwi_msgs/share/common-lisp/ros/bwi_msgs/srv/_package_ActionUpdate.lisp, /home/yohei/rl_ws/devel/share/common-lisp/ros/bwi_msgs/srv/_package_ActionUpdate.lisp)
Linked: (/home/yohei/rl_ws/devel/.private/bwi_msgs/share/common-lisp/ros/bwi_msgs/srv/_package_RobotTeleporterInterface.lisp, /home/yohei/rl_ws/devel/share/common-lisp/ros/bwi_msgs/srv/_package_RobotTeleporterInterface.lisp)
Linked: (/home/yohei/rl_ws/devel/.private/bwi_msgs/share/common-lisp/ros/bwi_msgs/srv/_package_QuestionDialog.lisp, /home/yohei/rl_ws/devel/share/common-lisp/ros/bwi_msgs/srv/_package_QuestionDialog.lisp)
Linked: (/home/yohei/rl_ws/devel/.private/bwi_msgs/share/common-lisp/ros/bwi_msgs/srv/_package_DoorHandlerInterface.lisp, /home/yohei/rl_ws/devel/share/common-lisp/ros/bwi_msgs/srv/_package_DoorHandlerInterface.lisp)
Linked: (/home/yohei/rl_ws/devel/.private/bwi_msgs/share/common-lisp/ros/bwi_msgs/srv/ImageQuestion.lisp, /home/yohei/rl_ws/devel/share/common-lisp/ros/bwi_msgs/srv/ImageQuestion.lisp)
Linked: (/home/yohei/rl_ws/devel/.private/bwi_msgs/share/common-lisp/ros/bwi_msgs/srv/_package_ScavHunt.lisp, /home/yohei/rl_ws/devel/share/common-lisp/ros/bwi_msgs/srv/_package_ScavHunt.lisp)
Linked: (/home/yohei/rl_ws/devel/.private/bwi_msgs/share/common-lisp/ros/bwi_msgs/srv/_package_LEDClear.lisp, /home/yohei/rl_ws/devel/share/common-lisp/ros/bwi_msgs/srv/_package_LEDClear.lisp)
Linked: (/home/yohei/rl_ws/devel/.private/bwi_msgs/share/common-lisp/ros/bwi_msgs/srv/_package_LocationAction.lisp, /home/yohei/rl_ws/devel/share/common-lisp/ros/bwi_msgs/srv/_package_LocationAction.lisp)
Linked: (/home/yohei/rl_ws/devel/.private/bwi_msgs/share/common-lisp/ros/bwi_msgs/srv/LocationAction.lisp, /home/yohei/rl_ws/devel/share/common-lisp/ros/bwi_msgs/srv/LocationAction.lisp)
Linked: (/home/yohei/rl_ws/devel/.private/bwi_msgs/share/common-lisp/ros/bwi_msgs/srv/ScavHunt.lisp, /home/yohei/rl_ws/devel/share/common-lisp/ros/bwi_msgs/srv/ScavHunt.lisp)
Linked: (/home/yohei/rl_ws/devel/.private/bwi_msgs/share/common-lisp/ros/bwi_msgs/srv/_package_ResolveChangeFloor.lisp, /home/yohei/rl_ws/devel/share/common-lisp/ros/bwi_msgs/srv/_package_ResolveChangeFloor.lisp)
Linked: (/home/yohei/rl_ws/devel/.private/bwi_msgs/share/common-lisp/ros/bwi_msgs/srv/SaveImageResponse.lisp, /home/yohei/rl_ws/devel/share/common-lisp/ros/bwi_msgs/srv/SaveImageResponse.lisp)
Linked: (/home/yohei/rl_ws/devel/.private/bwi_msgs/share/common-lisp/ros/bwi_msgs/srv/LEDTestStrip.lisp, /home/yohei/rl_ws/devel/share/common-lisp/ros/bwi_msgs/srv/LEDTestStrip.lisp)
Linked: (/home/yohei/rl_ws/devel/.private/bwi_msgs/share/common-lisp/ros/bwi_msgs/srv/LEDSetStatus.lisp, /home/yohei/rl_ws/devel/share/common-lisp/ros/bwi_msgs/srv/LEDSetStatus.lisp)
Linked: (/home/yohei/rl_ws/devel/.private/bwi_msgs/share/common-lisp/ros/bwi_msgs/srv/_package_SaveImageResponse.lisp, /home/yohei/rl_ws/devel/share/common-lisp/ros/bwi_msgs/srv/_package_SaveImageResponse.lisp)
Linked: (/home/yohei/rl_ws/devel/.private/bwi_msgs/share/common-lisp/ros/bwi_msgs/srv/_package.lisp, /home/yohei/rl_ws/devel/share/common-lisp/ros/bwi_msgs/srv/_package.lisp)
Linked: (/home/yohei/rl_ws/devel/.private/bwi_msgs/share/common-lisp/ros/bwi_msgs/srv/_package_UpdateObject.lisp, /home/yohei/rl_ws/devel/share/common-lisp/ros/bwi_msgs/srv/_package_UpdateObject.lisp)
Linked: (/home/yohei/rl_ws/devel/.private/bwi_msgs/share/common-lisp/ros/bwi_msgs/srv/RobotTeleporterInterface.lisp, /home/yohei/rl_ws/devel/share/common-lisp/ros/bwi_msgs/srv/RobotTeleporterInterface.lisp)
Linked: (/home/yohei/rl_ws/devel/.private/bwi_msgs/share/common-lisp/ros/bwi_msgs/srv/UploadImage.lisp, /home/yohei/rl_ws/devel/share/common-lisp/ros/bwi_msgs/srv/UploadImage.lisp)
Linked: (/home/yohei/rl_ws/devel/.private/bwi_msgs/share/common-lisp/ros/bwi_msgs/srv/bwi_msgs-srv.asd, /home/yohei/rl_ws/devel/share/common-lisp/ros/bwi_msgs/srv/bwi_msgs-srv.asd)
Linked: (/home/yohei/rl_ws/devel/.private/bwi_msgs/share/common-lisp/ros/bwi_msgs/srv/_package_GetNextImage.lisp, /home/yohei/rl_ws/devel/share/common-lisp/ros/bwi_msgs/srv/_package_GetNextImage.lisp)
Linked: (/home/yohei/rl_ws/devel/.private/bwi_msgs/share/common-lisp/ros/bwi_msgs/srv/_package_SemanticParser.lisp, /home/yohei/rl_ws/devel/share/common-lisp/ros/bwi_msgs/srv/_package_SemanticParser.lisp)
Linked: (/home/yohei/rl_ws/devel/.private/bwi_msgs/share/common-lisp/ros/bwi_msgs/srv/_package_LEDSetStatus.lisp, /home/yohei/rl_ws/devel/share/common-lisp/ros/bwi_msgs/srv/_package_LEDSetStatus.lisp)
Linked: (/home/yohei/rl_ws/devel/.private/bwi_msgs/share/common-lisp/ros/bwi_msgs/srv/_package_LEDTestStrip.lisp, /home/yohei/rl_ws/devel/share/common-lisp/ros/bwi_msgs/srv/_package_LEDTestStrip.lisp)
Linked: (/home/yohei/rl_ws/devel/.private/bwi_msgs/share/common-lisp/ros/bwi_msgs/srv/_package_StopBase.lisp, /home/yohei/rl_ws/devel/share/common-lisp/ros/bwi_msgs/srv/_package_StopBase.lisp)
Linked: (/home/yohei/rl_ws/devel/.private/bwi_msgs/share/common-lisp/ros/bwi_msgs/srv/_package_UploadImage.lisp, /home/yohei/rl_ws/devel/share/common-lisp/ros/bwi_msgs/srv/_package_UploadImage.lisp)
Linked: (/home/yohei/rl_ws/devel/.private/bwi_msgs/share/common-lisp/ros/bwi_msgs/srv/SemanticParser.lisp, /home/yohei/rl_ws/devel/share/common-lisp/ros/bwi_msgs/srv/SemanticParser.lisp)
Linked: (/home/yohei/rl_ws/devel/.private/bwi_msgs/share/common-lisp/ros/bwi_msgs/srv/GetNextImage.lisp, /home/yohei/rl_ws/devel/share/common-lisp/ros/bwi_msgs/srv/GetNextImage.lisp)
Linked: (/home/yohei/rl_ws/devel/.private/bwi_msgs/share/common-lisp/ros/bwi_msgs/srv/Trigger.lisp, /home/yohei/rl_ws/devel/share/common-lisp/ros/bwi_msgs/srv/Trigger.lisp)
Linked: (/home/yohei/rl_ws/devel/.private/bwi_msgs/share/common-lisp/ros/bwi_msgs/srv/NextLocation.lisp, /home/yohei/rl_ws/devel/share/common-lisp/ros/bwi_msgs/srv/NextLocation.lisp)
Linked: (/home/yohei/rl_ws/devel/.private/bwi_msgs/share/common-lisp/ros/bwi_msgs/msg/AvailableRobot.lisp, /home/yohei/rl_ws/devel/share/common-lisp/ros/bwi_msgs/msg/AvailableRobot.lisp)
Linked: (/home/yohei/rl_ws/devel/.private/bwi_msgs/share/common-lisp/ros/bwi_msgs/msg/_package_LEDControlActionResult.lisp, /home/yohei/rl_ws/devel/share/common-lisp/ros/bwi_msgs/msg/_package_LEDControlActionResult.lisp)
Linked: (/home/yohei/rl_ws/devel/.private/bwi_msgs/share/common-lisp/ros/bwi_msgs/msg/StopBaseStatus.lisp, /home/yohei/rl_ws/devel/share/common-lisp/ros/bwi_msgs/msg/StopBaseStatus.lisp)
Linked: (/home/yohei/rl_ws/devel/.private/bwi_msgs/share/common-lisp/ros/bwi_msgs/msg/LogicalActionActionFeedback.lisp, /home/yohei/rl_ws/devel/share/common-lisp/ros/bwi_msgs/msg/LogicalActionActionFeedback.lisp)
Linked: (/home/yohei/rl_ws/devel/.private/bwi_msgs/share/common-lisp/ros/bwi_msgs/msg/_package_WeekTime.lisp, /home/yohei/rl_ws/devel/share/common-lisp/ros/bwi_msgs/msg/_package_WeekTime.lisp)
Linked: (/home/yohei/rl_ws/devel/.private/bwi_msgs/share/common-lisp/ros/bwi_msgs/msg/_package_LEDControlFeedback.lisp, /home/yohei/rl_ws/devel/share/common-lisp/ros/bwi_msgs/msg/_package_LEDControlFeedback.lisp)
Linked: (/home/yohei/rl_ws/devel/.private/bwi_msgs/share/common-lisp/ros/bwi_msgs/msg/_package_LogicalActionFeedback.lisp, /home/yohei/rl_ws/devel/share/common-lisp/ros/bwi_msgs/msg/_package_LogicalActionFeedback.lisp)
Linked: (/home/yohei/rl_ws/devel/.private/bwi_msgs/share/common-lisp/ros/bwi_msgs/msg/_package_LEDTestType.lisp, /home/yohei/rl_ws/devel/share/common-lisp/ros/bwi_msgs/msg/_package_LEDTestType.lisp)
Linked: (/home/yohei/rl_ws/devel/.private/bwi_msgs/share/common-lisp/ros/bwi_msgs/msg/_package_LEDControlResult.lisp, /home/yohei/rl_ws/devel/share/common-lisp/ros/bwi_msgs/msg/_package_LEDControlResult.lisp)
Linked: (/home/yohei/rl_ws/devel/.private/bwi_msgs/share/common-lisp/ros/bwi_msgs/msg/_package_LEDActionResult.lisp, /home/yohei/rl_ws/devel/share/common-lisp/ros/bwi_msgs/msg/_package_LEDActionResult.lisp)
Linked: (/home/yohei/rl_ws/devel/.private/bwi_msgs/share/common-lisp/ros/bwi_msgs/msg/LogicalActionGoal.lisp, /home/yohei/rl_ws/devel/share/common-lisp/ros/bwi_msgs/msg/LogicalActionGoal.lisp)
Linked: (/home/yohei/rl_ws/devel/.private/bwi_msgs/share/common-lisp/ros/bwi_msgs/msg/_package_AvailableRobot.lisp, /home/yohei/rl_ws/devel/share/common-lisp/ros/bwi_msgs/msg/_package_AvailableRobot.lisp)
Linked: (/home/yohei/rl_ws/devel/.private/bwi_msgs/share/common-lisp/ros/bwi_msgs/msg/_package_AvailableRobotArray.lisp, /home/yohei/rl_ws/devel/share/common-lisp/ros/bwi_msgs/msg/_package_AvailableRobotArray.lisp)
Linked: (/home/yohei/rl_ws/devel/.private/bwi_msgs/share/common-lisp/ros/bwi_msgs/msg/_package_LogicalActionActionResult.lisp, /home/yohei/rl_ws/devel/share/common-lisp/ros/bwi_msgs/msg/_package_LogicalActionActionResult.lisp)
Linked: (/home/yohei/rl_ws/devel/.private/bwi_msgs/share/common-lisp/ros/bwi_msgs/msg/_package_LEDControlGoal.lisp, /home/yohei/rl_ws/devel/share/common-lisp/ros/bwi_msgs/msg/_package_LEDControlGoal.lisp)
Linked: (/home/yohei/rl_ws/devel/.private/bwi_msgs/share/common-lisp/ros/bwi_msgs/msg/_package_StopBaseStatus.lisp, /home/yohei/rl_ws/devel/share/common-lisp/ros/bwi_msgs/msg/_package_StopBaseStatus.lisp)
Linked: (/home/yohei/rl_ws/devel/.private/bwi_msgs/share/common-lisp/ros/bwi_msgs/msg/LogicalActionAction.lisp, /home/yohei/rl_ws/devel/share/common-lisp/ros/bwi_msgs/msg/LogicalActionAction.lisp)
Linked: (/home/yohei/rl_ws/devel/.private/bwi_msgs/share/common-lisp/ros/bwi_msgs/msg/_package_LogicalActionGoal.lisp, /home/yohei/rl_ws/devel/share/common-lisp/ros/bwi_msgs/msg/_package_LogicalActionGoal.lisp)
Linked: (/home/yohei/rl_ws/devel/.private/bwi_msgs/share/common-lisp/ros/bwi_msgs/msg/LEDActionResult.lisp, /home/yohei/rl_ws/devel/share/common-lisp/ros/bwi_msgs/msg/LEDActionResult.lisp)
Linked: (/home/yohei/rl_ws/devel/.private/bwi_msgs/share/common-lisp/ros/bwi_msgs/msg/LEDControlGoal.lisp, /home/yohei/rl_ws/devel/share/common-lisp/ros/bwi_msgs/msg/LEDControlGoal.lisp)
Linked: (/home/yohei/rl_ws/devel/.private/bwi_msgs/share/common-lisp/ros/bwi_msgs/msg/LEDAnimations.lisp, /home/yohei/rl_ws/devel/share/common-lisp/ros/bwi_msgs/msg/LEDAnimations.lisp)
Linked: (/home/yohei/rl_ws/devel/.private/bwi_msgs/share/common-lisp/ros/bwi_msgs/msg/ScavStatus.lisp, /home/yohei/rl_ws/devel/share/common-lisp/ros/bwi_msgs/msg/ScavStatus.lisp)
Linked: (/home/yohei/rl_ws/devel/.private/bwi_msgs/share/common-lisp/ros/bwi_msgs/msg/AvailableRobotArray.lisp, /home/yohei/rl_ws/devel/share/common-lisp/ros/bwi_msgs/msg/AvailableRobotArray.lisp)
Linked: (/home/yohei/rl_ws/devel/.private/bwi_msgs/share/common-lisp/ros/bwi_msgs/msg/LogicalActionResult.lisp, /home/yohei/rl_ws/devel/share/common-lisp/ros/bwi_msgs/msg/LogicalActionResult.lisp)
Linked: (/home/yohei/rl_ws/devel/.private/bwi_msgs/share/common-lisp/ros/bwi_msgs/msg/_package_LogicalActionActionGoal.lisp, /home/yohei/rl_ws/devel/share/common-lisp/ros/bwi_msgs/msg/_package_LogicalActionActionGoal.lisp)
Linked: (/home/yohei/rl_ws/devel/.private/bwi_msgs/share/common-lisp/ros/bwi_msgs/msg/bwi_msgs-msg.asd, /home/yohei/rl_ws/devel/share/common-lisp/ros/bwi_msgs/msg/bwi_msgs-msg.asd)
Linked: (/home/yohei/rl_ws/devel/.private/bwi_msgs/share/common-lisp/ros/bwi_msgs/msg/LEDControlResult.lisp, /home/yohei/rl_ws/devel/share/common-lisp/ros/bwi_msgs/msg/LEDControlResult.lisp)
Linked: (/home/yohei/rl_ws/devel/.private/bwi_msgs/share/common-lisp/ros/bwi_msgs/msg/_package_LEDStatus.lisp, /home/yohei/rl_ws/devel/share/common-lisp/ros/bwi_msgs/msg/_package_LEDStatus.lisp)
Linked: (/home/yohei/rl_ws/devel/.private/bwi_msgs/share/common-lisp/ros/bwi_msgs/msg/_package.lisp, /home/yohei/rl_ws/devel/share/common-lisp/ros/bwi_msgs/msg/_package.lisp)
Linked: (/home/yohei/rl_ws/devel/.private/bwi_msgs/share/common-lisp/ros/bwi_msgs/msg/_package_LEDControlActionFeedback.lisp, /home/yohei/rl_ws/devel/share/common-lisp/ros/bwi_msgs/msg/_package_LEDControlActionFeedback.lisp)
Linked: (/home/yohei/rl_ws/devel/.private/bwi_msgs/share/common-lisp/ros/bwi_msgs/msg/LEDControlFeedback.lisp, /home/yohei/rl_ws/devel/share/common-lisp/ros/bwi_msgs/msg/LEDControlFeedback.lisp)
Linked: (/home/yohei/rl_ws/devel/.private/bwi_msgs/share/common-lisp/ros/bwi_msgs/msg/LEDStatus.lisp, /home/yohei/rl_ws/devel/share/common-lisp/ros/bwi_msgs/msg/LEDStatus.lisp)
Linked: (/home/yohei/rl_ws/devel/.private/bwi_msgs/share/common-lisp/ros/bwi_msgs/msg/LEDControlActionResult.lisp, /home/yohei/rl_ws/devel/share/common-lisp/ros/bwi_msgs/msg/LEDControlActionResult.lisp)
Linked: (/home/yohei/rl_ws/devel/.private/bwi_msgs/share/common-lisp/ros/bwi_msgs/msg/LEDControlActionGoal.lisp, /home/yohei/rl_ws/devel/share/common-lisp/ros/bwi_msgs/msg/LEDControlActionGoal.lisp)
Linked: (/home/yohei/rl_ws/devel/.private/bwi_msgs/share/common-lisp/ros/bwi_msgs/msg/_package_LEDControlAction.lisp, /home/yohei/rl_ws/devel/share/common-lisp/ros/bwi_msgs/msg/_package_LEDControlAction.lisp)
Linked: (/home/yohei/rl_ws/devel/.private/bwi_msgs/share/common-lisp/ros/bwi_msgs/msg/LogicalActionFeedback.lisp, /home/yohei/rl_ws/devel/share/common-lisp/ros/bwi_msgs/msg/LogicalActionFeedback.lisp)
Linked: (/home/yohei/rl_ws/devel/.private/bwi_msgs/share/common-lisp/ros/bwi_msgs/msg/_package_LogicalActionResult.lisp, /home/yohei/rl_ws/devel/share/common-lisp/ros/bwi_msgs/msg/_package_LogicalActionResult.lisp)
Linked: (/home/yohei/rl_ws/devel/.private/bwi_msgs/share/common-lisp/ros/bwi_msgs/msg/LogicalActionActionResult.lisp, /home/yohei/rl_ws/devel/share/common-lisp/ros/bwi_msgs/msg/LogicalActionActionResult.lisp)
Linked: (/home/yohei/rl_ws/devel/.private/bwi_msgs/share/common-lisp/ros/bwi_msgs/msg/_package_LEDAnimations.lisp, /home/yohei/rl_ws/devel/share/common-lisp/ros/bwi_msgs/msg/_package_LEDAnimations.lisp)
Linked: (/home/yohei/rl_ws/devel/.private/bwi_msgs/share/common-lisp/ros/bwi_msgs/msg/_package_LogicalActionAction.lisp, /home/yohei/rl_ws/devel/share/common-lisp/ros/bwi_msgs/msg/_package_LogicalActionAction.lisp)
Linked: (/home/yohei/rl_ws/devel/.private/bwi_msgs/share/common-lisp/ros/bwi_msgs/msg/_package_LEDControlActionGoal.lisp, /home/yohei/rl_ws/devel/share/common-lisp/ros/bwi_msgs/msg/_package_LEDControlActionGoal.lisp)
Linked: (/home/yohei/rl_ws/devel/.private/bwi_msgs/share/common-lisp/ros/bwi_msgs/msg/LEDControlActionFeedback.lisp, /home/yohei/rl_ws/devel/share/common-lisp/ros/bwi_msgs/msg/LEDControlActionFeedback.lisp)
Linked: (/home/yohei/rl_ws/devel/.private/bwi_msgs/share/common-lisp/ros/bwi_msgs/msg/LEDTestType.lisp, /home/yohei/rl_ws/devel/share/common-lisp/ros/bwi_msgs/msg/LEDTestType.lisp)
Linked: (/home/yohei/rl_ws/devel/.private/bwi_msgs/share/common-lisp/ros/bwi_msgs/msg/_package_LogicalActionActionFeedback.lisp, /home/yohei/rl_ws/devel/share/common-lisp/ros/bwi_msgs/msg/_package_LogicalActionActionFeedback.lisp)
Linked: (/home/yohei/rl_ws/devel/.private/bwi_msgs/share/common-lisp/ros/bwi_msgs/msg/_package_ScavStatus.lisp, /home/yohei/rl_ws/devel/share/common-lisp/ros/bwi_msgs/msg/_package_ScavStatus.lisp)
Linked: (/home/yohei/rl_ws/devel/.private/bwi_msgs/share/common-lisp/ros/bwi_msgs/msg/LEDControlAction.lisp, /home/yohei/rl_ws/devel/share/common-lisp/ros/bwi_msgs/msg/LEDControlAction.lisp)
Linked: (/home/yohei/rl_ws/devel/.private/bwi_msgs/share/common-lisp/ros/bwi_msgs/msg/WeekTime.lisp, /home/yohei/rl_ws/devel/share/common-lisp/ros/bwi_msgs/msg/WeekTime.lisp)
Linked: (/home/yohei/rl_ws/devel/.private/bwi_msgs/share/common-lisp/ros/bwi_msgs/msg/LogicalActionActionGoal.lisp, /home/yohei/rl_ws/devel/share/common-lisp/ros/bwi_msgs/msg/LogicalActionActionGoal.lisp)
Linked: (/home/yohei/rl_ws/devel/.private/bwi_msgs/include/bwi_msgs/SaveImageResponse.h, /home/yohei/rl_ws/devel/include/bwi_msgs/SaveImageResponse.h)
Linked: (/home/yohei/rl_ws/devel/.private/bwi_msgs/include/bwi_msgs/NextLocationRequest.h, /home/yohei/rl_ws/devel/include/bwi_msgs/NextLocationRequest.h)
Linked: (/home/yohei/rl_ws/devel/.private/bwi_msgs/include/bwi_msgs/LogicalActionActionFeedback.h, /home/yohei/rl_ws/devel/include/bwi_msgs/LogicalActionActionFeedback.h)
Linked: (/home/yohei/rl_ws/devel/.private/bwi_msgs/include/bwi_msgs/ImageQuestion.h, /home/yohei/rl_ws/devel/include/bwi_msgs/ImageQuestion.h)
Linked: (/home/yohei/rl_ws/devel/.private/bwi_msgs/include/bwi_msgs/RobotTeleporterInterface.h, /home/yohei/rl_ws/devel/include/bwi_msgs/RobotTeleporterInterface.h)
Linked: (/home/yohei/rl_ws/devel/.private/bwi_msgs/include/bwi_msgs/GetNextImageRequest.h, /home/yohei/rl_ws/devel/include/bwi_msgs/GetNextImageRequest.h)
Linked: (/home/yohei/rl_ws/devel/.private/bwi_msgs/include/bwi_msgs/ScavStatus.h, /home/yohei/rl_ws/devel/include/bwi_msgs/ScavStatus.h)
Linked: (/home/yohei/rl_ws/devel/.private/bwi_msgs/include/bwi_msgs/ActionUpdateResponse.h, /home/yohei/rl_ws/devel/include/bwi_msgs/ActionUpdateResponse.h)
Linked: (/home/yohei/rl_ws/devel/.private/bwi_msgs/include/bwi_msgs/LEDClear.h, /home/yohei/rl_ws/devel/include/bwi_msgs/LEDClear.h)
Linked: (/home/yohei/rl_ws/devel/.private/bwi_msgs/include/bwi_msgs/UpdateObjectResponse.h, /home/yohei/rl_ws/devel/include/bwi_msgs/UpdateObjectResponse.h)
Linked: (/home/yohei/rl_ws/devel/.private/bwi_msgs/include/bwi_msgs/Trigger.h, /home/yohei/rl_ws/devel/include/bwi_msgs/Trigger.h)
Linked: (/home/yohei/rl_ws/devel/.private/bwi_msgs/include/bwi_msgs/UpdateObjectRequest.h, /home/yohei/rl_ws/devel/include/bwi_msgs/UpdateObjectRequest.h)
Linked: (/home/yohei/rl_ws/devel/.private/bwi_msgs/include/bwi_msgs/GetNextImage.h, /home/yohei/rl_ws/devel/include/bwi_msgs/GetNextImage.h)
Linked: (/home/yohei/rl_ws/devel/.private/bwi_msgs/include/bwi_msgs/LocationAction.h, /home/yohei/rl_ws/devel/include/bwi_msgs/LocationAction.h)
Linked: (/home/yohei/rl_ws/devel/.private/bwi_msgs/include/bwi_msgs/DoorHandlerInterfaceResponse.h, /home/yohei/rl_ws/devel/include/bwi_msgs/DoorHandlerInterfaceResponse.h)
Linked: (/home/yohei/rl_ws/devel/.private/bwi_msgs/include/bwi_msgs/LEDSetStatusRequest.h, /home/yohei/rl_ws/devel/include/bwi_msgs/LEDSetStatusRequest.h)
Linked: (/home/yohei/rl_ws/devel/.private/bwi_msgs/include/bwi_msgs/LEDTestStripResponse.h, /home/yohei/rl_ws/devel/include/bwi_msgs/LEDTestStripResponse.h)
Linked: (/home/yohei/rl_ws/devel/.private/bwi_msgs/include/bwi_msgs/UploadImage.h, /home/yohei/rl_ws/devel/include/bwi_msgs/UploadImage.h)
Linked: (/home/yohei/rl_ws/devel/.private/bwi_msgs/include/bwi_msgs/StopBaseRequest.h, /home/yohei/rl_ws/devel/include/bwi_msgs/StopBaseRequest.h)
Linked: (/home/yohei/rl_ws/devel/.private/bwi_msgs/include/bwi_msgs/StopBaseResponse.h, /home/yohei/rl_ws/devel/include/bwi_msgs/StopBaseResponse.h)
Linked: (/home/yohei/rl_ws/devel/.private/bwi_msgs/include/bwi_msgs/NextLocationResponse.h, /home/yohei/rl_ws/devel/include/bwi_msgs/NextLocationResponse.h)
Linked: (/home/yohei/rl_ws/devel/.private/bwi_msgs/include/bwi_msgs/LEDControlResult.h, /home/yohei/rl_ws/devel/include/bwi_msgs/LEDControlResult.h)
Linked: (/home/yohei/rl_ws/devel/.private/bwi_msgs/include/bwi_msgs/DoorHandlerInterface.h, /home/yohei/rl_ws/devel/include/bwi_msgs/DoorHandlerInterface.h)
Linked: (/home/yohei/rl_ws/devel/.private/bwi_msgs/include/bwi_msgs/ScavHuntResponse.h, /home/yohei/rl_ws/devel/include/bwi_msgs/ScavHuntResponse.h)
Linked: (/home/yohei/rl_ws/devel/.private/bwi_msgs/include/bwi_msgs/LEDControlActionResult.h, /home/yohei/rl_ws/devel/include/bwi_msgs/LEDControlActionResult.h)
Linked: (/home/yohei/rl_ws/devel/.private/bwi_msgs/include/bwi_msgs/UpdateObject.h, /home/yohei/rl_ws/devel/include/bwi_msgs/UpdateObject.h)
Linked: (/home/yohei/rl_ws/devel/.private/bwi_msgs/include/bwi_msgs/SemanticParserRequest.h, /home/yohei/rl_ws/devel/include/bwi_msgs/SemanticParserRequest.h)
Linked: (/home/yohei/rl_ws/devel/.private/bwi_msgs/include/bwi_msgs/ResolveChangeFloorResponse.h, /home/yohei/rl_ws/devel/include/bwi_msgs/ResolveChangeFloorResponse.h)
Linked: (/home/yohei/rl_ws/devel/.private/bwi_msgs/include/bwi_msgs/LEDTestStripRequest.h, /home/yohei/rl_ws/devel/include/bwi_msgs/LEDTestStripRequest.h)
Linked: (/home/yohei/rl_ws/devel/.private/bwi_msgs/include/bwi_msgs/LEDTestType.h, /home/yohei/rl_ws/devel/include/bwi_msgs/LEDTestType.h)
Linked: (/home/yohei/rl_ws/devel/.private/bwi_msgs/include/bwi_msgs/DoorHandlerInterfaceRequest.h, /home/yohei/rl_ws/devel/include/bwi_msgs/DoorHandlerInterfaceRequest.h)
Linked: (/home/yohei/rl_ws/devel/.private/bwi_msgs/include/bwi_msgs/AvailableRobotArray.h, /home/yohei/rl_ws/devel/include/bwi_msgs/AvailableRobotArray.h)
Linked: (/home/yohei/rl_ws/devel/.private/bwi_msgs/include/bwi_msgs/SemanticParserResponse.h, /home/yohei/rl_ws/devel/include/bwi_msgs/SemanticParserResponse.h)
Linked: (/home/yohei/rl_ws/devel/.private/bwi_msgs/include/bwi_msgs/LEDAnimations.h, /home/yohei/rl_ws/devel/include/bwi_msgs/LEDAnimations.h)
Linked: (/home/yohei/rl_ws/devel/.private/bwi_msgs/include/bwi_msgs/ScavHuntRequest.h, /home/yohei/rl_ws/devel/include/bwi_msgs/ScavHuntRequest.h)
Linked: (/home/yohei/rl_ws/devel/.private/bwi_msgs/include/bwi_msgs/LEDSetStatus.h, /home/yohei/rl_ws/devel/include/bwi_msgs/LEDSetStatus.h)
Linked: (/home/yohei/rl_ws/devel/.private/bwi_msgs/include/bwi_msgs/LogicalActionActionGoal.h, /home/yohei/rl_ws/devel/include/bwi_msgs/LogicalActionActionGoal.h)
Linked: (/home/yohei/rl_ws/devel/.private/bwi_msgs/include/bwi_msgs/LEDControlActionFeedback.h, /home/yohei/rl_ws/devel/include/bwi_msgs/LEDControlActionFeedback.h)
Linked: (/home/yohei/rl_ws/devel/.private/bwi_msgs/include/bwi_msgs/LEDTestStrip.h, /home/yohei/rl_ws/devel/include/bwi_msgs/LEDTestStrip.h)
Linked: (/home/yohei/rl_ws/devel/.private/bwi_msgs/include/bwi_msgs/ImageQuestionRequest.h, /home/yohei/rl_ws/devel/include/bwi_msgs/ImageQuestionRequest.h)
Linked: (/home/yohei/rl_ws/devel/.private/bwi_msgs/include/bwi_msgs/LogicalActionResult.h, /home/yohei/rl_ws/devel/include/bwi_msgs/LogicalActionResult.h)
Linked: (/home/yohei/rl_ws/devel/.private/bwi_msgs/include/bwi_msgs/ScavHunt.h, /home/yohei/rl_ws/devel/include/bwi_msgs/ScavHunt.h)
Linked: (/home/yohei/rl_ws/devel/.private/bwi_msgs/include/bwi_msgs/QuestionDialog.h, /home/yohei/rl_ws/devel/include/bwi_msgs/QuestionDialog.h)
Linked: (/home/yohei/rl_ws/devel/.private/bwi_msgs/include/bwi_msgs/LEDStatus.h, /home/yohei/rl_ws/devel/include/bwi_msgs/LEDStatus.h)
Linked: (/home/yohei/rl_ws/devel/.private/bwi_msgs/include/bwi_msgs/ResolveChangeFloorRequest.h, /home/yohei/rl_ws/devel/include/bwi_msgs/ResolveChangeFloorRequest.h)
Linked: (/home/yohei/rl_ws/devel/.private/bwi_msgs/include/bwi_msgs/StopBase.h, /home/yohei/rl_ws/devel/include/bwi_msgs/StopBase.h)
Linked: (/home/yohei/rl_ws/devel/.private/bwi_msgs/include/bwi_msgs/RobotTeleporterInterfaceRequest.h, /home/yohei/rl_ws/devel/include/bwi_msgs/RobotTeleporterInterfaceRequest.h)
Linked: (/home/yohei/rl_ws/devel/.private/bwi_msgs/include/bwi_msgs/LogicalActionGoal.h, /home/yohei/rl_ws/devel/include/bwi_msgs/LogicalActionGoal.h)
Linked: (/home/yohei/rl_ws/devel/.private/bwi_msgs/include/bwi_msgs/ActionUpdateRequest.h, /home/yohei/rl_ws/devel/include/bwi_msgs/ActionUpdateRequest.h)
Linked: (/home/yohei/rl_ws/devel/.private/bwi_msgs/include/bwi_msgs/LEDControlActionGoal.h, /home/yohei/rl_ws/devel/include/bwi_msgs/LEDControlActionGoal.h)
Linked: (/home/yohei/rl_ws/devel/.private/bwi_msgs/include/bwi_msgs/GetNextImageResponse.h, /home/yohei/rl_ws/devel/include/bwi_msgs/GetNextImageResponse.h)
Linked: (/home/yohei/rl_ws/devel/.private/bwi_msgs/include/bwi_msgs/TriggerRequest.h, /home/yohei/rl_ws/devel/include/bwi_msgs/TriggerRequest.h)
Linked: (/home/yohei/rl_ws/devel/.private/bwi_msgs/include/bwi_msgs/LEDActionResult.h, /home/yohei/rl_ws/devel/include/bwi_msgs/LEDActionResult.h)
Linked: (/home/yohei/rl_ws/devel/.private/bwi_msgs/include/bwi_msgs/LEDControlGoal.h, /home/yohei/rl_ws/devel/include/bwi_msgs/LEDControlGoal.h)
Linked: (/home/yohei/rl_ws/devel/.private/bwi_msgs/include/bwi_msgs/LogicalActionAction.h, /home/yohei/rl_ws/devel/include/bwi_msgs/LogicalActionAction.h)
Linked: (/home/yohei/rl_ws/devel/.private/bwi_msgs/include/bwi_msgs/LEDClearRequest.h, /home/yohei/rl_ws/devel/include/bwi_msgs/LEDClearRequest.h)
Linked: (/home/yohei/rl_ws/devel/.private/bwi_msgs/include/bwi_msgs/ActionUpdate.h, /home/yohei/rl_ws/devel/include/bwi_msgs/ActionUpdate.h)
Linked: (/home/yohei/rl_ws/devel/.private/bwi_msgs/include/bwi_msgs/RobotTeleporterInterfaceResponse.h, /home/yohei/rl_ws/devel/include/bwi_msgs/RobotTeleporterInterfaceResponse.h)
Linked: (/home/yohei/rl_ws/devel/.private/bwi_msgs/include/bwi_msgs/LocationActionRequest.h, /home/yohei/rl_ws/devel/include/bwi_msgs/LocationActionRequest.h)
Linked: (/home/yohei/rl_ws/devel/.private/bwi_msgs/include/bwi_msgs/SaveImageResponseRequest.h, /home/yohei/rl_ws/devel/include/bwi_msgs/SaveImageResponseRequest.h)
Linked: (/home/yohei/rl_ws/devel/.private/bwi_msgs/include/bwi_msgs/UploadImageRequest.h, /home/yohei/rl_ws/devel/include/bwi_msgs/UploadImageRequest.h)
Linked: (/home/yohei/rl_ws/devel/.private/bwi_msgs/include/bwi_msgs/NextLocation.h, /home/yohei/rl_ws/devel/include/bwi_msgs/NextLocation.h)
Linked: (/home/yohei/rl_ws/devel/.private/bwi_msgs/include/bwi_msgs/LEDClearResponse.h, /home/yohei/rl_ws/devel/include/bwi_msgs/LEDClearResponse.h)
Linked: (/home/yohei/rl_ws/devel/.private/bwi_msgs/include/bwi_msgs/ResolveChangeFloor.h, /home/yohei/rl_ws/devel/include/bwi_msgs/ResolveChangeFloor.h)
Linked: (/home/yohei/rl_ws/devel/.private/bwi_msgs/include/bwi_msgs/UploadImageResponse.h, /home/yohei/rl_ws/devel/include/bwi_msgs/UploadImageResponse.h)
Linked: (/home/yohei/rl_ws/devel/.private/bwi_msgs/include/bwi_msgs/StopBaseStatus.h, /home/yohei/rl_ws/devel/include/bwi_msgs/StopBaseStatus.h)
Linked: (/home/yohei/rl_ws/devel/.private/bwi_msgs/include/bwi_msgs/SemanticParser.h, /home/yohei/rl_ws/devel/include/bwi_msgs/SemanticParser.h)
Linked: (/home/yohei/rl_ws/devel/.private/bwi_msgs/include/bwi_msgs/SaveImageResponseResponse.h, /home/yohei/rl_ws/devel/include/bwi_msgs/SaveImageResponseResponse.h)
Linked: (/home/yohei/rl_ws/devel/.private/bwi_msgs/include/bwi_msgs/TriggerResponse.h, /home/yohei/rl_ws/devel/include/bwi_msgs/TriggerResponse.h)
Linked: (/home/yohei/rl_ws/devel/.private/bwi_msgs/include/bwi_msgs/LogicalActionFeedback.h, /home/yohei/rl_ws/devel/include/bwi_msgs/LogicalActionFeedback.h)
Linked: (/home/yohei/rl_ws/devel/.private/bwi_msgs/include/bwi_msgs/LEDSetStatusResponse.h, /home/yohei/rl_ws/devel/include/bwi_msgs/LEDSetStatusResponse.h)
Linked: (/home/yohei/rl_ws/devel/.private/bwi_msgs/include/bwi_msgs/LocationActionResponse.h, /home/yohei/rl_ws/devel/include/bwi_msgs/LocationActionResponse.h)
Linked: (/home/yohei/rl_ws/devel/.private/bwi_msgs/include/bwi_msgs/LEDControlFeedback.h, /home/yohei/rl_ws/devel/include/bwi_msgs/LEDControlFeedback.h)
Linked: (/home/yohei/rl_ws/devel/.private/bwi_msgs/include/bwi_msgs/LEDControlAction.h, /home/yohei/rl_ws/devel/include/bwi_msgs/LEDControlAction.h)
Linked: (/home/yohei/rl_ws/devel/.private/bwi_msgs/include/bwi_msgs/QuestionDialogResponse.h, /home/yohei/rl_ws/devel/include/bwi_msgs/QuestionDialogResponse.h)
Linked: (/home/yohei/rl_ws/devel/.private/bwi_msgs/include/bwi_msgs/QuestionDialogRequest.h, /home/yohei/rl_ws/devel/include/bwi_msgs/QuestionDialogRequest.h)
Linked: (/home/yohei/rl_ws/devel/.private/bwi_msgs/include/bwi_msgs/WeekTime.h, /home/yohei/rl_ws/devel/include/bwi_msgs/WeekTime.h)
Linked: (/home/yohei/rl_ws/devel/.private/bwi_msgs/include/bwi_msgs/ImageQuestionResponse.h, /home/yohei/rl_ws/devel/include/bwi_msgs/ImageQuestionResponse.h)
Linked: (/home/yohei/rl_ws/devel/.private/bwi_msgs/include/bwi_msgs/LogicalActionActionResult.h, /home/yohei/rl_ws/devel/include/bwi_msgs/LogicalActionActionResult.h)
Linked: (/home/yohei/rl_ws/devel/.private/bwi_msgs/include/bwi_msgs/AvailableRobot.h, /home/yohei/rl_ws/devel/include/bwi_msgs/AvailableRobot.h)
Linked: (/home/yohei/rl_ws/devel/.private/bwi_msgs/lib/python2.7/dist-packages/bwi_msgs/__init__.py, /home/yohei/rl_ws/devel/lib/python2.7/dist-packages/bwi_msgs/__init__.py)
Linked: (/home/yohei/rl_ws/devel/.private/bwi_msgs/lib/python2.7/dist-packages/bwi_msgs/srv/_LEDTestStrip.py, /home/yohei/rl_ws/devel/lib/python2.7/dist-packages/bwi_msgs/srv/_LEDTestStrip.py)
Linked: (/home/yohei/rl_ws/devel/.private/bwi_msgs/lib/python2.7/dist-packages/bwi_msgs/srv/_LEDSetStatus.py, /home/yohei/rl_ws/devel/lib/python2.7/dist-packages/bwi_msgs/srv/_LEDSetStatus.py)
Linked: (/home/yohei/rl_ws/devel/.private/bwi_msgs/lib/python2.7/dist-packages/bwi_msgs/srv/_NextLocation.py, /home/yohei/rl_ws/devel/lib/python2.7/dist-packages/bwi_msgs/srv/_NextLocation.py)
Linked: (/home/yohei/rl_ws/devel/.private/bwi_msgs/lib/python2.7/dist-packages/bwi_msgs/srv/_ResolveChangeFloor.py, /home/yohei/rl_ws/devel/lib/python2.7/dist-packages/bwi_msgs/srv/_ResolveChangeFloor.py)
Linked: (/home/yohei/rl_ws/devel/.private/bwi_msgs/lib/python2.7/dist-packages/bwi_msgs/srv/_QuestionDialog.py, /home/yohei/rl_ws/devel/lib/python2.7/dist-packages/bwi_msgs/srv/_QuestionDialog.py)
Linked: (/home/yohei/rl_ws/devel/.private/bwi_msgs/lib/python2.7/dist-packages/bwi_msgs/srv/_SaveImageResponse.py, /home/yohei/rl_ws/devel/lib/python2.7/dist-packages/bwi_msgs/srv/_SaveImageResponse.py)
Linked: (/home/yohei/rl_ws/devel/.private/bwi_msgs/lib/python2.7/dist-packages/bwi_msgs/srv/_DoorHandlerInterface.py, /home/yohei/rl_ws/devel/lib/python2.7/dist-packages/bwi_msgs/srv/_DoorHandlerInterface.py)
Linked: (/home/yohei/rl_ws/devel/.private/bwi_msgs/lib/python2.7/dist-packages/bwi_msgs/srv/_LEDClear.py, /home/yohei/rl_ws/devel/lib/python2.7/dist-packages/bwi_msgs/srv/_LEDClear.py)
Linked: (/home/yohei/rl_ws/devel/.private/bwi_msgs/lib/python2.7/dist-packages/bwi_msgs/srv/_ActionUpdate.py, /home/yohei/rl_ws/devel/lib/python2.7/dist-packages/bwi_msgs/srv/_ActionUpdate.py)
Linked: (/home/yohei/rl_ws/devel/.private/bwi_msgs/lib/python2.7/dist-packages/bwi_msgs/srv/_UpdateObject.py, /home/yohei/rl_ws/devel/lib/python2.7/dist-packages/bwi_msgs/srv/_UpdateObject.py)
Linked: (/home/yohei/rl_ws/devel/.private/bwi_msgs/lib/python2.7/dist-packages/bwi_msgs/srv/_Trigger.py, /home/yohei/rl_ws/devel/lib/python2.7/dist-packages/bwi_msgs/srv/_Trigger.py)
Linked: (/home/yohei/rl_ws/devel/.private/bwi_msgs/lib/python2.7/dist-packages/bwi_msgs/srv/_ScavHunt.py, /home/yohei/rl_ws/devel/lib/python2.7/dist-packages/bwi_msgs/srv/_ScavHunt.py)
Linked: (/home/yohei/rl_ws/devel/.private/bwi_msgs/lib/python2.7/dist-packages/bwi_msgs/srv/__init__.py, /home/yohei/rl_ws/devel/lib/python2.7/dist-packages/bwi_msgs/srv/__init__.py)
Linked: (/home/yohei/rl_ws/devel/.private/bwi_msgs/lib/python2.7/dist-packages/bwi_msgs/srv/_UploadImage.py, /home/yohei/rl_ws/devel/lib/python2.7/dist-packages/bwi_msgs/srv/_UploadImage.py)
Linked: (/home/yohei/rl_ws/devel/.private/bwi_msgs/lib/python2.7/dist-packages/bwi_msgs/srv/_SemanticParser.py, /home/yohei/rl_ws/devel/lib/python2.7/dist-packages/bwi_msgs/srv/_SemanticParser.py)
Linked: (/home/yohei/rl_ws/devel/.private/bwi_msgs/lib/python2.7/dist-packages/bwi_msgs/srv/_ImageQuestion.py, /home/yohei/rl_ws/devel/lib/python2.7/dist-packages/bwi_msgs/srv/_ImageQuestion.py)
Linked: (/home/yohei/rl_ws/devel/.private/bwi_msgs/lib/python2.7/dist-packages/bwi_msgs/srv/_LocationAction.py, /home/yohei/rl_ws/devel/lib/python2.7/dist-packages/bwi_msgs/srv/_LocationAction.py)
Linked: (/home/yohei/rl_ws/devel/.private/bwi_msgs/lib/python2.7/dist-packages/bwi_msgs/srv/_StopBase.py, /home/yohei/rl_ws/devel/lib/python2.7/dist-packages/bwi_msgs/srv/_StopBase.py)
Linked: (/home/yohei/rl_ws/devel/.private/bwi_msgs/lib/python2.7/dist-packages/bwi_msgs/srv/_GetNextImage.py, /home/yohei/rl_ws/devel/lib/python2.7/dist-packages/bwi_msgs/srv/_GetNextImage.py)
Linked: (/home/yohei/rl_ws/devel/.private/bwi_msgs/lib/python2.7/dist-packages/bwi_msgs/srv/_RobotTeleporterInterface.py, /home/yohei/rl_ws/devel/lib/python2.7/dist-packages/bwi_msgs/srv/_RobotTeleporterInterface.py)
Linked: (/home/yohei/rl_ws/devel/.private/bwi_msgs/lib/python2.7/dist-packages/bwi_msgs/msg/_LogicalActionResult.py, /home/yohei/rl_ws/devel/lib/python2.7/dist-packages/bwi_msgs/msg/_LogicalActionResult.py)
Linked: (/home/yohei/rl_ws/devel/.private/bwi_msgs/lib/python2.7/dist-packages/bwi_msgs/msg/_LEDControlGoal.py, /home/yohei/rl_ws/devel/lib/python2.7/dist-packages/bwi_msgs/msg/_LEDControlGoal.py)
Linked: (/home/yohei/rl_ws/devel/.private/bwi_msgs/lib/python2.7/dist-packages/bwi_msgs/msg/_LogicalActionFeedback.py, /home/yohei/rl_ws/devel/lib/python2.7/dist-packages/bwi_msgs/msg/_LogicalActionFeedback.py)
Linked: (/home/yohei/rl_ws/devel/.private/bwi_msgs/lib/python2.7/dist-packages/bwi_msgs/msg/_LEDAnimations.py, /home/yohei/rl_ws/devel/lib/python2.7/dist-packages/bwi_msgs/msg/_LEDAnimations.py)
Linked: (/home/yohei/rl_ws/devel/.private/bwi_msgs/lib/python2.7/dist-packages/bwi_msgs/msg/_LogicalActionActionFeedback.py, /home/yohei/rl_ws/devel/lib/python2.7/dist-packages/bwi_msgs/msg/_LogicalActionActionFeedback.py)
Linked: (/home/yohei/rl_ws/devel/.private/bwi_msgs/lib/python2.7/dist-packages/bwi_msgs/msg/_LogicalActionActionGoal.py, /home/yohei/rl_ws/devel/lib/python2.7/dist-packages/bwi_msgs/msg/_LogicalActionActionGoal.py)
Linked: (/home/yohei/rl_ws/devel/.private/bwi_msgs/lib/python2.7/dist-packages/bwi_msgs/msg/_ScavStatus.py, /home/yohei/rl_ws/devel/lib/python2.7/dist-packages/bwi_msgs/msg/_ScavStatus.py)
Linked: (/home/yohei/rl_ws/devel/.private/bwi_msgs/lib/python2.7/dist-packages/bwi_msgs/msg/_AvailableRobot.py, /home/yohei/rl_ws/devel/lib/python2.7/dist-packages/bwi_msgs/msg/_AvailableRobot.py)
Linked: (/home/yohei/rl_ws/devel/.private/bwi_msgs/lib/python2.7/dist-packages/bwi_msgs/msg/_LEDControlActionGoal.py, /home/yohei/rl_ws/devel/lib/python2.7/dist-packages/bwi_msgs/msg/_LEDControlActionGoal.py)
Linked: (/home/yohei/rl_ws/devel/.private/bwi_msgs/lib/python2.7/dist-packages/bwi_msgs/msg/_LogicalActionAction.py, /home/yohei/rl_ws/devel/lib/python2.7/dist-packages/bwi_msgs/msg/_LogicalActionAction.py)
Linked: (/home/yohei/rl_ws/devel/.private/bwi_msgs/lib/python2.7/dist-packages/bwi_msgs/msg/_LogicalActionActionResult.py, /home/yohei/rl_ws/devel/lib/python2.7/dist-packages/bwi_msgs/msg/_LogicalActionActionResult.py)
Linked: (/home/yohei/rl_ws/devel/.private/bwi_msgs/lib/python2.7/dist-packages/bwi_msgs/msg/_LEDStatus.py, /home/yohei/rl_ws/devel/lib/python2.7/dist-packages/bwi_msgs/msg/_LEDStatus.py)
Linked: (/home/yohei/rl_ws/devel/.private/bwi_msgs/lib/python2.7/dist-packages/bwi_msgs/msg/_LogicalActionGoal.py, /home/yohei/rl_ws/devel/lib/python2.7/dist-packages/bwi_msgs/msg/_LogicalActionGoal.py)
Linked: (/home/yohei/rl_ws/devel/.private/bwi_msgs/lib/python2.7/dist-packages/bwi_msgs/msg/_LEDControlActionResult.py, /home/yohei/rl_ws/devel/lib/python2.7/dist-packages/bwi_msgs/msg/_LEDControlActionResult.py)
Linked: (/home/yohei/rl_ws/devel/.private/bwi_msgs/lib/python2.7/dist-packages/bwi_msgs/msg/_WeekTime.py, /home/yohei/rl_ws/devel/lib/python2.7/dist-packages/bwi_msgs/msg/_WeekTime.py)
Linked: (/home/yohei/rl_ws/devel/.private/bwi_msgs/lib/python2.7/dist-packages/bwi_msgs/msg/__init__.py, /home/yohei/rl_ws/devel/lib/python2.7/dist-packages/bwi_msgs/msg/__init__.py)
Linked: (/home/yohei/rl_ws/devel/.private/bwi_msgs/lib/python2.7/dist-packages/bwi_msgs/msg/_StopBaseStatus.py, /home/yohei/rl_ws/devel/lib/python2.7/dist-packages/bwi_msgs/msg/_StopBaseStatus.py)
Linked: (/home/yohei/rl_ws/devel/.private/bwi_msgs/lib/python2.7/dist-packages/bwi_msgs/msg/_AvailableRobotArray.py, /home/yohei/rl_ws/devel/lib/python2.7/dist-packages/bwi_msgs/msg/_AvailableRobotArray.py)
Linked: (/home/yohei/rl_ws/devel/.private/bwi_msgs/lib/python2.7/dist-packages/bwi_msgs/msg/_LEDControlResult.py, /home/yohei/rl_ws/devel/lib/python2.7/dist-packages/bwi_msgs/msg/_LEDControlResult.py)
Linked: (/home/yohei/rl_ws/devel/.private/bwi_msgs/lib/python2.7/dist-packages/bwi_msgs/msg/_LEDControlActionFeedback.py, /home/yohei/rl_ws/devel/lib/python2.7/dist-packages/bwi_msgs/msg/_LEDControlActionFeedback.py)
Linked: (/home/yohei/rl_ws/devel/.private/bwi_msgs/lib/python2.7/dist-packages/bwi_msgs/msg/_LEDControlFeedback.py, /home/yohei/rl_ws/devel/lib/python2.7/dist-packages/bwi_msgs/msg/_LEDControlFeedback.py)
Linked: (/home/yohei/rl_ws/devel/.private/bwi_msgs/lib/python2.7/dist-packages/bwi_msgs/msg/_LEDActionResult.py, /home/yohei/rl_ws/devel/lib/python2.7/dist-packages/bwi_msgs/msg/_LEDActionResult.py)
Linked: (/home/yohei/rl_ws/devel/.private/bwi_msgs/lib/python2.7/dist-packages/bwi_msgs/msg/_LEDTestType.py, /home/yohei/rl_ws/devel/lib/python2.7/dist-packages/bwi_msgs/msg/_LEDTestType.py)
Linked: (/home/yohei/rl_ws/devel/.private/bwi_msgs/lib/python2.7/dist-packages/bwi_msgs/msg/_LEDControlAction.py, /home/yohei/rl_ws/devel/lib/python2.7/dist-packages/bwi_msgs/msg/_LEDControlAction.py)
Linked: (/home/yohei/rl_ws/devel/.private/bwi_msgs/lib/pkgconfig/bwi_msgs.pc, /home/yohei/rl_ws/devel/lib/pkgconfig/bwi_msgs.pc)
