Determining if the pthread_create exist failed with the following output:
Change Dir: /home/yohei/rl_ws/build/bwi_tools/CMakeFiles/CMakeTmp

Run Build Command:"/usr/bin/make" "cmTC_73b12/fast"
/usr/bin/make -f CMakeFiles/cmTC_73b12.dir/build.make CMakeFiles/cmTC_73b12.dir/build
make[1]: Entering directory '/home/yohei/rl_ws/build/bwi_tools/CMakeFiles/CMakeTmp'
Building C object CMakeFiles/cmTC_73b12.dir/CheckSymbolExists.c.o
/usr/bin/cc     -o CMakeFiles/cmTC_73b12.dir/CheckSymbolExists.c.o   -c /home/yohei/rl_ws/build/bwi_tools/CMakeFiles/CMakeTmp/CheckSymbolExists.c
Linking C executable cmTC_73b12
/usr/bin/cmake -E cmake_link_script CMakeFiles/cmTC_73b12.dir/link.txt --verbose=1
/usr/bin/cc       CMakeFiles/cmTC_73b12.dir/CheckSymbolExists.c.o  -o cmTC_73b12 -rdynamic 
CMakeFiles/cmTC_73b12.dir/CheckSymbolExists.c.o: In function `main':
CheckSymbolExists.c:(.text+0x16): undefined reference to `pthread_create'
collect2: error: ld returned 1 exit status
CMakeFiles/cmTC_73b12.dir/build.make:97: recipe for target 'cmTC_73b12' failed
make[1]: *** [cmTC_73b12] Error 1
make[1]: Leaving directory '/home/yohei/rl_ws/build/bwi_tools/CMakeFiles/CMakeTmp'
Makefile:126: recipe for target 'cmTC_73b12/fast' failed
make: *** [cmTC_73b12/fast] Error 2

File /home/yohei/rl_ws/build/bwi_tools/CMakeFiles/CMakeTmp/CheckSymbolExists.c:
/* */
#include <pthread.h>

int main(int argc, char** argv)
{
  (void)argv;
#ifndef pthread_create
  return ((int*)(&pthread_create))[argc];
#else
  (void)argc;
  return 0;
#endif
}

Determining if the function pthread_create exists in the pthreads failed with the following output:
Change Dir: /home/yohei/rl_ws/build/bwi_tools/CMakeFiles/CMakeTmp

Run Build Command:"/usr/bin/make" "cmTC_0ad93/fast"
/usr/bin/make -f CMakeFiles/cmTC_0ad93.dir/build.make CMakeFiles/cmTC_0ad93.dir/build
make[1]: Entering directory '/home/yohei/rl_ws/build/bwi_tools/CMakeFiles/CMakeTmp'
Building C object CMakeFiles/cmTC_0ad93.dir/CheckFunctionExists.c.o
/usr/bin/cc    -DCHECK_FUNCTION_EXISTS=pthread_create   -o CMakeFiles/cmTC_0ad93.dir/CheckFunctionExists.c.o   -c /usr/share/cmake-3.5/Modules/CheckFunctionExists.c
Linking C executable cmTC_0ad93
/usr/bin/cmake -E cmake_link_script CMakeFiles/cmTC_0ad93.dir/link.txt --verbose=1
/usr/bin/cc   -DCHECK_FUNCTION_EXISTS=pthread_create    CMakeFiles/cmTC_0ad93.dir/CheckFunctionExists.c.o  -o cmTC_0ad93 -rdynamic -lpthreads 
/usr/bin/ld: cannot find -lpthreads
collect2: error: ld returned 1 exit status
CMakeFiles/cmTC_0ad93.dir/build.make:97: recipe for target 'cmTC_0ad93' failed
make[1]: *** [cmTC_0ad93] Error 1
make[1]: Leaving directory '/home/yohei/rl_ws/build/bwi_tools/CMakeFiles/CMakeTmp'
Makefile:126: recipe for target 'cmTC_0ad93/fast' failed
make: *** [cmTC_0ad93/fast] Error 2


