Determining if the pthread_create exist failed with the following output:
Change Dir: /home/yohei/rl_ws/build/segbot_description/CMakeFiles/CMakeTmp

Run Build Command:"/usr/bin/make" "cmTC_c2647/fast"
/usr/bin/make -f CMakeFiles/cmTC_c2647.dir/build.make CMakeFiles/cmTC_c2647.dir/build
make[1]: Entering directory '/home/yohei/rl_ws/build/segbot_description/CMakeFiles/CMakeTmp'
Building C object CMakeFiles/cmTC_c2647.dir/CheckSymbolExists.c.o
/usr/bin/cc     -o CMakeFiles/cmTC_c2647.dir/CheckSymbolExists.c.o   -c /home/yohei/rl_ws/build/segbot_description/CMakeFiles/CMakeTmp/CheckSymbolExists.c
Linking C executable cmTC_c2647
/usr/bin/cmake -E cmake_link_script CMakeFiles/cmTC_c2647.dir/link.txt --verbose=1
/usr/bin/cc       CMakeFiles/cmTC_c2647.dir/CheckSymbolExists.c.o  -o cmTC_c2647 -rdynamic 
CMakeFiles/cmTC_c2647.dir/CheckSymbolExists.c.o: In function `main':
CheckSymbolExists.c:(.text+0x16): undefined reference to `pthread_create'
collect2: error: ld returned 1 exit status
CMakeFiles/cmTC_c2647.dir/build.make:97: recipe for target 'cmTC_c2647' failed
make[1]: *** [cmTC_c2647] Error 1
make[1]: Leaving directory '/home/yohei/rl_ws/build/segbot_description/CMakeFiles/CMakeTmp'
Makefile:126: recipe for target 'cmTC_c2647/fast' failed
make: *** [cmTC_c2647/fast] Error 2

File /home/yohei/rl_ws/build/segbot_description/CMakeFiles/CMakeTmp/CheckSymbolExists.c:
/* */
#include <pthread.h>

int main(int argc, char** argv)
{
  (void)argv;
#ifndef pthread_create
  return ((int*)(&pthread_create))[argc];
#else
  (void)argc;
  return 0;
#endif
}

Determining if the function pthread_create exists in the pthreads failed with the following output:
Change Dir: /home/yohei/rl_ws/build/segbot_description/CMakeFiles/CMakeTmp

Run Build Command:"/usr/bin/make" "cmTC_9eefd/fast"
/usr/bin/make -f CMakeFiles/cmTC_9eefd.dir/build.make CMakeFiles/cmTC_9eefd.dir/build
make[1]: Entering directory '/home/yohei/rl_ws/build/segbot_description/CMakeFiles/CMakeTmp'
Building C object CMakeFiles/cmTC_9eefd.dir/CheckFunctionExists.c.o
/usr/bin/cc    -DCHECK_FUNCTION_EXISTS=pthread_create   -o CMakeFiles/cmTC_9eefd.dir/CheckFunctionExists.c.o   -c /usr/share/cmake-3.5/Modules/CheckFunctionExists.c
Linking C executable cmTC_9eefd
/usr/bin/cmake -E cmake_link_script CMakeFiles/cmTC_9eefd.dir/link.txt --verbose=1
/usr/bin/cc   -DCHECK_FUNCTION_EXISTS=pthread_create    CMakeFiles/cmTC_9eefd.dir/CheckFunctionExists.c.o  -o cmTC_9eefd -rdynamic -lpthreads 
/usr/bin/ld: cannot find -lpthreads
collect2: error: ld returned 1 exit status
CMakeFiles/cmTC_9eefd.dir/build.make:97: recipe for target 'cmTC_9eefd' failed
make[1]: *** [cmTC_9eefd] Error 1
make[1]: Leaving directory '/home/yohei/rl_ws/build/segbot_description/CMakeFiles/CMakeTmp'
Makefile:126: recipe for target 'cmTC_9eefd/fast' failed
make: *** [cmTC_9eefd/fast] Error 2


