Symlinking /home/yohei/rl_ws/devel/share/astra_camera/cmake/astra_camera-msg-paths.cmake
Symlinking /home/yohei/rl_ws/devel/share/astra_camera/cmake/astra_cameraConfig.cmake
Symlinking /home/yohei/rl_ws/devel/share/astra_camera/cmake/astra_cameraConfig-version.cmake
Symlinking /home/yohei/rl_ws/devel/share/astra_camera/cmake/astra_camera-msg-extras.cmake
Symlinking /home/yohei/rl_ws/devel/share/astra_camera/docs/AstraConfig-usage.dox
Symlinking /home/yohei/rl_ws/devel/share/astra_camera/docs/UVCCameraConfig-usage.dox
Symlinking /home/yohei/rl_ws/devel/share/astra_camera/docs/AstraConfig.dox
Symlinking /home/yohei/rl_ws/devel/share/astra_camera/docs/UVCCameraConfig.wikidoc
Symlinking /home/yohei/rl_ws/devel/share/astra_camera/docs/UVCCameraConfig.dox
Symlinking /home/yohei/rl_ws/devel/share/astra_camera/docs/AstraConfig.wikidoc
Symlinking /home/yohei/rl_ws/devel/share/roseus/ros/astra_camera/manifest.l
Symlinking /home/yohei/rl_ws/devel/share/roseus/ros/astra_camera/srv/SetLDP.l
Symlinking /home/yohei/rl_ws/devel/share/roseus/ros/astra_camera/srv/GetDeviceType.l
Symlinking /home/yohei/rl_ws/devel/share/roseus/ros/astra_camera/srv/ResetIRExposure.l
Symlinking /home/yohei/rl_ws/devel/share/roseus/ros/astra_camera/srv/SetUVCWhiteBalance.l
Symlinking /home/yohei/rl_ws/devel/share/roseus/ros/astra_camera/srv/SetUVCGain.l
Symlinking /home/yohei/rl_ws/devel/share/roseus/ros/astra_camera/srv/SwitchIRCamera.l
Symlinking /home/yohei/rl_ws/devel/share/roseus/ros/astra_camera/srv/SetIRGain.l
Symlinking /home/yohei/rl_ws/devel/share/roseus/ros/astra_camera/srv/GetUVCGain.l
Symlinking /home/yohei/rl_ws/devel/share/roseus/ros/astra_camera/srv/ResetIRGain.l
Symlinking /home/yohei/rl_ws/devel/share/roseus/ros/astra_camera/srv/GetUVCWhiteBalance.l
Symlinking /home/yohei/rl_ws/devel/share/roseus/ros/astra_camera/srv/SetLaser.l
Symlinking /home/yohei/rl_ws/devel/share/roseus/ros/astra_camera/srv/GetIRExposure.l
Symlinking /home/yohei/rl_ws/devel/share/roseus/ros/astra_camera/srv/SetUVCExposure.l
Symlinking /home/yohei/rl_ws/devel/share/roseus/ros/astra_camera/srv/SetIRFlood.l
Symlinking /home/yohei/rl_ws/devel/share/roseus/ros/astra_camera/srv/GetUVCExposure.l
Symlinking /home/yohei/rl_ws/devel/share/roseus/ros/astra_camera/srv/SetIRExposure.l
Symlinking /home/yohei/rl_ws/devel/share/roseus/ros/astra_camera/srv/GetCameraInfo.l
Symlinking /home/yohei/rl_ws/devel/share/roseus/ros/astra_camera/srv/GetIRGain.l
Symlinking /home/yohei/rl_ws/devel/share/roseus/ros/astra_camera/srv/GetSerial.l
Symlinking /home/yohei/rl_ws/devel/share/gennodejs/ros/astra_camera/_index.js
Symlinking /home/yohei/rl_ws/devel/share/gennodejs/ros/astra_camera/srv/SetUVCExposure.js
Symlinking /home/yohei/rl_ws/devel/share/gennodejs/ros/astra_camera/srv/GetDeviceType.js
Symlinking /home/yohei/rl_ws/devel/share/gennodejs/ros/astra_camera/srv/GetUVCGain.js
Symlinking /home/yohei/rl_ws/devel/share/gennodejs/ros/astra_camera/srv/SetUVCGain.js
Symlinking /home/yohei/rl_ws/devel/share/gennodejs/ros/astra_camera/srv/SwitchIRCamera.js
Symlinking /home/yohei/rl_ws/devel/share/gennodejs/ros/astra_camera/srv/SetUVCWhiteBalance.js
Symlinking /home/yohei/rl_ws/devel/share/gennodejs/ros/astra_camera/srv/GetUVCExposure.js
Symlinking /home/yohei/rl_ws/devel/share/gennodejs/ros/astra_camera/srv/ResetIRExposure.js
Symlinking /home/yohei/rl_ws/devel/share/gennodejs/ros/astra_camera/srv/SetIRGain.js
Symlinking /home/yohei/rl_ws/devel/share/gennodejs/ros/astra_camera/srv/SetLDP.js
Symlinking /home/yohei/rl_ws/devel/share/gennodejs/ros/astra_camera/srv/GetUVCWhiteBalance.js
Symlinking /home/yohei/rl_ws/devel/share/gennodejs/ros/astra_camera/srv/SetLaser.js
Symlinking /home/yohei/rl_ws/devel/share/gennodejs/ros/astra_camera/srv/GetCameraInfo.js
Symlinking /home/yohei/rl_ws/devel/share/gennodejs/ros/astra_camera/srv/SetIRFlood.js
Symlinking /home/yohei/rl_ws/devel/share/gennodejs/ros/astra_camera/srv/ResetIRGain.js
Symlinking /home/yohei/rl_ws/devel/share/gennodejs/ros/astra_camera/srv/GetIRExposure.js
Symlinking /home/yohei/rl_ws/devel/share/gennodejs/ros/astra_camera/srv/_index.js
Symlinking /home/yohei/rl_ws/devel/share/gennodejs/ros/astra_camera/srv/GetSerial.js
Symlinking /home/yohei/rl_ws/devel/share/gennodejs/ros/astra_camera/srv/GetIRGain.js
Symlinking /home/yohei/rl_ws/devel/share/gennodejs/ros/astra_camera/srv/SetIRExposure.js
Symlinking /home/yohei/rl_ws/devel/share/common-lisp/ros/astra_camera/srv/_package_GetUVCWhiteBalance.lisp
Symlinking /home/yohei/rl_ws/devel/share/common-lisp/ros/astra_camera/srv/_package_ResetIRGain.lisp
Symlinking /home/yohei/rl_ws/devel/share/common-lisp/ros/astra_camera/srv/ResetIRExposure.lisp
Symlinking /home/yohei/rl_ws/devel/share/common-lisp/ros/astra_camera/srv/_package_SetUVCGain.lisp
Symlinking /home/yohei/rl_ws/devel/share/common-lisp/ros/astra_camera/srv/GetUVCWhiteBalance.lisp
Symlinking /home/yohei/rl_ws/devel/share/common-lisp/ros/astra_camera/srv/GetIRExposure.lisp
Symlinking /home/yohei/rl_ws/devel/share/common-lisp/ros/astra_camera/srv/GetDeviceType.lisp
Symlinking /home/yohei/rl_ws/devel/share/common-lisp/ros/astra_camera/srv/SetUVCGain.lisp
Symlinking /home/yohei/rl_ws/devel/share/common-lisp/ros/astra_camera/srv/_package_GetUVCGain.lisp
Symlinking /home/yohei/rl_ws/devel/share/common-lisp/ros/astra_camera/srv/_package_ResetIRExposure.lisp
Symlinking /home/yohei/rl_ws/devel/share/common-lisp/ros/astra_camera/srv/_package_SetUVCExposure.lisp
Symlinking /home/yohei/rl_ws/devel/share/common-lisp/ros/astra_camera/srv/SetLDP.lisp
Symlinking /home/yohei/rl_ws/devel/share/common-lisp/ros/astra_camera/srv/_package_GetSerial.lisp
Symlinking /home/yohei/rl_ws/devel/share/common-lisp/ros/astra_camera/srv/GetCameraInfo.lisp
Symlinking /home/yohei/rl_ws/devel/share/common-lisp/ros/astra_camera/srv/SetUVCExposure.lisp
Symlinking /home/yohei/rl_ws/devel/share/common-lisp/ros/astra_camera/srv/_package_SetIRExposure.lisp
Symlinking /home/yohei/rl_ws/devel/share/common-lisp/ros/astra_camera/srv/GetUVCGain.lisp
Symlinking /home/yohei/rl_ws/devel/share/common-lisp/ros/astra_camera/srv/_package_GetDeviceType.lisp
Symlinking /home/yohei/rl_ws/devel/share/common-lisp/ros/astra_camera/srv/SetIRExposure.lisp
Symlinking /home/yohei/rl_ws/devel/share/common-lisp/ros/astra_camera/srv/_package.lisp
Symlinking /home/yohei/rl_ws/devel/share/common-lisp/ros/astra_camera/srv/SwitchIRCamera.lisp
Symlinking /home/yohei/rl_ws/devel/share/common-lisp/ros/astra_camera/srv/_package_SetIRGain.lisp
Symlinking /home/yohei/rl_ws/devel/share/common-lisp/ros/astra_camera/srv/_package_SetLDP.lisp
Symlinking /home/yohei/rl_ws/devel/share/common-lisp/ros/astra_camera/srv/_package_SetUVCWhiteBalance.lisp
Symlinking /home/yohei/rl_ws/devel/share/common-lisp/ros/astra_camera/srv/GetIRGain.lisp
Symlinking /home/yohei/rl_ws/devel/share/common-lisp/ros/astra_camera/srv/_package_GetIRExposure.lisp
Symlinking /home/yohei/rl_ws/devel/share/common-lisp/ros/astra_camera/srv/ResetIRGain.lisp
Symlinking /home/yohei/rl_ws/devel/share/common-lisp/ros/astra_camera/srv/_package_GetCameraInfo.lisp
Symlinking /home/yohei/rl_ws/devel/share/common-lisp/ros/astra_camera/srv/SetIRGain.lisp
Symlinking /home/yohei/rl_ws/devel/share/common-lisp/ros/astra_camera/srv/_package_SetIRFlood.lisp
Symlinking /home/yohei/rl_ws/devel/share/common-lisp/ros/astra_camera/srv/GetSerial.lisp
Symlinking /home/yohei/rl_ws/devel/share/common-lisp/ros/astra_camera/srv/_package_GetUVCExposure.lisp
Symlinking /home/yohei/rl_ws/devel/share/common-lisp/ros/astra_camera/srv/_package_SwitchIRCamera.lisp
Symlinking /home/yohei/rl_ws/devel/share/common-lisp/ros/astra_camera/srv/GetUVCExposure.lisp
Symlinking /home/yohei/rl_ws/devel/share/common-lisp/ros/astra_camera/srv/_package_GetIRGain.lisp
Symlinking /home/yohei/rl_ws/devel/share/common-lisp/ros/astra_camera/srv/SetUVCWhiteBalance.lisp
Symlinking /home/yohei/rl_ws/devel/share/common-lisp/ros/astra_camera/srv/astra_camera-srv.asd
Symlinking /home/yohei/rl_ws/devel/share/common-lisp/ros/astra_camera/srv/SetIRFlood.lisp
Symlinking /home/yohei/rl_ws/devel/share/common-lisp/ros/astra_camera/srv/SetLaser.lisp
Symlinking /home/yohei/rl_ws/devel/share/common-lisp/ros/astra_camera/srv/_package_SetLaser.lisp
Symlinking /home/yohei/rl_ws/devel/include/astra_camera/GetUVCGain.h
Symlinking /home/yohei/rl_ws/devel/include/astra_camera/SetIRExposure.h
Symlinking /home/yohei/rl_ws/devel/include/astra_camera/GetCameraInfoRequest.h
Symlinking /home/yohei/rl_ws/devel/include/astra_camera/GetSerialRequest.h
Symlinking /home/yohei/rl_ws/devel/include/astra_camera/AstraConfig.h
Symlinking /home/yohei/rl_ws/devel/include/astra_camera/ResetIRExposure.h
Symlinking /home/yohei/rl_ws/devel/include/astra_camera/ResetIRGainResponse.h
Symlinking /home/yohei/rl_ws/devel/include/astra_camera/GetUVCGainRequest.h
Symlinking /home/yohei/rl_ws/devel/include/astra_camera/UVCCameraConfig.h
Symlinking /home/yohei/rl_ws/devel/include/astra_camera/SwitchIRCameraRequest.h
Symlinking /home/yohei/rl_ws/devel/include/astra_camera/SetUVCExposureResponse.h
Symlinking /home/yohei/rl_ws/devel/include/astra_camera/GetCameraInfo.h
Symlinking /home/yohei/rl_ws/devel/include/astra_camera/GetIRGainRequest.h
Symlinking /home/yohei/rl_ws/devel/include/astra_camera/SetIRGainRequest.h
Symlinking /home/yohei/rl_ws/devel/include/astra_camera/GetUVCExposureResponse.h
Symlinking /home/yohei/rl_ws/devel/include/astra_camera/SetIRFloodResponse.h
Symlinking /home/yohei/rl_ws/devel/include/astra_camera/SetLDPResponse.h
Symlinking /home/yohei/rl_ws/devel/include/astra_camera/GetUVCExposure.h
Symlinking /home/yohei/rl_ws/devel/include/astra_camera/SetLDPRequest.h
Symlinking /home/yohei/rl_ws/devel/include/astra_camera/GetSerial.h
Symlinking /home/yohei/rl_ws/devel/include/astra_camera/GetDeviceTypeResponse.h
Symlinking /home/yohei/rl_ws/devel/include/astra_camera/SetUVCWhiteBalanceRequest.h
Symlinking /home/yohei/rl_ws/devel/include/astra_camera/SetUVCWhiteBalance.h
Symlinking /home/yohei/rl_ws/devel/include/astra_camera/SetIRExposureResponse.h
Symlinking /home/yohei/rl_ws/devel/include/astra_camera/SetLDP.h
Symlinking /home/yohei/rl_ws/devel/include/astra_camera/SetUVCWhiteBalanceResponse.h
Symlinking /home/yohei/rl_ws/devel/include/astra_camera/ResetIRExposureRequest.h
Symlinking /home/yohei/rl_ws/devel/include/astra_camera/GetDeviceTypeRequest.h
Symlinking /home/yohei/rl_ws/devel/include/astra_camera/SetUVCGainRequest.h
Symlinking /home/yohei/rl_ws/devel/include/astra_camera/GetUVCWhiteBalanceRequest.h
Symlinking /home/yohei/rl_ws/devel/include/astra_camera/GetIRExposure.h
Symlinking /home/yohei/rl_ws/devel/include/astra_camera/SetIRGainResponse.h
Symlinking /home/yohei/rl_ws/devel/include/astra_camera/ResetIRGain.h
Symlinking /home/yohei/rl_ws/devel/include/astra_camera/SetIRGain.h
Symlinking /home/yohei/rl_ws/devel/include/astra_camera/SetIRExposureRequest.h
Symlinking /home/yohei/rl_ws/devel/include/astra_camera/SetUVCExposureRequest.h
Symlinking /home/yohei/rl_ws/devel/include/astra_camera/GetSerialResponse.h
Symlinking /home/yohei/rl_ws/devel/include/astra_camera/SwitchIRCamera.h
Symlinking /home/yohei/rl_ws/devel/include/astra_camera/GetIRExposureRequest.h
Symlinking /home/yohei/rl_ws/devel/include/astra_camera/GetUVCWhiteBalanceResponse.h
Symlinking /home/yohei/rl_ws/devel/include/astra_camera/SetUVCGainResponse.h
Symlinking /home/yohei/rl_ws/devel/include/astra_camera/GetIRExposureResponse.h
Symlinking /home/yohei/rl_ws/devel/include/astra_camera/GetUVCGainResponse.h
Symlinking /home/yohei/rl_ws/devel/include/astra_camera/GetDeviceType.h
Symlinking /home/yohei/rl_ws/devel/include/astra_camera/SetLaserResponse.h
Symlinking /home/yohei/rl_ws/devel/include/astra_camera/GetUVCWhiteBalance.h
Symlinking /home/yohei/rl_ws/devel/include/astra_camera/GetCameraInfoResponse.h
Symlinking /home/yohei/rl_ws/devel/include/astra_camera/SetIRFloodRequest.h
Symlinking /home/yohei/rl_ws/devel/include/astra_camera/SwitchIRCameraResponse.h
Symlinking /home/yohei/rl_ws/devel/include/astra_camera/ResetIRExposureResponse.h
Symlinking /home/yohei/rl_ws/devel/include/astra_camera/SetUVCExposure.h
Symlinking /home/yohei/rl_ws/devel/include/astra_camera/GetUVCExposureRequest.h
Symlinking /home/yohei/rl_ws/devel/include/astra_camera/GetIRGain.h
Symlinking /home/yohei/rl_ws/devel/include/astra_camera/SetLaserRequest.h
Symlinking /home/yohei/rl_ws/devel/include/astra_camera/ResetIRGainRequest.h
Symlinking /home/yohei/rl_ws/devel/include/astra_camera/SetIRFlood.h
Symlinking /home/yohei/rl_ws/devel/include/astra_camera/GetIRGainResponse.h
Symlinking /home/yohei/rl_ws/devel/include/astra_camera/SetUVCGain.h
Symlinking /home/yohei/rl_ws/devel/include/astra_camera/SetLaser.h
Symlinking /home/yohei/rl_ws/devel/lib/libastra_wrapper.so
Symlinking /home/yohei/rl_ws/devel/lib/liblibuvc_camera_nodelet.so
Symlinking /home/yohei/rl_ws/devel/lib/libastra_camera_nodelet.so
Symlinking /home/yohei/rl_ws/devel/lib/libastra_driver_lib.so
Symlinking /home/yohei/rl_ws/devel/lib/astra_camera/camera_node
Symlinking /home/yohei/rl_ws/devel/lib/astra_camera/astra_camera_node
Symlinking /home/yohei/rl_ws/devel/lib/astra_camera/astra_test_wrapper
Symlinking /home/yohei/rl_ws/devel/lib/astra_camera/astra_list_devices
Symlinking /home/yohei/rl_ws/devel/lib/astra_camera/astra_usb_reset
Symlinking /home/yohei/rl_ws/devel/lib/python2.7/dist-packages/astra_camera/__init__.py
Symlinking /home/yohei/rl_ws/devel/lib/python2.7/dist-packages/astra_camera/cfg/UVCCameraConfig.py
Symlinking /home/yohei/rl_ws/devel/lib/python2.7/dist-packages/astra_camera/cfg/__init__.py
Symlinking /home/yohei/rl_ws/devel/lib/python2.7/dist-packages/astra_camera/cfg/AstraConfig.py
Symlinking /home/yohei/rl_ws/devel/lib/python2.7/dist-packages/astra_camera/srv/_SetIRExposure.py
Symlinking /home/yohei/rl_ws/devel/lib/python2.7/dist-packages/astra_camera/srv/_SetLaser.py
Symlinking /home/yohei/rl_ws/devel/lib/python2.7/dist-packages/astra_camera/srv/_GetSerial.py
Symlinking /home/yohei/rl_ws/devel/lib/python2.7/dist-packages/astra_camera/srv/_SetUVCWhiteBalance.py
Symlinking /home/yohei/rl_ws/devel/lib/python2.7/dist-packages/astra_camera/srv/_SwitchIRCamera.py
Symlinking /home/yohei/rl_ws/devel/lib/python2.7/dist-packages/astra_camera/srv/_SetIRGain.py
Symlinking /home/yohei/rl_ws/devel/lib/python2.7/dist-packages/astra_camera/srv/_GetUVCGain.py
Symlinking /home/yohei/rl_ws/devel/lib/python2.7/dist-packages/astra_camera/srv/_GetIRGain.py
Symlinking /home/yohei/rl_ws/devel/lib/python2.7/dist-packages/astra_camera/srv/_GetDeviceType.py
Symlinking /home/yohei/rl_ws/devel/lib/python2.7/dist-packages/astra_camera/srv/_ResetIRGain.py
Symlinking /home/yohei/rl_ws/devel/lib/python2.7/dist-packages/astra_camera/srv/_GetUVCExposure.py
Symlinking /home/yohei/rl_ws/devel/lib/python2.7/dist-packages/astra_camera/srv/_SetUVCGain.py
Symlinking /home/yohei/rl_ws/devel/lib/python2.7/dist-packages/astra_camera/srv/__init__.py
Symlinking /home/yohei/rl_ws/devel/lib/python2.7/dist-packages/astra_camera/srv/_GetIRExposure.py
Symlinking /home/yohei/rl_ws/devel/lib/python2.7/dist-packages/astra_camera/srv/_SetLDP.py
Symlinking /home/yohei/rl_ws/devel/lib/python2.7/dist-packages/astra_camera/srv/_SetIRFlood.py
Symlinking /home/yohei/rl_ws/devel/lib/python2.7/dist-packages/astra_camera/srv/_GetUVCWhiteBalance.py
Symlinking /home/yohei/rl_ws/devel/lib/python2.7/dist-packages/astra_camera/srv/_SetUVCExposure.py
Symlinking /home/yohei/rl_ws/devel/lib/python2.7/dist-packages/astra_camera/srv/_GetCameraInfo.py
Symlinking /home/yohei/rl_ws/devel/lib/python2.7/dist-packages/astra_camera/srv/_ResetIRExposure.py
Symlinking /home/yohei/rl_ws/devel/lib/pkgconfig/astra_camera.pc
