Symlinking /home/yohei/rl_ws/devel/share/roseus/ros/bwi_planning_common/manifest.l
Symlinking /home/yohei/rl_ws/devel/share/roseus/ros/bwi_planning_common/srv/PlannerInterface.l
Symlinking /home/yohei/rl_ws/devel/share/roseus/ros/bwi_planning_common/msg/PlannerAtom.l
Symlinking /home/yohei/rl_ws/devel/share/gennodejs/ros/bwi_planning_common/_index.js
Symlinking /home/yohei/rl_ws/devel/share/gennodejs/ros/bwi_planning_common/srv/PlannerInterface.js
Symlinking /home/yohei/rl_ws/devel/share/gennodejs/ros/bwi_planning_common/srv/_index.js
Symlinking /home/yohei/rl_ws/devel/share/gennodejs/ros/bwi_planning_common/msg/_index.js
Symlinking /home/yohei/rl_ws/devel/share/gennodejs/ros/bwi_planning_common/msg/PlannerAtom.js
Symlinking /home/yohei/rl_ws/devel/share/common-lisp/ros/bwi_planning_common/srv/bwi_planning_common-srv.asd
Symlinking /home/yohei/rl_ws/devel/share/common-lisp/ros/bwi_planning_common/srv/_package_PlannerInterface.lisp
Symlinking /home/yohei/rl_ws/devel/share/common-lisp/ros/bwi_planning_common/srv/_package.lisp
Symlinking /home/yohei/rl_ws/devel/share/common-lisp/ros/bwi_planning_common/srv/PlannerInterface.lisp
Symlinking /home/yohei/rl_ws/devel/share/common-lisp/ros/bwi_planning_common/msg/PlannerAtom.lisp
Symlinking /home/yohei/rl_ws/devel/share/common-lisp/ros/bwi_planning_common/msg/_package_PlannerAtom.lisp
Symlinking /home/yohei/rl_ws/devel/share/common-lisp/ros/bwi_planning_common/msg/_package.lisp
Symlinking /home/yohei/rl_ws/devel/share/common-lisp/ros/bwi_planning_common/msg/bwi_planning_common-msg.asd
Symlinking /home/yohei/rl_ws/devel/share/bwi_planning_common/cmake/bwi_planning_common-msg-paths.cmake
Symlinking /home/yohei/rl_ws/devel/share/bwi_planning_common/cmake/bwi_planning_commonConfig-version.cmake
Symlinking /home/yohei/rl_ws/devel/share/bwi_planning_common/cmake/bwi_planning_common-msg-extras.cmake
Symlinking /home/yohei/rl_ws/devel/share/bwi_planning_common/cmake/bwi_planning_commonConfig.cmake
Symlinking /home/yohei/rl_ws/devel/include/bwi_planning_common/PlannerAtom.h
Symlinking /home/yohei/rl_ws/devel/include/bwi_planning_common/PlannerInterface.h
Symlinking /home/yohei/rl_ws/devel/include/bwi_planning_common/PlannerInterfaceResponse.h
Symlinking /home/yohei/rl_ws/devel/include/bwi_planning_common/PlannerInterfaceRequest.h
Symlinking /home/yohei/rl_ws/devel/lib/libbwi_planning_common.so
Symlinking /home/yohei/rl_ws/devel/lib/python2.7/dist-packages/bwi_planning_common/__init__.py
Symlinking /home/yohei/rl_ws/devel/lib/python2.7/dist-packages/bwi_planning_common/srv/_PlannerInterface.py
Symlinking /home/yohei/rl_ws/devel/lib/python2.7/dist-packages/bwi_planning_common/srv/__init__.py
Symlinking /home/yohei/rl_ws/devel/lib/python2.7/dist-packages/bwi_planning_common/msg/__init__.py
Symlinking /home/yohei/rl_ws/devel/lib/python2.7/dist-packages/bwi_planning_common/msg/_PlannerAtom.py
Symlinking /home/yohei/rl_ws/devel/lib/pkgconfig/bwi_planning_common.pc
