[  0%] Built target map_msgs_generate_messages_py
[ 17%] Built target actasp
[ 17%] Built target _plan_execution_generate_messages_check_deps_AspFluent
[ 17%] Built target _plan_execution_generate_messages_check_deps_ExecutePlanActionGoal
[ 17%] Built target _plan_execution_generate_messages_check_deps_UpdateFluents
[ 17%] Built target _plan_execution_generate_messages_check_deps_ExecutePlanActionResult
[ 17%] Built target _plan_execution_generate_messages_check_deps_ComputePlan
[ 17%] Built target _plan_execution_generate_messages_check_deps_IsPlanValid
[ 17%] Built target _plan_execution_generate_messages_check_deps_ExecutePlanResult
[ 17%] Built target _plan_execution_generate_messages_check_deps_AnswerSet
[ 17%] Built target std_msgs_generate_messages_py
[ 17%] Built target _plan_execution_generate_messages_check_deps_CurrentStateQuery
[ 17%] Built target actionlib_msgs_generate_messages_py
[ 17%] Built target _plan_execution_generate_messages_check_deps_ExecutePlanAction
[ 17%] Built target _plan_execution_generate_messages_check_deps_ComputeAllPlans
[ 17%] Built target _plan_execution_generate_messages_check_deps_HriMessage
[ 17%] Built target _plan_execution_generate_messages_check_deps_ExecutePlanGoal
[ 17%] Built target _plan_execution_generate_messages_check_deps_GetHriMessage
[ 17%] Built target _plan_execution_generate_messages_check_deps_AspRule
[ 17%] Built target _plan_execution_generate_messages_check_deps_ExecutePlanFeedback
[ 17%] Built target std_msgs_generate_messages_lisp
[ 17%] Built target _plan_execution_generate_messages_check_deps_ExecutePlanActionFeedback
[ 17%] Built target actionlib_msgs_generate_messages_lisp
[ 17%] Built target std_msgs_generate_messages_nodejs
[ 17%] Built target geometry_msgs_generate_messages_cpp
[ 17%] Built target tf2_msgs_generate_messages_py
[ 17%] Built target actionlib_msgs_generate_messages_nodejs
[ 17%] Built target nav_msgs_generate_messages_lisp
[ 17%] Built target roscpp_generate_messages_eus
[ 17%] Built target actionlib_generate_messages_lisp
[ 17%] Built target roscpp_generate_messages_py
[ 17%] Built target actionlib_msgs_generate_messages_eus
[ 17%] Built target tf2_msgs_generate_messages_eus
[ 17%] Built target nav_msgs_generate_messages_eus
[ 17%] Built target bwi_planning_common_generate_messages_cpp
[ 17%] Built target rosgraph_msgs_generate_messages_eus
[ 17%] Built target nav_msgs_generate_messages_py
[ 17%] Built target nav_msgs_generate_messages_nodejs
[ 17%] Built target actionlib_generate_messages_cpp
[ 17%] Built target rosgraph_msgs_generate_messages_py
[ 17%] Built target bwi_msgs_generate_messages_lisp
[ 17%] Built target tf_generate_messages_lisp
[ 17%] Built target rosgraph_msgs_generate_messages_lisp
[ 17%] Built target tf2_msgs_generate_messages_nodejs
[ 17%] Built target move_base_msgs_generate_messages_nodejs
[ 17%] Built target roscpp_generate_messages_nodejs
[ 17%] Built target sensor_msgs_generate_messages_py
[ 17%] Built target std_srvs_generate_messages_nodejs
[ 17%] Built target sensor_msgs_generate_messages_lisp
[ 17%] Built target actionlib_generate_messages_nodejs
[ 17%] Built target actionlib_msgs_generate_messages_cpp
[ 17%] Built target geometry_msgs_generate_messages_lisp
[ 17%] Built target geometry_msgs_generate_messages_py
[ 17%] Built target std_srvs_generate_messages_lisp
[ 17%] Built target tf2_msgs_generate_messages_lisp
[ 17%] Built target nav_msgs_generate_messages_cpp
[ 17%] Built target rosgraph_msgs_generate_messages_nodejs
[ 17%] Built target tf_generate_messages_cpp
[ 17%] Built target tf2_msgs_generate_messages_cpp
[ 17%] Built target rosgraph_msgs_generate_messages_cpp
[ 17%] Built target geometry_msgs_generate_messages_nodejs
[ 17%] Built target geometry_msgs_generate_messages_eus
[ 17%] Built target roscpp_generate_messages_cpp
[ 17%] Built target move_base_msgs_generate_messages_cpp
[ 17%] Built target roscpp_generate_messages_lisp
[ 17%] Built target actionlib_generate_messages_eus
[ 17%] Built target std_msgs_generate_messages_eus
[ 17%] Built target bwi_msgs_generate_messages_cpp
[ 17%] Built target tf_generate_messages_nodejs
[ 17%] Built target std_srvs_generate_messages_py
[ 17%] Built target bwi_planning_common_generate_messages_eus
[ 17%] Built target _catkin_empty_exported_target
[ 17%] Built target dynamic_reconfigure_generate_messages_nodejs
[ 17%] Built target map_msgs_generate_messages_cpp
[ 17%] Built target bwi_msgs_generate_messages_nodejs
[ 17%] Built target std_srvs_generate_messages_cpp
[ 17%] Built target sensor_msgs_generate_messages_eus
[ 17%] Built target bwi_msgs_generate_messages_py
[ 17%] Built target bwi_planning_common_generate_messages_nodejs
[ 17%] Built target bwi_planning_common_generate_messages_lisp
[ 17%] Built target map_msgs_generate_messages_lisp
[ 17%] Built target multi_level_map_msgs_generate_messages_lisp
[ 17%] Built target tf_generate_messages_py
[ 17%] Built target bwi_planning_common_generate_messages_py
[ 17%] Built target std_msgs_generate_messages_cpp
[ 17%] Built target sensor_msgs_generate_messages_cpp
[ 17%] Built target sensor_msgs_generate_messages_nodejs
[ 17%] Built target dynamic_reconfigure_generate_messages_cpp
[ 32%] Built target plan_execution_generate_messages_nodejs
[ 47%] Built target plan_execution_generate_messages_cpp
[ 47%] Built target dynamic_reconfigure_generate_messages_eus
[ 47%] Built target map_msgs_generate_messages_nodejs
[ 47%] Built target dynamic_reconfigure_generate_messages_lisp
[ 47%] Built target actionlib_generate_messages_py
[ 47%] Built target dynamic_reconfigure_generate_messages_py
[ 47%] Built target dynamic_reconfigure_gencfg
[ 47%] Built target move_base_msgs_generate_messages_py
[ 47%] Built target map_msgs_generate_messages_eus
[ 47%] Built target move_base_msgs_generate_messages_lisp
[ 47%] Built target multi_level_map_msgs_generate_messages_cpp
[ 63%] Built target plan_execution_generate_messages_eus
[ 63%] Built target multi_level_map_msgs_generate_messages_nodejs
[ 63%] Built target multi_level_map_msgs_generate_messages_eus
[ 63%] Built target bwi_msgs_generate_messages_eus
[ 63%] Built target move_base_msgs_generate_messages_eus
[ 63%] Built target multi_level_map_msgs_generate_messages_py
[ 63%] Built target tf_generate_messages_eus
[ 63%] Built target std_srvs_generate_messages_eus
[ 81%] Built target plan_execution_generate_messages_py
[ 95%] Built target plan_execution_generate_messages_lisp
[ 95%] Built target plan_execution_generate_messages
[100%] Built target plan_execution
