Linked: (/home/yohei/rl_ws/devel/.private/plan_execution/share/roseus/ros/plan_execution/manifest.l, /home/yohei/rl_ws/devel/share/roseus/ros/plan_execution/manifest.l)
Linked: (/home/yohei/rl_ws/devel/.private/plan_execution/share/roseus/ros/plan_execution/srv/GetHriMessage.l, /home/yohei/rl_ws/devel/share/roseus/ros/plan_execution/srv/GetHriMessage.l)
Linked: (/home/yohei/rl_ws/devel/.private/plan_execution/share/roseus/ros/plan_execution/srv/ComputePlan.l, /home/yohei/rl_ws/devel/share/roseus/ros/plan_execution/srv/ComputePlan.l)
Linked: (/home/yohei/rl_ws/devel/.private/plan_execution/share/roseus/ros/plan_execution/srv/ComputeAllPlans.l, /home/yohei/rl_ws/devel/share/roseus/ros/plan_execution/srv/ComputeAllPlans.l)
Linked: (/home/yohei/rl_ws/devel/.private/plan_execution/share/roseus/ros/plan_execution/srv/UpdateFluents.l, /home/yohei/rl_ws/devel/share/roseus/ros/plan_execution/srv/UpdateFluents.l)
Linked: (/home/yohei/rl_ws/devel/.private/plan_execution/share/roseus/ros/plan_execution/srv/CurrentStateQuery.l, /home/yohei/rl_ws/devel/share/roseus/ros/plan_execution/srv/CurrentStateQuery.l)
Linked: (/home/yohei/rl_ws/devel/.private/plan_execution/share/roseus/ros/plan_execution/srv/IsPlanValid.l, /home/yohei/rl_ws/devel/share/roseus/ros/plan_execution/srv/IsPlanValid.l)
Linked: (/home/yohei/rl_ws/devel/.private/plan_execution/share/roseus/ros/plan_execution/msg/ExecutePlanActionFeedback.l, /home/yohei/rl_ws/devel/share/roseus/ros/plan_execution/msg/ExecutePlanActionFeedback.l)
Linked: (/home/yohei/rl_ws/devel/.private/plan_execution/share/roseus/ros/plan_execution/msg/ExecutePlanActionGoal.l, /home/yohei/rl_ws/devel/share/roseus/ros/plan_execution/msg/ExecutePlanActionGoal.l)
Linked: (/home/yohei/rl_ws/devel/.private/plan_execution/share/roseus/ros/plan_execution/msg/ExecutePlanResult.l, /home/yohei/rl_ws/devel/share/roseus/ros/plan_execution/msg/ExecutePlanResult.l)
Linked: (/home/yohei/rl_ws/devel/.private/plan_execution/share/roseus/ros/plan_execution/msg/AnswerSet.l, /home/yohei/rl_ws/devel/share/roseus/ros/plan_execution/msg/AnswerSet.l)
Linked: (/home/yohei/rl_ws/devel/.private/plan_execution/share/roseus/ros/plan_execution/msg/HriMessage.l, /home/yohei/rl_ws/devel/share/roseus/ros/plan_execution/msg/HriMessage.l)
Linked: (/home/yohei/rl_ws/devel/.private/plan_execution/share/roseus/ros/plan_execution/msg/ExecutePlanFeedback.l, /home/yohei/rl_ws/devel/share/roseus/ros/plan_execution/msg/ExecutePlanFeedback.l)
Linked: (/home/yohei/rl_ws/devel/.private/plan_execution/share/roseus/ros/plan_execution/msg/AspRule.l, /home/yohei/rl_ws/devel/share/roseus/ros/plan_execution/msg/AspRule.l)
Linked: (/home/yohei/rl_ws/devel/.private/plan_execution/share/roseus/ros/plan_execution/msg/ExecutePlanGoal.l, /home/yohei/rl_ws/devel/share/roseus/ros/plan_execution/msg/ExecutePlanGoal.l)
Linked: (/home/yohei/rl_ws/devel/.private/plan_execution/share/roseus/ros/plan_execution/msg/ExecutePlanAction.l, /home/yohei/rl_ws/devel/share/roseus/ros/plan_execution/msg/ExecutePlanAction.l)
Linked: (/home/yohei/rl_ws/devel/.private/plan_execution/share/roseus/ros/plan_execution/msg/AspFluent.l, /home/yohei/rl_ws/devel/share/roseus/ros/plan_execution/msg/AspFluent.l)
Linked: (/home/yohei/rl_ws/devel/.private/plan_execution/share/roseus/ros/plan_execution/msg/ExecutePlanActionResult.l, /home/yohei/rl_ws/devel/share/roseus/ros/plan_execution/msg/ExecutePlanActionResult.l)
Linked: (/home/yohei/rl_ws/devel/.private/plan_execution/share/plan_execution/cmake/plan_execution-msg-paths.cmake, /home/yohei/rl_ws/devel/share/plan_execution/cmake/plan_execution-msg-paths.cmake)
Linked: (/home/yohei/rl_ws/devel/.private/plan_execution/share/plan_execution/cmake/plan_executionConfig-version.cmake, /home/yohei/rl_ws/devel/share/plan_execution/cmake/plan_executionConfig-version.cmake)
Linked: (/home/yohei/rl_ws/devel/.private/plan_execution/share/plan_execution/cmake/plan_executionConfig.cmake, /home/yohei/rl_ws/devel/share/plan_execution/cmake/plan_executionConfig.cmake)
Linked: (/home/yohei/rl_ws/devel/.private/plan_execution/share/plan_execution/cmake/plan_execution-msg-extras.cmake, /home/yohei/rl_ws/devel/share/plan_execution/cmake/plan_execution-msg-extras.cmake)
Linked: (/home/yohei/rl_ws/devel/.private/plan_execution/share/plan_execution/msg/ExecutePlanFeedback.msg, /home/yohei/rl_ws/devel/share/plan_execution/msg/ExecutePlanFeedback.msg)
Linked: (/home/yohei/rl_ws/devel/.private/plan_execution/share/plan_execution/msg/ExecutePlanActionResult.msg, /home/yohei/rl_ws/devel/share/plan_execution/msg/ExecutePlanActionResult.msg)
Linked: (/home/yohei/rl_ws/devel/.private/plan_execution/share/plan_execution/msg/ExecutePlanAction.msg, /home/yohei/rl_ws/devel/share/plan_execution/msg/ExecutePlanAction.msg)
Linked: (/home/yohei/rl_ws/devel/.private/plan_execution/share/plan_execution/msg/ExecutePlanGoal.msg, /home/yohei/rl_ws/devel/share/plan_execution/msg/ExecutePlanGoal.msg)
Linked: (/home/yohei/rl_ws/devel/.private/plan_execution/share/plan_execution/msg/ExecutePlanActionFeedback.msg, /home/yohei/rl_ws/devel/share/plan_execution/msg/ExecutePlanActionFeedback.msg)
Linked: (/home/yohei/rl_ws/devel/.private/plan_execution/share/plan_execution/msg/ExecutePlanActionGoal.msg, /home/yohei/rl_ws/devel/share/plan_execution/msg/ExecutePlanActionGoal.msg)
Linked: (/home/yohei/rl_ws/devel/.private/plan_execution/share/plan_execution/msg/ExecutePlanResult.msg, /home/yohei/rl_ws/devel/share/plan_execution/msg/ExecutePlanResult.msg)
Linked: (/home/yohei/rl_ws/devel/.private/plan_execution/share/gennodejs/ros/plan_execution/_index.js, /home/yohei/rl_ws/devel/share/gennodejs/ros/plan_execution/_index.js)
Linked: (/home/yohei/rl_ws/devel/.private/plan_execution/share/gennodejs/ros/plan_execution/srv/UpdateFluents.js, /home/yohei/rl_ws/devel/share/gennodejs/ros/plan_execution/srv/UpdateFluents.js)
Linked: (/home/yohei/rl_ws/devel/.private/plan_execution/share/gennodejs/ros/plan_execution/srv/CurrentStateQuery.js, /home/yohei/rl_ws/devel/share/gennodejs/ros/plan_execution/srv/CurrentStateQuery.js)
Linked: (/home/yohei/rl_ws/devel/.private/plan_execution/share/gennodejs/ros/plan_execution/srv/ComputeAllPlans.js, /home/yohei/rl_ws/devel/share/gennodejs/ros/plan_execution/srv/ComputeAllPlans.js)
Linked: (/home/yohei/rl_ws/devel/.private/plan_execution/share/gennodejs/ros/plan_execution/srv/_index.js, /home/yohei/rl_ws/devel/share/gennodejs/ros/plan_execution/srv/_index.js)
Linked: (/home/yohei/rl_ws/devel/.private/plan_execution/share/gennodejs/ros/plan_execution/srv/ComputePlan.js, /home/yohei/rl_ws/devel/share/gennodejs/ros/plan_execution/srv/ComputePlan.js)
Linked: (/home/yohei/rl_ws/devel/.private/plan_execution/share/gennodejs/ros/plan_execution/srv/IsPlanValid.js, /home/yohei/rl_ws/devel/share/gennodejs/ros/plan_execution/srv/IsPlanValid.js)
Linked: (/home/yohei/rl_ws/devel/.private/plan_execution/share/gennodejs/ros/plan_execution/srv/GetHriMessage.js, /home/yohei/rl_ws/devel/share/gennodejs/ros/plan_execution/srv/GetHriMessage.js)
Linked: (/home/yohei/rl_ws/devel/.private/plan_execution/share/gennodejs/ros/plan_execution/msg/AspRule.js, /home/yohei/rl_ws/devel/share/gennodejs/ros/plan_execution/msg/AspRule.js)
Linked: (/home/yohei/rl_ws/devel/.private/plan_execution/share/gennodejs/ros/plan_execution/msg/ExecutePlanFeedback.js, /home/yohei/rl_ws/devel/share/gennodejs/ros/plan_execution/msg/ExecutePlanFeedback.js)
Linked: (/home/yohei/rl_ws/devel/.private/plan_execution/share/gennodejs/ros/plan_execution/msg/AspFluent.js, /home/yohei/rl_ws/devel/share/gennodejs/ros/plan_execution/msg/AspFluent.js)
Linked: (/home/yohei/rl_ws/devel/.private/plan_execution/share/gennodejs/ros/plan_execution/msg/ExecutePlanActionGoal.js, /home/yohei/rl_ws/devel/share/gennodejs/ros/plan_execution/msg/ExecutePlanActionGoal.js)
Linked: (/home/yohei/rl_ws/devel/.private/plan_execution/share/gennodejs/ros/plan_execution/msg/HriMessage.js, /home/yohei/rl_ws/devel/share/gennodejs/ros/plan_execution/msg/HriMessage.js)
Linked: (/home/yohei/rl_ws/devel/.private/plan_execution/share/gennodejs/ros/plan_execution/msg/ExecutePlanGoal.js, /home/yohei/rl_ws/devel/share/gennodejs/ros/plan_execution/msg/ExecutePlanGoal.js)
Linked: (/home/yohei/rl_ws/devel/.private/plan_execution/share/gennodejs/ros/plan_execution/msg/ExecutePlanActionFeedback.js, /home/yohei/rl_ws/devel/share/gennodejs/ros/plan_execution/msg/ExecutePlanActionFeedback.js)
Linked: (/home/yohei/rl_ws/devel/.private/plan_execution/share/gennodejs/ros/plan_execution/msg/AnswerSet.js, /home/yohei/rl_ws/devel/share/gennodejs/ros/plan_execution/msg/AnswerSet.js)
Linked: (/home/yohei/rl_ws/devel/.private/plan_execution/share/gennodejs/ros/plan_execution/msg/_index.js, /home/yohei/rl_ws/devel/share/gennodejs/ros/plan_execution/msg/_index.js)
Linked: (/home/yohei/rl_ws/devel/.private/plan_execution/share/gennodejs/ros/plan_execution/msg/ExecutePlanActionResult.js, /home/yohei/rl_ws/devel/share/gennodejs/ros/plan_execution/msg/ExecutePlanActionResult.js)
Linked: (/home/yohei/rl_ws/devel/.private/plan_execution/share/gennodejs/ros/plan_execution/msg/ExecutePlanAction.js, /home/yohei/rl_ws/devel/share/gennodejs/ros/plan_execution/msg/ExecutePlanAction.js)
Linked: (/home/yohei/rl_ws/devel/.private/plan_execution/share/gennodejs/ros/plan_execution/msg/ExecutePlanResult.js, /home/yohei/rl_ws/devel/share/gennodejs/ros/plan_execution/msg/ExecutePlanResult.js)
Linked: (/home/yohei/rl_ws/devel/.private/plan_execution/share/common-lisp/ros/plan_execution/srv/plan_execution-srv.asd, /home/yohei/rl_ws/devel/share/common-lisp/ros/plan_execution/srv/plan_execution-srv.asd)
Linked: (/home/yohei/rl_ws/devel/.private/plan_execution/share/common-lisp/ros/plan_execution/srv/_package_IsPlanValid.lisp, /home/yohei/rl_ws/devel/share/common-lisp/ros/plan_execution/srv/_package_IsPlanValid.lisp)
Linked: (/home/yohei/rl_ws/devel/.private/plan_execution/share/common-lisp/ros/plan_execution/srv/UpdateFluents.lisp, /home/yohei/rl_ws/devel/share/common-lisp/ros/plan_execution/srv/UpdateFluents.lisp)
Linked: (/home/yohei/rl_ws/devel/.private/plan_execution/share/common-lisp/ros/plan_execution/srv/_package_ComputePlan.lisp, /home/yohei/rl_ws/devel/share/common-lisp/ros/plan_execution/srv/_package_ComputePlan.lisp)
Linked: (/home/yohei/rl_ws/devel/.private/plan_execution/share/common-lisp/ros/plan_execution/srv/_package.lisp, /home/yohei/rl_ws/devel/share/common-lisp/ros/plan_execution/srv/_package.lisp)
Linked: (/home/yohei/rl_ws/devel/.private/plan_execution/share/common-lisp/ros/plan_execution/srv/ComputePlan.lisp, /home/yohei/rl_ws/devel/share/common-lisp/ros/plan_execution/srv/ComputePlan.lisp)
Linked: (/home/yohei/rl_ws/devel/.private/plan_execution/share/common-lisp/ros/plan_execution/srv/_package_CurrentStateQuery.lisp, /home/yohei/rl_ws/devel/share/common-lisp/ros/plan_execution/srv/_package_CurrentStateQuery.lisp)
Linked: (/home/yohei/rl_ws/devel/.private/plan_execution/share/common-lisp/ros/plan_execution/srv/IsPlanValid.lisp, /home/yohei/rl_ws/devel/share/common-lisp/ros/plan_execution/srv/IsPlanValid.lisp)
Linked: (/home/yohei/rl_ws/devel/.private/plan_execution/share/common-lisp/ros/plan_execution/srv/_package_UpdateFluents.lisp, /home/yohei/rl_ws/devel/share/common-lisp/ros/plan_execution/srv/_package_UpdateFluents.lisp)
Linked: (/home/yohei/rl_ws/devel/.private/plan_execution/share/common-lisp/ros/plan_execution/srv/_package_GetHriMessage.lisp, /home/yohei/rl_ws/devel/share/common-lisp/ros/plan_execution/srv/_package_GetHriMessage.lisp)
Linked: (/home/yohei/rl_ws/devel/.private/plan_execution/share/common-lisp/ros/plan_execution/srv/CurrentStateQuery.lisp, /home/yohei/rl_ws/devel/share/common-lisp/ros/plan_execution/srv/CurrentStateQuery.lisp)
Linked: (/home/yohei/rl_ws/devel/.private/plan_execution/share/common-lisp/ros/plan_execution/srv/GetHriMessage.lisp, /home/yohei/rl_ws/devel/share/common-lisp/ros/plan_execution/srv/GetHriMessage.lisp)
Linked: (/home/yohei/rl_ws/devel/.private/plan_execution/share/common-lisp/ros/plan_execution/srv/ComputeAllPlans.lisp, /home/yohei/rl_ws/devel/share/common-lisp/ros/plan_execution/srv/ComputeAllPlans.lisp)
Linked: (/home/yohei/rl_ws/devel/.private/plan_execution/share/common-lisp/ros/plan_execution/srv/_package_ComputeAllPlans.lisp, /home/yohei/rl_ws/devel/share/common-lisp/ros/plan_execution/srv/_package_ComputeAllPlans.lisp)
Linked: (/home/yohei/rl_ws/devel/.private/plan_execution/share/common-lisp/ros/plan_execution/msg/_package_ExecutePlanActionGoal.lisp, /home/yohei/rl_ws/devel/share/common-lisp/ros/plan_execution/msg/_package_ExecutePlanActionGoal.lisp)
Linked: (/home/yohei/rl_ws/devel/.private/plan_execution/share/common-lisp/ros/plan_execution/msg/AspRule.lisp, /home/yohei/rl_ws/devel/share/common-lisp/ros/plan_execution/msg/AspRule.lisp)
Linked: (/home/yohei/rl_ws/devel/.private/plan_execution/share/common-lisp/ros/plan_execution/msg/_package_ExecutePlanAction.lisp, /home/yohei/rl_ws/devel/share/common-lisp/ros/plan_execution/msg/_package_ExecutePlanAction.lisp)
Linked: (/home/yohei/rl_ws/devel/.private/plan_execution/share/common-lisp/ros/plan_execution/msg/_package_ExecutePlanFeedback.lisp, /home/yohei/rl_ws/devel/share/common-lisp/ros/plan_execution/msg/_package_ExecutePlanFeedback.lisp)
Linked: (/home/yohei/rl_ws/devel/.private/plan_execution/share/common-lisp/ros/plan_execution/msg/_package_ExecutePlanGoal.lisp, /home/yohei/rl_ws/devel/share/common-lisp/ros/plan_execution/msg/_package_ExecutePlanGoal.lisp)
Linked: (/home/yohei/rl_ws/devel/.private/plan_execution/share/common-lisp/ros/plan_execution/msg/_package_AnswerSet.lisp, /home/yohei/rl_ws/devel/share/common-lisp/ros/plan_execution/msg/_package_AnswerSet.lisp)
Linked: (/home/yohei/rl_ws/devel/.private/plan_execution/share/common-lisp/ros/plan_execution/msg/AspFluent.lisp, /home/yohei/rl_ws/devel/share/common-lisp/ros/plan_execution/msg/AspFluent.lisp)
Linked: (/home/yohei/rl_ws/devel/.private/plan_execution/share/common-lisp/ros/plan_execution/msg/_package_ExecutePlanActionResult.lisp, /home/yohei/rl_ws/devel/share/common-lisp/ros/plan_execution/msg/_package_ExecutePlanActionResult.lisp)
Linked: (/home/yohei/rl_ws/devel/.private/plan_execution/share/common-lisp/ros/plan_execution/msg/AnswerSet.lisp, /home/yohei/rl_ws/devel/share/common-lisp/ros/plan_execution/msg/AnswerSet.lisp)
Linked: (/home/yohei/rl_ws/devel/.private/plan_execution/share/common-lisp/ros/plan_execution/msg/ExecutePlanActionFeedback.lisp, /home/yohei/rl_ws/devel/share/common-lisp/ros/plan_execution/msg/ExecutePlanActionFeedback.lisp)
Linked: (/home/yohei/rl_ws/devel/.private/plan_execution/share/common-lisp/ros/plan_execution/msg/HriMessage.lisp, /home/yohei/rl_ws/devel/share/common-lisp/ros/plan_execution/msg/HriMessage.lisp)
Linked: (/home/yohei/rl_ws/devel/.private/plan_execution/share/common-lisp/ros/plan_execution/msg/_package.lisp, /home/yohei/rl_ws/devel/share/common-lisp/ros/plan_execution/msg/_package.lisp)
Linked: (/home/yohei/rl_ws/devel/.private/plan_execution/share/common-lisp/ros/plan_execution/msg/ExecutePlanGoal.lisp, /home/yohei/rl_ws/devel/share/common-lisp/ros/plan_execution/msg/ExecutePlanGoal.lisp)
Linked: (/home/yohei/rl_ws/devel/.private/plan_execution/share/common-lisp/ros/plan_execution/msg/ExecutePlanAction.lisp, /home/yohei/rl_ws/devel/share/common-lisp/ros/plan_execution/msg/ExecutePlanAction.lisp)
Linked: (/home/yohei/rl_ws/devel/.private/plan_execution/share/common-lisp/ros/plan_execution/msg/ExecutePlanActionResult.lisp, /home/yohei/rl_ws/devel/share/common-lisp/ros/plan_execution/msg/ExecutePlanActionResult.lisp)
Linked: (/home/yohei/rl_ws/devel/.private/plan_execution/share/common-lisp/ros/plan_execution/msg/_package_AspFluent.lisp, /home/yohei/rl_ws/devel/share/common-lisp/ros/plan_execution/msg/_package_AspFluent.lisp)
Linked: (/home/yohei/rl_ws/devel/.private/plan_execution/share/common-lisp/ros/plan_execution/msg/_package_HriMessage.lisp, /home/yohei/rl_ws/devel/share/common-lisp/ros/plan_execution/msg/_package_HriMessage.lisp)
Linked: (/home/yohei/rl_ws/devel/.private/plan_execution/share/common-lisp/ros/plan_execution/msg/plan_execution-msg.asd, /home/yohei/rl_ws/devel/share/common-lisp/ros/plan_execution/msg/plan_execution-msg.asd)
Linked: (/home/yohei/rl_ws/devel/.private/plan_execution/share/common-lisp/ros/plan_execution/msg/_package_ExecutePlanActionFeedback.lisp, /home/yohei/rl_ws/devel/share/common-lisp/ros/plan_execution/msg/_package_ExecutePlanActionFeedback.lisp)
Linked: (/home/yohei/rl_ws/devel/.private/plan_execution/share/common-lisp/ros/plan_execution/msg/_package_ExecutePlanResult.lisp, /home/yohei/rl_ws/devel/share/common-lisp/ros/plan_execution/msg/_package_ExecutePlanResult.lisp)
Linked: (/home/yohei/rl_ws/devel/.private/plan_execution/share/common-lisp/ros/plan_execution/msg/ExecutePlanResult.lisp, /home/yohei/rl_ws/devel/share/common-lisp/ros/plan_execution/msg/ExecutePlanResult.lisp)
Linked: (/home/yohei/rl_ws/devel/.private/plan_execution/share/common-lisp/ros/plan_execution/msg/ExecutePlanActionGoal.lisp, /home/yohei/rl_ws/devel/share/common-lisp/ros/plan_execution/msg/ExecutePlanActionGoal.lisp)
Linked: (/home/yohei/rl_ws/devel/.private/plan_execution/share/common-lisp/ros/plan_execution/msg/ExecutePlanFeedback.lisp, /home/yohei/rl_ws/devel/share/common-lisp/ros/plan_execution/msg/ExecutePlanFeedback.lisp)
Linked: (/home/yohei/rl_ws/devel/.private/plan_execution/share/common-lisp/ros/plan_execution/msg/_package_AspRule.lisp, /home/yohei/rl_ws/devel/share/common-lisp/ros/plan_execution/msg/_package_AspRule.lisp)
Linked: (/home/yohei/rl_ws/devel/.private/plan_execution/include/plan_execution/AspRule.h, /home/yohei/rl_ws/devel/include/plan_execution/AspRule.h)
Linked: (/home/yohei/rl_ws/devel/.private/plan_execution/include/plan_execution/GetHriMessageRequest.h, /home/yohei/rl_ws/devel/include/plan_execution/GetHriMessageRequest.h)
Linked: (/home/yohei/rl_ws/devel/.private/plan_execution/include/plan_execution/UpdateFluentsRequest.h, /home/yohei/rl_ws/devel/include/plan_execution/UpdateFluentsRequest.h)
Linked: (/home/yohei/rl_ws/devel/.private/plan_execution/include/plan_execution/IsPlanValid.h, /home/yohei/rl_ws/devel/include/plan_execution/IsPlanValid.h)
Linked: (/home/yohei/rl_ws/devel/.private/plan_execution/include/plan_execution/ExecutePlanActionGoal.h, /home/yohei/rl_ws/devel/include/plan_execution/ExecutePlanActionGoal.h)
Linked: (/home/yohei/rl_ws/devel/.private/plan_execution/include/plan_execution/HriMessage.h, /home/yohei/rl_ws/devel/include/plan_execution/HriMessage.h)
Linked: (/home/yohei/rl_ws/devel/.private/plan_execution/include/plan_execution/ComputeAllPlans.h, /home/yohei/rl_ws/devel/include/plan_execution/ComputeAllPlans.h)
Linked: (/home/yohei/rl_ws/devel/.private/plan_execution/include/plan_execution/UpdateFluentsResponse.h, /home/yohei/rl_ws/devel/include/plan_execution/UpdateFluentsResponse.h)
Linked: (/home/yohei/rl_ws/devel/.private/plan_execution/include/plan_execution/GetHriMessage.h, /home/yohei/rl_ws/devel/include/plan_execution/GetHriMessage.h)
Linked: (/home/yohei/rl_ws/devel/.private/plan_execution/include/plan_execution/CurrentStateQuery.h, /home/yohei/rl_ws/devel/include/plan_execution/CurrentStateQuery.h)
Linked: (/home/yohei/rl_ws/devel/.private/plan_execution/include/plan_execution/ExecutePlanActionFeedback.h, /home/yohei/rl_ws/devel/include/plan_execution/ExecutePlanActionFeedback.h)
Linked: (/home/yohei/rl_ws/devel/.private/plan_execution/include/plan_execution/ExecutePlanGoal.h, /home/yohei/rl_ws/devel/include/plan_execution/ExecutePlanGoal.h)
Linked: (/home/yohei/rl_ws/devel/.private/plan_execution/include/plan_execution/ExecutePlanResult.h, /home/yohei/rl_ws/devel/include/plan_execution/ExecutePlanResult.h)
Linked: (/home/yohei/rl_ws/devel/.private/plan_execution/include/plan_execution/ComputePlan.h, /home/yohei/rl_ws/devel/include/plan_execution/ComputePlan.h)
Linked: (/home/yohei/rl_ws/devel/.private/plan_execution/include/plan_execution/IsPlanValidResponse.h, /home/yohei/rl_ws/devel/include/plan_execution/IsPlanValidResponse.h)
Linked: (/home/yohei/rl_ws/devel/.private/plan_execution/include/plan_execution/ComputeAllPlansRequest.h, /home/yohei/rl_ws/devel/include/plan_execution/ComputeAllPlansRequest.h)
Linked: (/home/yohei/rl_ws/devel/.private/plan_execution/include/plan_execution/UpdateFluents.h, /home/yohei/rl_ws/devel/include/plan_execution/UpdateFluents.h)
Linked: (/home/yohei/rl_ws/devel/.private/plan_execution/include/plan_execution/ExecutePlanActionResult.h, /home/yohei/rl_ws/devel/include/plan_execution/ExecutePlanActionResult.h)
Linked: (/home/yohei/rl_ws/devel/.private/plan_execution/include/plan_execution/GetHriMessageResponse.h, /home/yohei/rl_ws/devel/include/plan_execution/GetHriMessageResponse.h)
Linked: (/home/yohei/rl_ws/devel/.private/plan_execution/include/plan_execution/CurrentStateQueryResponse.h, /home/yohei/rl_ws/devel/include/plan_execution/CurrentStateQueryResponse.h)
Linked: (/home/yohei/rl_ws/devel/.private/plan_execution/include/plan_execution/IsPlanValidRequest.h, /home/yohei/rl_ws/devel/include/plan_execution/IsPlanValidRequest.h)
Linked: (/home/yohei/rl_ws/devel/.private/plan_execution/include/plan_execution/AnswerSet.h, /home/yohei/rl_ws/devel/include/plan_execution/AnswerSet.h)
Linked: (/home/yohei/rl_ws/devel/.private/plan_execution/include/plan_execution/ComputePlanResponse.h, /home/yohei/rl_ws/devel/include/plan_execution/ComputePlanResponse.h)
Linked: (/home/yohei/rl_ws/devel/.private/plan_execution/include/plan_execution/ComputeAllPlansResponse.h, /home/yohei/rl_ws/devel/include/plan_execution/ComputeAllPlansResponse.h)
Linked: (/home/yohei/rl_ws/devel/.private/plan_execution/include/plan_execution/ExecutePlanFeedback.h, /home/yohei/rl_ws/devel/include/plan_execution/ExecutePlanFeedback.h)
Linked: (/home/yohei/rl_ws/devel/.private/plan_execution/include/plan_execution/AspFluent.h, /home/yohei/rl_ws/devel/include/plan_execution/AspFluent.h)
Linked: (/home/yohei/rl_ws/devel/.private/plan_execution/include/plan_execution/CurrentStateQueryRequest.h, /home/yohei/rl_ws/devel/include/plan_execution/CurrentStateQueryRequest.h)
Linked: (/home/yohei/rl_ws/devel/.private/plan_execution/include/plan_execution/ComputePlanRequest.h, /home/yohei/rl_ws/devel/include/plan_execution/ComputePlanRequest.h)
Linked: (/home/yohei/rl_ws/devel/.private/plan_execution/include/plan_execution/ExecutePlanAction.h, /home/yohei/rl_ws/devel/include/plan_execution/ExecutePlanAction.h)
Linked: (/home/yohei/rl_ws/devel/.private/plan_execution/lib/libactasp.so, /home/yohei/rl_ws/devel/lib/libactasp.so)
Linked: (/home/yohei/rl_ws/devel/.private/plan_execution/lib/libplan_execution.so, /home/yohei/rl_ws/devel/lib/libplan_execution.so)
Linked: (/home/yohei/rl_ws/devel/.private/plan_execution/lib/python2.7/dist-packages/plan_execution/__init__.py, /home/yohei/rl_ws/devel/lib/python2.7/dist-packages/plan_execution/__init__.py)
Linked: (/home/yohei/rl_ws/devel/.private/plan_execution/lib/python2.7/dist-packages/plan_execution/srv/_UpdateFluents.py, /home/yohei/rl_ws/devel/lib/python2.7/dist-packages/plan_execution/srv/_UpdateFluents.py)
Linked: (/home/yohei/rl_ws/devel/.private/plan_execution/lib/python2.7/dist-packages/plan_execution/srv/_ComputeAllPlans.py, /home/yohei/rl_ws/devel/lib/python2.7/dist-packages/plan_execution/srv/_ComputeAllPlans.py)
Linked: (/home/yohei/rl_ws/devel/.private/plan_execution/lib/python2.7/dist-packages/plan_execution/srv/_ComputePlan.py, /home/yohei/rl_ws/devel/lib/python2.7/dist-packages/plan_execution/srv/_ComputePlan.py)
Linked: (/home/yohei/rl_ws/devel/.private/plan_execution/lib/python2.7/dist-packages/plan_execution/srv/_GetHriMessage.py, /home/yohei/rl_ws/devel/lib/python2.7/dist-packages/plan_execution/srv/_GetHriMessage.py)
Linked: (/home/yohei/rl_ws/devel/.private/plan_execution/lib/python2.7/dist-packages/plan_execution/srv/__init__.py, /home/yohei/rl_ws/devel/lib/python2.7/dist-packages/plan_execution/srv/__init__.py)
Linked: (/home/yohei/rl_ws/devel/.private/plan_execution/lib/python2.7/dist-packages/plan_execution/srv/_CurrentStateQuery.py, /home/yohei/rl_ws/devel/lib/python2.7/dist-packages/plan_execution/srv/_CurrentStateQuery.py)
Linked: (/home/yohei/rl_ws/devel/.private/plan_execution/lib/python2.7/dist-packages/plan_execution/srv/_IsPlanValid.py, /home/yohei/rl_ws/devel/lib/python2.7/dist-packages/plan_execution/srv/_IsPlanValid.py)
Linked: (/home/yohei/rl_ws/devel/.private/plan_execution/lib/python2.7/dist-packages/plan_execution/msg/_ExecutePlanActionFeedback.py, /home/yohei/rl_ws/devel/lib/python2.7/dist-packages/plan_execution/msg/_ExecutePlanActionFeedback.py)
Linked: (/home/yohei/rl_ws/devel/.private/plan_execution/lib/python2.7/dist-packages/plan_execution/msg/_ExecutePlanFeedback.py, /home/yohei/rl_ws/devel/lib/python2.7/dist-packages/plan_execution/msg/_ExecutePlanFeedback.py)
Linked: (/home/yohei/rl_ws/devel/.private/plan_execution/lib/python2.7/dist-packages/plan_execution/msg/_ExecutePlanActionResult.py, /home/yohei/rl_ws/devel/lib/python2.7/dist-packages/plan_execution/msg/_ExecutePlanActionResult.py)
Linked: (/home/yohei/rl_ws/devel/.private/plan_execution/lib/python2.7/dist-packages/plan_execution/msg/_AnswerSet.py, /home/yohei/rl_ws/devel/lib/python2.7/dist-packages/plan_execution/msg/_AnswerSet.py)
Linked: (/home/yohei/rl_ws/devel/.private/plan_execution/lib/python2.7/dist-packages/plan_execution/msg/_ExecutePlanActionGoal.py, /home/yohei/rl_ws/devel/lib/python2.7/dist-packages/plan_execution/msg/_ExecutePlanActionGoal.py)
Linked: (/home/yohei/rl_ws/devel/.private/plan_execution/lib/python2.7/dist-packages/plan_execution/msg/_ExecutePlanResult.py, /home/yohei/rl_ws/devel/lib/python2.7/dist-packages/plan_execution/msg/_ExecutePlanResult.py)
Linked: (/home/yohei/rl_ws/devel/.private/plan_execution/lib/python2.7/dist-packages/plan_execution/msg/_AspRule.py, /home/yohei/rl_ws/devel/lib/python2.7/dist-packages/plan_execution/msg/_AspRule.py)
Linked: (/home/yohei/rl_ws/devel/.private/plan_execution/lib/python2.7/dist-packages/plan_execution/msg/__init__.py, /home/yohei/rl_ws/devel/lib/python2.7/dist-packages/plan_execution/msg/__init__.py)
Linked: (/home/yohei/rl_ws/devel/.private/plan_execution/lib/python2.7/dist-packages/plan_execution/msg/_HriMessage.py, /home/yohei/rl_ws/devel/lib/python2.7/dist-packages/plan_execution/msg/_HriMessage.py)
Linked: (/home/yohei/rl_ws/devel/.private/plan_execution/lib/python2.7/dist-packages/plan_execution/msg/_AspFluent.py, /home/yohei/rl_ws/devel/lib/python2.7/dist-packages/plan_execution/msg/_AspFluent.py)
Linked: (/home/yohei/rl_ws/devel/.private/plan_execution/lib/python2.7/dist-packages/plan_execution/msg/_ExecutePlanAction.py, /home/yohei/rl_ws/devel/lib/python2.7/dist-packages/plan_execution/msg/_ExecutePlanAction.py)
Linked: (/home/yohei/rl_ws/devel/.private/plan_execution/lib/python2.7/dist-packages/plan_execution/msg/_ExecutePlanGoal.py, /home/yohei/rl_ws/devel/lib/python2.7/dist-packages/plan_execution/msg/_ExecutePlanGoal.py)
Linked: (/home/yohei/rl_ws/devel/.private/plan_execution/lib/pkgconfig/plan_execution.pc, /home/yohei/rl_ws/devel/lib/pkgconfig/plan_execution.pc)
