[35m[1mScanning dependencies of target map_msgs_generate_messages_py[0m
[35m[1mScanning dependencies of target actasp[0m
[  0%] Built target map_msgs_generate_messages_py
[35m[1mScanning dependencies of target _plan_execution_generate_messages_check_deps_AspFluent[0m
[  0%] [32mBuilding CXX object CMakeFiles/actasp.dir/actasp/src/executors/ReplanningActionExecutor.cpp.o[0m
[  0%] Built target _plan_execution_generate_messages_check_deps_AspFluent
[35m[1mScanning dependencies of target _plan_execution_generate_messages_check_deps_ExecutePlanActionGoal[0m
[  0%] Built target _plan_execution_generate_messages_check_deps_ExecutePlanActionGoal
[35m[1mScanning dependencies of target _plan_execution_generate_messages_check_deps_UpdateFluents[0m
[  0%] Built target _plan_execution_generate_messages_check_deps_UpdateFluents
[35m[1mScanning dependencies of target _plan_execution_generate_messages_check_deps_ExecutePlanActionResult[0m
[  0%] Built target _plan_execution_generate_messages_check_deps_ExecutePlanActionResult
[35m[1mScanning dependencies of target _plan_execution_generate_messages_check_deps_ComputePlan[0m
[  0%] Built target _plan_execution_generate_messages_check_deps_ComputePlan
[  1%] [32mBuilding CXX object CMakeFiles/actasp.dir/actasp/src/executors/PartialPolicyExecutor.cpp.o[0m
[  2%] [32mBuilding CXX object CMakeFiles/actasp.dir/actasp/src/reasoners/Clingo3.cpp.o[0m
[  3%] [32mBuilding CXX object CMakeFiles/actasp.dir/actasp/src/reasoners/Clingo4_2.cpp.o[0m
[  4%] [32mBuilding CXX object CMakeFiles/actasp.dir/actasp/src/reasoners/Clingo4_5.cpp.o[0m
[  4%] [32mBuilding CXX object CMakeFiles/actasp.dir/actasp/src/reasoners/Clingo5_4.cpp.o[0m
[35m[1mScanning dependencies of target _plan_execution_generate_messages_check_deps_IsPlanValid[0m
[  4%] Built target _plan_execution_generate_messages_check_deps_IsPlanValid
[  5%] [32mBuilding CXX object CMakeFiles/actasp.dir/actasp/src/reasoners/Reasoner.cpp.o[0m
[  6%] [32mBuilding CXX object CMakeFiles/actasp.dir/actasp/src/reasoners/FilteringReasoner.cpp.o[0m
[  7%] [32mBuilding CXX object CMakeFiles/actasp.dir/actasp/src/reasoners/IsNotLocallyOptimal.cpp.o[0m
[  8%] [32mBuilding CXX object CMakeFiles/actasp.dir/actasp/src/reasoners/LexComparator.cpp.o[0m
[  8%] [32mBuilding CXX object CMakeFiles/actasp.dir/actasp/src/planners/AnyPlan.cpp.o[0m
[  9%] [32mBuilding CXX object CMakeFiles/actasp.dir/actasp/src/Action.cpp.o[0m
[ 10%] [32mBuilding CXX object CMakeFiles/actasp.dir/actasp/src/AspAtom.cpp.o[0m
[ 12%] [32mBuilding CXX object CMakeFiles/actasp.dir/actasp/src/AspFluent.cpp.o[0m
[ 13%] [32mBuilding CXX object CMakeFiles/actasp.dir/actasp/src/AnswerSet.cpp.o[0m
[ 13%] [32mBuilding CXX object CMakeFiles/actasp.dir/actasp/src/MultiPolicy.cpp.o[0m
[ 14%] [32mBuilding CXX object CMakeFiles/actasp.dir/actasp/src/GraphPolicy.cpp.o[0m
[ 15%] [32mBuilding CXX object CMakeFiles/actasp.dir/actasp/src/action_utils.cpp.o[0m
[ 16%] [32mBuilding CXX object CMakeFiles/actasp.dir/actasp/src/state_utils.cpp.o[0m
[35m[1mScanning dependencies of target _plan_execution_generate_messages_check_deps_ExecutePlanResult[0m
[35m[1mScanning dependencies of target _plan_execution_generate_messages_check_deps_AnswerSet[0m
[ 16%] Built target _plan_execution_generate_messages_check_deps_ExecutePlanResult
[35m[1mScanning dependencies of target _plan_execution_generate_messages_check_deps_CurrentStateQuery[0m
[ 16%] Built target _plan_execution_generate_messages_check_deps_AnswerSet
[ 16%] Built target _plan_execution_generate_messages_check_deps_CurrentStateQuery
[35m[1mScanning dependencies of target std_msgs_generate_messages_py[0m
[35m[1mScanning dependencies of target _plan_execution_generate_messages_check_deps_ExecutePlanAction[0m
[ 16%] Built target std_msgs_generate_messages_py
[35m[1mScanning dependencies of target actionlib_msgs_generate_messages_py[0m
[ 16%] Built target actionlib_msgs_generate_messages_py
[35m[1mScanning dependencies of target _plan_execution_generate_messages_check_deps_ComputeAllPlans[0m
[ 16%] Built target _plan_execution_generate_messages_check_deps_ExecutePlanAction
[35m[1mScanning dependencies of target _plan_execution_generate_messages_check_deps_HriMessage[0m
[ 16%] Built target _plan_execution_generate_messages_check_deps_ComputeAllPlans
[ 16%] Built target _plan_execution_generate_messages_check_deps_HriMessage
[35m[1mScanning dependencies of target _plan_execution_generate_messages_check_deps_ExecutePlanGoal[0m
[35m[1mScanning dependencies of target _plan_execution_generate_messages_check_deps_GetHriMessage[0m
[ 16%] Built target _plan_execution_generate_messages_check_deps_ExecutePlanGoal
[ 16%] Built target _plan_execution_generate_messages_check_deps_GetHriMessage
[35m[1mScanning dependencies of target _plan_execution_generate_messages_check_deps_AspRule[0m
[35m[1mScanning dependencies of target _plan_execution_generate_messages_check_deps_ExecutePlanFeedback[0m
[ 16%] Built target _plan_execution_generate_messages_check_deps_AspRule
[ 16%] Built target _plan_execution_generate_messages_check_deps_ExecutePlanFeedback
[35m[1mScanning dependencies of target _plan_execution_generate_messages_check_deps_ExecutePlanActionFeedback[0m
[35m[1mScanning dependencies of target std_msgs_generate_messages_lisp[0m
[ 16%] Built target std_msgs_generate_messages_lisp
[35m[1mScanning dependencies of target actionlib_msgs_generate_messages_lisp[0m
[ 16%] Built target actionlib_msgs_generate_messages_lisp
[35m[1mScanning dependencies of target std_msgs_generate_messages_nodejs[0m
[ 16%] Built target _plan_execution_generate_messages_check_deps_ExecutePlanActionFeedback
[35m[1mScanning dependencies of target geometry_msgs_generate_messages_cpp[0m
[ 16%] Built target std_msgs_generate_messages_nodejs
[ 16%] Built target geometry_msgs_generate_messages_cpp
[35m[1mScanning dependencies of target tf2_msgs_generate_messages_py[0m
[ 16%] Built target tf2_msgs_generate_messages_py
[35m[1mScanning dependencies of target actionlib_msgs_generate_messages_nodejs[0m
[35m[1mScanning dependencies of target nav_msgs_generate_messages_lisp[0m
[ 16%] Built target actionlib_msgs_generate_messages_nodejs
[ 16%] Built target nav_msgs_generate_messages_lisp
[35m[1mScanning dependencies of target roscpp_generate_messages_py[0m
[35m[1mScanning dependencies of target roscpp_generate_messages_eus[0m
[ 16%] Built target roscpp_generate_messages_py
[ 16%] Built target roscpp_generate_messages_eus
[35m[1mScanning dependencies of target actionlib_generate_messages_lisp[0m
[ 17%] [32m[1mLinking CXX shared library /home/yohei/rl_ws/devel/.private/plan_execution/lib/libactasp.so[0m
[35m[1mScanning dependencies of target actionlib_msgs_generate_messages_eus[0m
[ 17%] Built target actionlib_generate_messages_lisp
[ 17%] Built target actionlib_msgs_generate_messages_eus
[35m[1mScanning dependencies of target tf2_msgs_generate_messages_eus[0m
[35m[1mScanning dependencies of target nav_msgs_generate_messages_eus[0m
[ 17%] Built target tf2_msgs_generate_messages_eus
[ 17%] Built target nav_msgs_generate_messages_eus
[35m[1mScanning dependencies of target bwi_planning_common_generate_messages_cpp[0m
[35m[1mScanning dependencies of target rosgraph_msgs_generate_messages_eus[0m
[ 17%] Built target bwi_planning_common_generate_messages_cpp
[ 17%] Built target rosgraph_msgs_generate_messages_eus
[35m[1mScanning dependencies of target nav_msgs_generate_messages_py[0m
[35m[1mScanning dependencies of target nav_msgs_generate_messages_nodejs[0m
[ 17%] Built target nav_msgs_generate_messages_py
[ 17%] Built target nav_msgs_generate_messages_nodejs
[35m[1mScanning dependencies of target actionlib_generate_messages_cpp[0m
[35m[1mScanning dependencies of target rosgraph_msgs_generate_messages_py[0m
[ 17%] Built target actionlib_generate_messages_cpp
[ 17%] Built target rosgraph_msgs_generate_messages_py
[35m[1mScanning dependencies of target tf_generate_messages_lisp[0m
[35m[1mScanning dependencies of target bwi_msgs_generate_messages_lisp[0m
[ 17%] Built target tf_generate_messages_lisp
[ 17%] Built target bwi_msgs_generate_messages_lisp
[35m[1mScanning dependencies of target rosgraph_msgs_generate_messages_lisp[0m
[35m[1mScanning dependencies of target tf2_msgs_generate_messages_nodejs[0m
[ 17%] Built target rosgraph_msgs_generate_messages_lisp
[ 17%] Built target tf2_msgs_generate_messages_nodejs
[35m[1mScanning dependencies of target move_base_msgs_generate_messages_nodejs[0m
[35m[1mScanning dependencies of target sensor_msgs_generate_messages_py[0m
[ 17%] Built target move_base_msgs_generate_messages_nodejs
[ 17%] Built target sensor_msgs_generate_messages_py
[35m[1mScanning dependencies of target roscpp_generate_messages_nodejs[0m
[35m[1mScanning dependencies of target std_srvs_generate_messages_nodejs[0m
[ 17%] Built target roscpp_generate_messages_nodejs
[ 17%] Built target std_srvs_generate_messages_nodejs
[35m[1mScanning dependencies of target sensor_msgs_generate_messages_lisp[0m
[35m[1mScanning dependencies of target actionlib_generate_messages_nodejs[0m
[ 17%] Built target sensor_msgs_generate_messages_lisp
[ 17%] Built target actionlib_generate_messages_nodejs
[35m[1mScanning dependencies of target actionlib_msgs_generate_messages_cpp[0m
[35m[1mScanning dependencies of target geometry_msgs_generate_messages_py[0m
[ 17%] Built target actionlib_msgs_generate_messages_cpp
[ 17%] Built target geometry_msgs_generate_messages_py
[35m[1mScanning dependencies of target geometry_msgs_generate_messages_lisp[0m
[35m[1mScanning dependencies of target std_srvs_generate_messages_lisp[0m
[ 17%] Built target geometry_msgs_generate_messages_lisp
[ 17%] Built target std_srvs_generate_messages_lisp
[35m[1mScanning dependencies of target tf2_msgs_generate_messages_lisp[0m
[35m[1mScanning dependencies of target nav_msgs_generate_messages_cpp[0m
[ 17%] Built target tf2_msgs_generate_messages_lisp
[ 17%] Built target nav_msgs_generate_messages_cpp
[35m[1mScanning dependencies of target rosgraph_msgs_generate_messages_nodejs[0m
[35m[1mScanning dependencies of target tf_generate_messages_cpp[0m
[ 17%] Built target rosgraph_msgs_generate_messages_nodejs
[ 17%] Built target tf_generate_messages_cpp
[35m[1mScanning dependencies of target tf2_msgs_generate_messages_cpp[0m
[35m[1mScanning dependencies of target rosgraph_msgs_generate_messages_cpp[0m
[ 17%] Built target tf2_msgs_generate_messages_cpp
[ 17%] Built target rosgraph_msgs_generate_messages_cpp
[35m[1mScanning dependencies of target geometry_msgs_generate_messages_nodejs[0m
[35m[1mScanning dependencies of target geometry_msgs_generate_messages_eus[0m
[ 17%] Built target geometry_msgs_generate_messages_nodejs
[ 17%] Built target geometry_msgs_generate_messages_eus
[35m[1mScanning dependencies of target roscpp_generate_messages_cpp[0m
[35m[1mScanning dependencies of target move_base_msgs_generate_messages_cpp[0m
[ 17%] Built target roscpp_generate_messages_cpp
[ 17%] Built target move_base_msgs_generate_messages_cpp
[35m[1mScanning dependencies of target roscpp_generate_messages_lisp[0m
[ 17%] Built target actasp
[35m[1mScanning dependencies of target actionlib_generate_messages_eus[0m
[ 17%] Built target roscpp_generate_messages_lisp
[35m[1mScanning dependencies of target std_msgs_generate_messages_eus[0m
[35m[1mScanning dependencies of target bwi_msgs_generate_messages_cpp[0m
[ 17%] Built target actionlib_generate_messages_eus
[ 17%] Built target std_msgs_generate_messages_eus
[ 17%] Built target bwi_msgs_generate_messages_cpp
[35m[1mScanning dependencies of target tf_generate_messages_nodejs[0m
[35m[1mScanning dependencies of target std_srvs_generate_messages_py[0m
[35m[1mScanning dependencies of target bwi_planning_common_generate_messages_eus[0m
[ 17%] Built target tf_generate_messages_nodejs
[ 17%] Built target std_srvs_generate_messages_py
[ 17%] Built target bwi_planning_common_generate_messages_eus
[35m[1mScanning dependencies of target _catkin_empty_exported_target[0m
[35m[1mScanning dependencies of target map_msgs_generate_messages_cpp[0m
[35m[1mScanning dependencies of target dynamic_reconfigure_generate_messages_nodejs[0m
[ 17%] Built target _catkin_empty_exported_target
[ 17%] Built target map_msgs_generate_messages_cpp
[ 17%] Built target dynamic_reconfigure_generate_messages_nodejs
[35m[1mScanning dependencies of target bwi_msgs_generate_messages_nodejs[0m
[35m[1mScanning dependencies of target std_srvs_generate_messages_cpp[0m
[35m[1mScanning dependencies of target sensor_msgs_generate_messages_eus[0m
[ 17%] Built target bwi_msgs_generate_messages_nodejs
[ 17%] Built target std_srvs_generate_messages_cpp
[ 17%] Built target sensor_msgs_generate_messages_eus
[35m[1mScanning dependencies of target bwi_msgs_generate_messages_py[0m
[35m[1mScanning dependencies of target bwi_planning_common_generate_messages_lisp[0m
[35m[1mScanning dependencies of target bwi_planning_common_generate_messages_nodejs[0m
[ 17%] Built target bwi_msgs_generate_messages_py
[ 17%] Built target bwi_planning_common_generate_messages_lisp
[35m[1mScanning dependencies of target multi_level_map_msgs_generate_messages_lisp[0m
[ 17%] Built target bwi_planning_common_generate_messages_nodejs
[ 17%] Built target multi_level_map_msgs_generate_messages_lisp
[35m[1mScanning dependencies of target map_msgs_generate_messages_lisp[0m
[35m[1mScanning dependencies of target tf_generate_messages_py[0m
[35m[1mScanning dependencies of target bwi_planning_common_generate_messages_py[0m
[ 17%] Built target map_msgs_generate_messages_lisp
[ 17%] Built target tf_generate_messages_py
[35m[1mScanning dependencies of target sensor_msgs_generate_messages_cpp[0m
[ 17%] Built target bwi_planning_common_generate_messages_py
[35m[1mScanning dependencies of target std_msgs_generate_messages_cpp[0m
[ 17%] Built target sensor_msgs_generate_messages_cpp
[35m[1mScanning dependencies of target sensor_msgs_generate_messages_nodejs[0m
[ 17%] Built target std_msgs_generate_messages_cpp
[ 17%] Built target sensor_msgs_generate_messages_nodejs
[35m[1mScanning dependencies of target dynamic_reconfigure_generate_messages_cpp[0m
[35m[1mScanning dependencies of target plan_execution_generate_messages_nodejs[0m
[ 17%] Built target dynamic_reconfigure_generate_messages_cpp
[35m[1mScanning dependencies of target plan_execution_generate_messages_cpp[0m
[ 18%] [34m[1mGenerating Javascript code from plan_execution/AspRule.msg[0m
[ 19%] [34m[1mGenerating Javascript code from plan_execution/AspFluent.msg[0m
[ 19%] [34m[1mGenerating C++ code from plan_execution/AspRule.msg[0m
[ 20%] [34m[1mGenerating C++ code from plan_execution/AspFluent.msg[0m
[ 21%] [34m[1mGenerating Javascript code from plan_execution/ExecutePlanFeedback.msg[0m
[ 23%] [34m[1mGenerating Javascript code from plan_execution/ExecutePlanResult.msg[0m
[ 24%] [34m[1mGenerating Javascript code from plan_execution/ExecutePlanGoal.msg[0m
[ 25%] [34m[1mGenerating C++ code from plan_execution/ExecutePlanFeedback.msg[0m
[ 26%] [34m[1mGenerating C++ code from plan_execution/ExecutePlanResult.msg[0m
[ 26%] [34m[1mGenerating Javascript code from plan_execution/ExecutePlanAction.msg[0m
[ 27%] [34m[1mGenerating Javascript code from plan_execution/ExecutePlanActionResult.msg[0m
[ 28%] [34m[1mGenerating Javascript code from plan_execution/AnswerSet.msg[0m
[ 29%] [34m[1mGenerating C++ code from plan_execution/ExecutePlanGoal.msg[0m
[ 30%] [34m[1mGenerating Javascript code from plan_execution/HriMessage.msg[0m
[ 30%] [34m[1mGenerating C++ code from plan_execution/ExecutePlanAction.msg[0m
[ 31%] [34m[1mGenerating Javascript code from plan_execution/ExecutePlanActionFeedback.msg[0m
[ 31%] [34m[1mGenerating Javascript code from plan_execution/ExecutePlanActionGoal.msg[0m
[ 32%] [34m[1mGenerating Javascript code from plan_execution/IsPlanValid.srv[0m
[ 34%] [34m[1mGenerating C++ code from plan_execution/ExecutePlanActionResult.msg[0m
[ 35%] [34m[1mGenerating C++ code from plan_execution/AnswerSet.msg[0m
[ 36%] [34m[1mGenerating Javascript code from plan_execution/ComputePlan.srv[0m
[ 37%] [34m[1mGenerating Javascript code from plan_execution/ComputeAllPlans.srv[0m
[ 38%] [34m[1mGenerating Javascript code from plan_execution/GetHriMessage.srv[0m
[ 39%] [34m[1mGenerating C++ code from plan_execution/HriMessage.msg[0m
[ 40%] [34m[1mGenerating C++ code from plan_execution/ExecutePlanActionFeedback.msg[0m
[ 40%] [34m[1mGenerating Javascript code from plan_execution/CurrentStateQuery.srv[0m
[ 41%] [34m[1mGenerating Javascript code from plan_execution/UpdateFluents.srv[0m
[ 41%] Built target plan_execution_generate_messages_nodejs
[35m[1mScanning dependencies of target dynamic_reconfigure_generate_messages_eus[0m
[ 41%] Built target dynamic_reconfigure_generate_messages_eus
[ 41%] [34m[1mGenerating C++ code from plan_execution/ExecutePlanActionGoal.msg[0m
[35m[1mScanning dependencies of target map_msgs_generate_messages_nodejs[0m
[ 41%] Built target map_msgs_generate_messages_nodejs
[35m[1mScanning dependencies of target dynamic_reconfigure_generate_messages_lisp[0m
[ 42%] [34m[1mGenerating C++ code from plan_execution/IsPlanValid.srv[0m
[ 42%] Built target dynamic_reconfigure_generate_messages_lisp
[35m[1mScanning dependencies of target actionlib_generate_messages_py[0m
[ 42%] Built target actionlib_generate_messages_py
[35m[1mScanning dependencies of target dynamic_reconfigure_generate_messages_py[0m
[ 42%] Built target dynamic_reconfigure_generate_messages_py
[35m[1mScanning dependencies of target dynamic_reconfigure_gencfg[0m
[ 42%] Built target dynamic_reconfigure_gencfg
[35m[1mScanning dependencies of target move_base_msgs_generate_messages_py[0m
[ 42%] Built target move_base_msgs_generate_messages_py
[35m[1mScanning dependencies of target map_msgs_generate_messages_eus[0m
[ 42%] Built target map_msgs_generate_messages_eus
[35m[1mScanning dependencies of target move_base_msgs_generate_messages_lisp[0m
[ 42%] Built target move_base_msgs_generate_messages_lisp
[ 43%] [34m[1mGenerating C++ code from plan_execution/ComputePlan.srv[0m
[35m[1mScanning dependencies of target multi_level_map_msgs_generate_messages_cpp[0m
[ 43%] Built target multi_level_map_msgs_generate_messages_cpp
[35m[1mScanning dependencies of target plan_execution_generate_messages_eus[0m
[ 45%] [34m[1mGenerating EusLisp code from plan_execution/AspRule.msg[0m
[ 46%] [34m[1mGenerating EusLisp code from plan_execution/AspFluent.msg[0m
[ 47%] [34m[1mGenerating C++ code from plan_execution/ComputeAllPlans.srv[0m
[ 48%] [34m[1mGenerating EusLisp code from plan_execution/ExecutePlanFeedback.msg[0m
[ 48%] [34m[1mGenerating EusLisp code from plan_execution/ExecutePlanResult.msg[0m
[ 49%] [34m[1mGenerating C++ code from plan_execution/GetHriMessage.srv[0m
[ 50%] [34m[1mGenerating EusLisp code from plan_execution/ExecutePlanGoal.msg[0m
[ 51%] [34m[1mGenerating EusLisp code from plan_execution/ExecutePlanAction.msg[0m
[ 51%] [34m[1mGenerating C++ code from plan_execution/CurrentStateQuery.srv[0m
[ 52%] [34m[1mGenerating EusLisp code from plan_execution/ExecutePlanActionResult.msg[0m
[ 53%] [34m[1mGenerating EusLisp code from plan_execution/AnswerSet.msg[0m
[ 54%] [34m[1mGenerating EusLisp code from plan_execution/HriMessage.msg[0m
[ 54%] [34m[1mGenerating EusLisp code from plan_execution/ExecutePlanActionFeedback.msg[0m
[35m[1mScanning dependencies of target multi_level_map_msgs_generate_messages_nodejs[0m
[ 54%] Built target multi_level_map_msgs_generate_messages_nodejs
[ 56%] [34m[1mGenerating EusLisp code from plan_execution/ExecutePlanActionGoal.msg[0m
[35m[1mScanning dependencies of target multi_level_map_msgs_generate_messages_eus[0m
[ 56%] Built target multi_level_map_msgs_generate_messages_eus
[35m[1mScanning dependencies of target bwi_msgs_generate_messages_eus[0m
[ 56%] Built target bwi_msgs_generate_messages_eus
[35m[1mScanning dependencies of target move_base_msgs_generate_messages_eus[0m
[ 56%] Built target move_base_msgs_generate_messages_eus
[ 57%] [34m[1mGenerating EusLisp code from plan_execution/IsPlanValid.srv[0m
[35m[1mScanning dependencies of target multi_level_map_msgs_generate_messages_py[0m
[ 58%] [34m[1mGenerating C++ code from plan_execution/UpdateFluents.srv[0m
[ 58%] Built target multi_level_map_msgs_generate_messages_py
[35m[1mScanning dependencies of target tf_generate_messages_eus[0m
[ 58%] Built target tf_generate_messages_eus
[35m[1mScanning dependencies of target std_srvs_generate_messages_eus[0m
[ 59%] Built target std_srvs_generate_messages_eus
[ 59%] [34m[1mGenerating EusLisp code from plan_execution/ComputePlan.srv[0m
[35m[1mScanning dependencies of target plan_execution_generate_messages_py[0m
[ 60%] [34m[1mGenerating Python from MSG plan_execution/AspRule[0m
[ 61%] [34m[1mGenerating EusLisp code from plan_execution/ComputeAllPlans.srv[0m
[ 61%] [34m[1mGenerating EusLisp code from plan_execution/GetHriMessage.srv[0m
[ 62%] [34m[1mGenerating Python from MSG plan_execution/AspFluent[0m
[ 63%] [34m[1mGenerating EusLisp code from plan_execution/CurrentStateQuery.srv[0m
[ 63%] Built target plan_execution_generate_messages_cpp
[35m[1mScanning dependencies of target plan_execution_generate_messages_lisp[0m
[ 64%] [34m[1mGenerating Lisp code from plan_execution/AspRule.msg[0m
[ 65%] [34m[1mGenerating Python from MSG plan_execution/ExecutePlanFeedback[0m
[ 67%] [34m[1mGenerating EusLisp code from plan_execution/UpdateFluents.srv[0m
[ 67%] [34m[1mGenerating Lisp code from plan_execution/AspFluent.msg[0m
[ 68%] [34m[1mGenerating EusLisp manifest code for plan_execution[0m
[ 69%] [34m[1mGenerating Lisp code from plan_execution/ExecutePlanFeedback.msg[0m
[ 69%] [34m[1mGenerating Python from MSG plan_execution/ExecutePlanResult[0m
[ 70%] [34m[1mGenerating Lisp code from plan_execution/ExecutePlanResult.msg[0m
[ 71%] [34m[1mGenerating Lisp code from plan_execution/ExecutePlanGoal.msg[0m
[ 72%] [34m[1mGenerating Lisp code from plan_execution/ExecutePlanAction.msg[0m
[ 73%] [34m[1mGenerating Python from MSG plan_execution/ExecutePlanGoal[0m
[ 73%] [34m[1mGenerating Lisp code from plan_execution/ExecutePlanActionResult.msg[0m
[ 74%] [34m[1mGenerating Lisp code from plan_execution/AnswerSet.msg[0m
[ 75%] [34m[1mGenerating Python from MSG plan_execution/ExecutePlanAction[0m
[ 76%] [34m[1mGenerating Lisp code from plan_execution/HriMessage.msg[0m
[ 78%] [34m[1mGenerating Lisp code from plan_execution/ExecutePlanActionFeedback.msg[0m
[ 79%] [34m[1mGenerating Python from MSG plan_execution/ExecutePlanActionResult[0m
[ 80%] [34m[1mGenerating Lisp code from plan_execution/ExecutePlanActionGoal.msg[0m
[ 80%] [34m[1mGenerating Lisp code from plan_execution/IsPlanValid.srv[0m
[ 81%] [34m[1mGenerating Lisp code from plan_execution/ComputePlan.srv[0m
[ 82%] [34m[1mGenerating Python from MSG plan_execution/AnswerSet[0m
[ 83%] [34m[1mGenerating Lisp code from plan_execution/ComputeAllPlans.srv[0m
[ 84%] [34m[1mGenerating Lisp code from plan_execution/GetHriMessage.srv[0m
[ 85%] [34m[1mGenerating Lisp code from plan_execution/CurrentStateQuery.srv[0m
[ 85%] [34m[1mGenerating Python from MSG plan_execution/HriMessage[0m
[ 85%] [34m[1mGenerating Lisp code from plan_execution/UpdateFluents.srv[0m
[ 85%] Built target plan_execution_generate_messages_lisp
[ 86%] [34m[1mGenerating Python from MSG plan_execution/ExecutePlanActionFeedback[0m
[ 87%] [34m[1mGenerating Python from MSG plan_execution/ExecutePlanActionGoal[0m
[ 89%] [34m[1mGenerating Python code from SRV plan_execution/IsPlanValid[0m
[ 90%] [34m[1mGenerating Python code from SRV plan_execution/ComputePlan[0m
[ 90%] [34m[1mGenerating Python code from SRV plan_execution/ComputeAllPlans[0m
[ 91%] [34m[1mGenerating Python code from SRV plan_execution/GetHriMessage[0m
[ 92%] [34m[1mGenerating Python code from SRV plan_execution/CurrentStateQuery[0m
[ 93%] [34m[1mGenerating Python code from SRV plan_execution/UpdateFluents[0m
[ 95%] [34m[1mGenerating Python srv __init__.py for plan_execution[0m
[ 95%] [34m[1mGenerating Python msg __init__.py for plan_execution[0m
[ 95%] Built target plan_execution_generate_messages_py
[ 95%] Built target plan_execution_generate_messages_eus
[35m[1mScanning dependencies of target plan_execution_generate_messages[0m
[35m[1mScanning dependencies of target plan_execution[0m
[ 95%] Built target plan_execution_generate_messages
[ 96%] [32mBuilding CXX object CMakeFiles/plan_execution.dir/src/libplan_execution/LogicalAction.cpp.o[0m
[ 96%] [32mBuilding CXX object CMakeFiles/plan_execution.dir/src/libplan_execution/msgs_utils.cpp.o[0m
[ 97%] [32mBuilding CXX object CMakeFiles/plan_execution.dir/src/libplan_execution/RemoteReasoner.cpp.o[0m
[ 98%] [32mBuilding CXX object CMakeFiles/plan_execution.dir/src/libplan_execution/StaticFacts.cpp.o[0m
[100%] [32m[1mLinking CXX shared library /home/yohei/rl_ws/devel/.private/plan_execution/lib/libplan_execution.so[0m
[100%] Built target plan_execution
