[  0%] Built target pcl_msgs_generate_messages_cpp
[  0%] Built target visualization_msgs_generate_messages_py
[  0%] Built target visualization_msgs_generate_messages_nodejs
[  0%] Built target visualization_msgs_generate_messages_lisp
[  0%] Built target visualization_msgs_generate_messages_cpp
[  0%] Built target sound_play_generate_messages_py
[  0%] Built target sound_play_generate_messages_nodejs
[  0%] Built target sound_play_generate_messages_lisp
[  0%] Built target sound_play_generate_messages_eus
[  0%] Built target sound_play_generate_messages_cpp
[  0%] Built target tf_generate_messages_py
[  0%] Built target tf_generate_messages_lisp
[  0%] Built target tf_generate_messages_eus
[  0%] Built target tf_generate_messages_cpp
[  0%] Built target topic_tools_generate_messages_py
[  0%] Built target topic_tools_generate_messages_lisp
[  0%] Built target topic_tools_generate_messages_eus
[  0%] Built target pcl_msgs_generate_messages_nodejs
[  0%] Built target pcl_msgs_generate_messages_lisp
[  0%] Built target bwi_planning_common_generate_messages_py
[  0%] Built target bwi_planning_common_generate_messages_nodejs
[  0%] Built target bwi_msgs_generate_messages_nodejs
[  0%] Built target bwi_msgs_generate_messages_lisp
[  0%] Built target bwi_msgs_generate_messages_cpp
[  0%] Built target tf_generate_messages_nodejs
[  0%] Built target std_srvs_generate_messages_py
[  0%] Built target nav_msgs_generate_messages_nodejs
[  0%] Built target plan_execution_generate_messages_lisp
[  0%] Built target roscpp_generate_messages_eus
[  0%] Built target bond_generate_messages_eus
[  0%] Built target roscpp_generate_messages_py
[  0%] Built target std_msgs_generate_messages_eus
[  0%] Built target actionlib_generate_messages_eus
[  0%] Built target plan_execution_generate_messages_py
[  0%] Built target actionlib_generate_messages_lisp
[  0%] Built target actionlib_msgs_generate_messages_eus
[  0%] Built target rosgraph_msgs_generate_messages_eus
[  0%] Built target std_msgs_generate_messages_py
[  0%] Built target nav_msgs_generate_messages_py
[  0%] Built target rosgraph_msgs_generate_messages_py
[  0%] Built target actionlib_generate_messages_cpp
[  0%] Built target actionlib_msgs_generate_messages_nodejs
[  0%] Built target tf2_msgs_generate_messages_py
[  0%] Built target bwi_planning_common_generate_messages_cpp
[  0%] Built target rosgraph_msgs_generate_messages_lisp
[  0%] Built target sensor_msgs_generate_messages_py
[  0%] Built target roscpp_generate_messages_nodejs
[  0%] Built target std_srvs_generate_messages_nodejs
[  0%] Built target topic_tools_generate_messages_nodejs
[  0%] Built target sensor_msgs_generate_messages_lisp
[  0%] Built target actionlib_generate_messages_nodejs
[  0%] Built target actionlib_msgs_generate_messages_cpp
[  0%] Built target plan_execution_generate_messages_eus
[  0%] Built target std_msgs_generate_messages_lisp
[  0%] Built target rosgraph_msgs_generate_messages_nodejs
[  0%] Built target sensor_msgs_generate_messages_eus
[  0%] Built target bwi_msgs_generate_messages_py
[  0%] Built target bwi_planning_common_generate_messages_lisp
[  0%] Built target std_msgs_generate_messages_nodejs
[  0%] Built target std_srvs_generate_messages_eus
[  0%] Built target rosgraph_msgs_generate_messages_cpp
[  0%] Built target pcl_msgs_generate_messages_eus
[  0%] Built target roscpp_generate_messages_cpp
[  0%] Built target nodelet_generate_messages_py
[  0%] Built target actionlib_msgs_generate_messages_py
[  0%] Built target move_base_msgs_generate_messages_cpp
[  0%] Built target roscpp_generate_messages_lisp
[  0%] Built target bwi_planning_common_generate_messages_eus
[  0%] Built target _catkin_empty_exported_target
[  0%] Built target dynamic_reconfigure_generate_messages_nodejs
[  0%] Built target nav_msgs_generate_messages_lisp
[  0%] Built target geometry_msgs_generate_messages_cpp
[  0%] Built target geometry_msgs_generate_messages_py
[  0%] Built target geometry_msgs_generate_messages_lisp
[  0%] Built target std_srvs_generate_messages_lisp
[  0%] Built target bond_generate_messages_py
[  0%] Built target geometry_msgs_generate_messages_eus
[  0%] Built target geometry_msgs_generate_messages_nodejs
[  0%] Built target tf2_msgs_generate_messages_cpp
[  0%] Built target nav_msgs_generate_messages_eus
[  0%] Built target pcl_ros_gencfg
[  0%] Built target tf2_msgs_generate_messages_eus
[  0%] Built target nodelet_generate_messages_cpp
[  0%] Built target nav_msgs_generate_messages_cpp
[  0%] Built target tf2_msgs_generate_messages_lisp
[  0%] Built target tf2_msgs_generate_messages_nodejs
[  0%] Built target move_base_msgs_generate_messages_nodejs
[  0%] Built target topic_tools_generate_messages_cpp
[  0%] Built target nodelet_generate_messages_eus
[  0%] Built target sensor_msgs_generate_messages_cpp
[  0%] Built target std_msgs_generate_messages_cpp
[  0%] Built target sensor_msgs_generate_messages_nodejs
[  0%] Built target bwi_msgs_generate_messages_eus
[  0%] Built target move_base_msgs_generate_messages_eus
[  0%] Built target actionlib_generate_messages_py
[  0%] Built target dynamic_reconfigure_generate_messages_py
[  0%] Built target actionlib_msgs_generate_messages_lisp
[  0%] Built target move_base_msgs_generate_messages_lisp
[  0%] Built target dynamic_reconfigure_gencfg
[  0%] Built target dynamic_reconfigure_generate_messages_cpp
[  0%] Built target visualization_msgs_generate_messages_eus
[  0%] Built target pcl_msgs_generate_messages_py
[  0%] Built target plan_execution_generate_messages_nodejs
[  0%] Built target plan_execution_generate_messages_cpp
[  0%] Built target bond_generate_messages_nodejs
[  0%] Built target dynamic_reconfigure_generate_messages_eus
[  0%] Built target dynamic_reconfigure_generate_messages_lisp
[  0%] Built target nodelet_generate_messages_lisp
[  0%] Built target move_base_msgs_generate_messages_py
[  0%] Built target nodelet_generate_messages_nodejs
[  0%] Built target bond_generate_messages_cpp
[  0%] Built target bond_generate_messages_lisp
[  0%] Built target nodelet_topic_tools_gencfg
[  0%] Built target std_srvs_generate_messages_cpp
[ 10%] [32m[1mLinking CXX executable /home/yohei/rl_ws/devel/.private/bwi_scavenger/lib/bwi_scavenger/draw_trajectory[0m
[ 20%] Built target draw_trajectory
[35m[1mScanning dependencies of target scavenger[0m
[ 30%] [32mBuilding CXX object CMakeFiles/scavenger.dir/src/scavenger.cpp.o[0m
[ 40%] [32mBuilding CXX object CMakeFiles/scavenger.dir/src/ScavTaskColorShirt.cpp.o[0m
[ 50%] [32mBuilding CXX object CMakeFiles/scavenger.dir/src/ScavTaskHumanFollowing.cpp.o[0m
[ 60%] [32mBuilding CXX object CMakeFiles/scavenger.dir/src/ScavTaskWhiteBoard.cpp.o[0m
[ 70%] [32m[1mLinking CXX executable /home/yohei/rl_ws/devel/.private/bwi_scavenger/lib/bwi_scavenger/scavenger[0m
[100%] Built target scavenger
