Linked: (/home/yohei/rl_ws/devel/.private/bwi_virtour/share/roseus/ros/bwi_virtour/manifest.l, /home/yohei/rl_ws/devel/share/roseus/ros/bwi_virtour/manifest.l)
Linked: (/home/yohei/rl_ws/devel/.private/bwi_virtour/share/roseus/ros/bwi_virtour/srv/GoBesideLocation.l, /home/yohei/rl_ws/devel/share/roseus/ros/bwi_virtour/srv/GoBesideLocation.l)
Linked: (/home/yohei/rl_ws/devel/.private/bwi_virtour/share/roseus/ros/bwi_virtour/srv/LeaveTour.l, /home/yohei/rl_ws/devel/share/roseus/ros/bwi_virtour/srv/LeaveTour.l)
Linked: (/home/yohei/rl_ws/devel/.private/bwi_virtour/share/roseus/ros/bwi_virtour/srv/PingTour.l, /home/yohei/rl_ws/devel/share/roseus/ros/bwi_virtour/srv/PingTour.l)
Linked: (/home/yohei/rl_ws/devel/.private/bwi_virtour/share/roseus/ros/bwi_virtour/srv/RequestTour.l, /home/yohei/rl_ws/devel/share/roseus/ros/bwi_virtour/srv/RequestTour.l)
Linked: (/home/yohei/rl_ws/devel/.private/bwi_virtour/share/roseus/ros/bwi_virtour/srv/Authenticate.l, /home/yohei/rl_ws/devel/share/roseus/ros/bwi_virtour/srv/Authenticate.l)
Linked: (/home/yohei/rl_ws/devel/.private/bwi_virtour/share/roseus/ros/bwi_virtour/srv/GetTourState.l, /home/yohei/rl_ws/devel/share/roseus/ros/bwi_virtour/srv/GetTourState.l)
Linked: (/home/yohei/rl_ws/devel/.private/bwi_virtour/share/roseus/ros/bwi_virtour/srv/Rotate.l, /home/yohei/rl_ws/devel/share/roseus/ros/bwi_virtour/srv/Rotate.l)
Linked: (/home/yohei/rl_ws/devel/.private/bwi_virtour/share/roseus/ros/bwi_virtour/srv/GoToLocation.l, /home/yohei/rl_ws/devel/share/roseus/ros/bwi_virtour/srv/GoToLocation.l)
Linked: (/home/yohei/rl_ws/devel/.private/bwi_virtour/share/gennodejs/ros/bwi_virtour/_index.js, /home/yohei/rl_ws/devel/share/gennodejs/ros/bwi_virtour/_index.js)
Linked: (/home/yohei/rl_ws/devel/.private/bwi_virtour/share/gennodejs/ros/bwi_virtour/srv/PingTour.js, /home/yohei/rl_ws/devel/share/gennodejs/ros/bwi_virtour/srv/PingTour.js)
Linked: (/home/yohei/rl_ws/devel/.private/bwi_virtour/share/gennodejs/ros/bwi_virtour/srv/Rotate.js, /home/yohei/rl_ws/devel/share/gennodejs/ros/bwi_virtour/srv/Rotate.js)
Linked: (/home/yohei/rl_ws/devel/.private/bwi_virtour/share/gennodejs/ros/bwi_virtour/srv/LeaveTour.js, /home/yohei/rl_ws/devel/share/gennodejs/ros/bwi_virtour/srv/LeaveTour.js)
Linked: (/home/yohei/rl_ws/devel/.private/bwi_virtour/share/gennodejs/ros/bwi_virtour/srv/RequestTour.js, /home/yohei/rl_ws/devel/share/gennodejs/ros/bwi_virtour/srv/RequestTour.js)
Linked: (/home/yohei/rl_ws/devel/.private/bwi_virtour/share/gennodejs/ros/bwi_virtour/srv/GoBesideLocation.js, /home/yohei/rl_ws/devel/share/gennodejs/ros/bwi_virtour/srv/GoBesideLocation.js)
Linked: (/home/yohei/rl_ws/devel/.private/bwi_virtour/share/gennodejs/ros/bwi_virtour/srv/_index.js, /home/yohei/rl_ws/devel/share/gennodejs/ros/bwi_virtour/srv/_index.js)
Linked: (/home/yohei/rl_ws/devel/.private/bwi_virtour/share/gennodejs/ros/bwi_virtour/srv/GoToLocation.js, /home/yohei/rl_ws/devel/share/gennodejs/ros/bwi_virtour/srv/GoToLocation.js)
Linked: (/home/yohei/rl_ws/devel/.private/bwi_virtour/share/gennodejs/ros/bwi_virtour/srv/Authenticate.js, /home/yohei/rl_ws/devel/share/gennodejs/ros/bwi_virtour/srv/Authenticate.js)
Linked: (/home/yohei/rl_ws/devel/.private/bwi_virtour/share/gennodejs/ros/bwi_virtour/srv/GetTourState.js, /home/yohei/rl_ws/devel/share/gennodejs/ros/bwi_virtour/srv/GetTourState.js)
Linked: (/home/yohei/rl_ws/devel/.private/bwi_virtour/share/bwi_virtour/cmake/bwi_virtourConfig-version.cmake, /home/yohei/rl_ws/devel/share/bwi_virtour/cmake/bwi_virtourConfig-version.cmake)
Linked: (/home/yohei/rl_ws/devel/.private/bwi_virtour/share/bwi_virtour/cmake/bwi_virtour-msg-extras.cmake, /home/yohei/rl_ws/devel/share/bwi_virtour/cmake/bwi_virtour-msg-extras.cmake)
Linked: (/home/yohei/rl_ws/devel/.private/bwi_virtour/share/bwi_virtour/cmake/bwi_virtour-msg-paths.cmake, /home/yohei/rl_ws/devel/share/bwi_virtour/cmake/bwi_virtour-msg-paths.cmake)
Linked: (/home/yohei/rl_ws/devel/.private/bwi_virtour/share/bwi_virtour/cmake/bwi_virtourConfig.cmake, /home/yohei/rl_ws/devel/share/bwi_virtour/cmake/bwi_virtourConfig.cmake)
Linked: (/home/yohei/rl_ws/devel/.private/bwi_virtour/share/common-lisp/ros/bwi_virtour/srv/GoToLocation.lisp, /home/yohei/rl_ws/devel/share/common-lisp/ros/bwi_virtour/srv/GoToLocation.lisp)
Linked: (/home/yohei/rl_ws/devel/.private/bwi_virtour/share/common-lisp/ros/bwi_virtour/srv/LeaveTour.lisp, /home/yohei/rl_ws/devel/share/common-lisp/ros/bwi_virtour/srv/LeaveTour.lisp)
Linked: (/home/yohei/rl_ws/devel/.private/bwi_virtour/share/common-lisp/ros/bwi_virtour/srv/_package_GoBesideLocation.lisp, /home/yohei/rl_ws/devel/share/common-lisp/ros/bwi_virtour/srv/_package_GoBesideLocation.lisp)
Linked: (/home/yohei/rl_ws/devel/.private/bwi_virtour/share/common-lisp/ros/bwi_virtour/srv/GetTourState.lisp, /home/yohei/rl_ws/devel/share/common-lisp/ros/bwi_virtour/srv/GetTourState.lisp)
Linked: (/home/yohei/rl_ws/devel/.private/bwi_virtour/share/common-lisp/ros/bwi_virtour/srv/_package_GetTourState.lisp, /home/yohei/rl_ws/devel/share/common-lisp/ros/bwi_virtour/srv/_package_GetTourState.lisp)
Linked: (/home/yohei/rl_ws/devel/.private/bwi_virtour/share/common-lisp/ros/bwi_virtour/srv/RequestTour.lisp, /home/yohei/rl_ws/devel/share/common-lisp/ros/bwi_virtour/srv/RequestTour.lisp)
Linked: (/home/yohei/rl_ws/devel/.private/bwi_virtour/share/common-lisp/ros/bwi_virtour/srv/bwi_virtour-srv.asd, /home/yohei/rl_ws/devel/share/common-lisp/ros/bwi_virtour/srv/bwi_virtour-srv.asd)
Linked: (/home/yohei/rl_ws/devel/.private/bwi_virtour/share/common-lisp/ros/bwi_virtour/srv/_package_GoToLocation.lisp, /home/yohei/rl_ws/devel/share/common-lisp/ros/bwi_virtour/srv/_package_GoToLocation.lisp)
Linked: (/home/yohei/rl_ws/devel/.private/bwi_virtour/share/common-lisp/ros/bwi_virtour/srv/Rotate.lisp, /home/yohei/rl_ws/devel/share/common-lisp/ros/bwi_virtour/srv/Rotate.lisp)
Linked: (/home/yohei/rl_ws/devel/.private/bwi_virtour/share/common-lisp/ros/bwi_virtour/srv/_package.lisp, /home/yohei/rl_ws/devel/share/common-lisp/ros/bwi_virtour/srv/_package.lisp)
Linked: (/home/yohei/rl_ws/devel/.private/bwi_virtour/share/common-lisp/ros/bwi_virtour/srv/_package_RequestTour.lisp, /home/yohei/rl_ws/devel/share/common-lisp/ros/bwi_virtour/srv/_package_RequestTour.lisp)
Linked: (/home/yohei/rl_ws/devel/.private/bwi_virtour/share/common-lisp/ros/bwi_virtour/srv/Authenticate.lisp, /home/yohei/rl_ws/devel/share/common-lisp/ros/bwi_virtour/srv/Authenticate.lisp)
Linked: (/home/yohei/rl_ws/devel/.private/bwi_virtour/share/common-lisp/ros/bwi_virtour/srv/_package_LeaveTour.lisp, /home/yohei/rl_ws/devel/share/common-lisp/ros/bwi_virtour/srv/_package_LeaveTour.lisp)
Linked: (/home/yohei/rl_ws/devel/.private/bwi_virtour/share/common-lisp/ros/bwi_virtour/srv/_package_Rotate.lisp, /home/yohei/rl_ws/devel/share/common-lisp/ros/bwi_virtour/srv/_package_Rotate.lisp)
Linked: (/home/yohei/rl_ws/devel/.private/bwi_virtour/share/common-lisp/ros/bwi_virtour/srv/GoBesideLocation.lisp, /home/yohei/rl_ws/devel/share/common-lisp/ros/bwi_virtour/srv/GoBesideLocation.lisp)
Linked: (/home/yohei/rl_ws/devel/.private/bwi_virtour/share/common-lisp/ros/bwi_virtour/srv/PingTour.lisp, /home/yohei/rl_ws/devel/share/common-lisp/ros/bwi_virtour/srv/PingTour.lisp)
Linked: (/home/yohei/rl_ws/devel/.private/bwi_virtour/share/common-lisp/ros/bwi_virtour/srv/_package_PingTour.lisp, /home/yohei/rl_ws/devel/share/common-lisp/ros/bwi_virtour/srv/_package_PingTour.lisp)
Linked: (/home/yohei/rl_ws/devel/.private/bwi_virtour/share/common-lisp/ros/bwi_virtour/srv/_package_Authenticate.lisp, /home/yohei/rl_ws/devel/share/common-lisp/ros/bwi_virtour/srv/_package_Authenticate.lisp)
Linked: (/home/yohei/rl_ws/devel/.private/bwi_virtour/include/bwi_virtour/AuthenticateResponse.h, /home/yohei/rl_ws/devel/include/bwi_virtour/AuthenticateResponse.h)
Linked: (/home/yohei/rl_ws/devel/.private/bwi_virtour/include/bwi_virtour/LeaveTour.h, /home/yohei/rl_ws/devel/include/bwi_virtour/LeaveTour.h)
Linked: (/home/yohei/rl_ws/devel/.private/bwi_virtour/include/bwi_virtour/LeaveTourResponse.h, /home/yohei/rl_ws/devel/include/bwi_virtour/LeaveTourResponse.h)
Linked: (/home/yohei/rl_ws/devel/.private/bwi_virtour/include/bwi_virtour/GoBesideLocation.h, /home/yohei/rl_ws/devel/include/bwi_virtour/GoBesideLocation.h)
Linked: (/home/yohei/rl_ws/devel/.private/bwi_virtour/include/bwi_virtour/GoToLocation.h, /home/yohei/rl_ws/devel/include/bwi_virtour/GoToLocation.h)
Linked: (/home/yohei/rl_ws/devel/.private/bwi_virtour/include/bwi_virtour/RequestTour.h, /home/yohei/rl_ws/devel/include/bwi_virtour/RequestTour.h)
Linked: (/home/yohei/rl_ws/devel/.private/bwi_virtour/include/bwi_virtour/RequestTourResponse.h, /home/yohei/rl_ws/devel/include/bwi_virtour/RequestTourResponse.h)
Linked: (/home/yohei/rl_ws/devel/.private/bwi_virtour/include/bwi_virtour/LeaveTourRequest.h, /home/yohei/rl_ws/devel/include/bwi_virtour/LeaveTourRequest.h)
Linked: (/home/yohei/rl_ws/devel/.private/bwi_virtour/include/bwi_virtour/Rotate.h, /home/yohei/rl_ws/devel/include/bwi_virtour/Rotate.h)
Linked: (/home/yohei/rl_ws/devel/.private/bwi_virtour/include/bwi_virtour/GetTourState.h, /home/yohei/rl_ws/devel/include/bwi_virtour/GetTourState.h)
Linked: (/home/yohei/rl_ws/devel/.private/bwi_virtour/include/bwi_virtour/PingTourRequest.h, /home/yohei/rl_ws/devel/include/bwi_virtour/PingTourRequest.h)
Linked: (/home/yohei/rl_ws/devel/.private/bwi_virtour/include/bwi_virtour/PingTour.h, /home/yohei/rl_ws/devel/include/bwi_virtour/PingTour.h)
Linked: (/home/yohei/rl_ws/devel/.private/bwi_virtour/include/bwi_virtour/GoToLocationResponse.h, /home/yohei/rl_ws/devel/include/bwi_virtour/GoToLocationResponse.h)
Linked: (/home/yohei/rl_ws/devel/.private/bwi_virtour/include/bwi_virtour/GetTourStateRequest.h, /home/yohei/rl_ws/devel/include/bwi_virtour/GetTourStateRequest.h)
Linked: (/home/yohei/rl_ws/devel/.private/bwi_virtour/include/bwi_virtour/RotateResponse.h, /home/yohei/rl_ws/devel/include/bwi_virtour/RotateResponse.h)
Linked: (/home/yohei/rl_ws/devel/.private/bwi_virtour/include/bwi_virtour/GoBesideLocationRequest.h, /home/yohei/rl_ws/devel/include/bwi_virtour/GoBesideLocationRequest.h)
Linked: (/home/yohei/rl_ws/devel/.private/bwi_virtour/include/bwi_virtour/GetTourStateResponse.h, /home/yohei/rl_ws/devel/include/bwi_virtour/GetTourStateResponse.h)
Linked: (/home/yohei/rl_ws/devel/.private/bwi_virtour/include/bwi_virtour/Authenticate.h, /home/yohei/rl_ws/devel/include/bwi_virtour/Authenticate.h)
Linked: (/home/yohei/rl_ws/devel/.private/bwi_virtour/include/bwi_virtour/GoToLocationRequest.h, /home/yohei/rl_ws/devel/include/bwi_virtour/GoToLocationRequest.h)
Linked: (/home/yohei/rl_ws/devel/.private/bwi_virtour/include/bwi_virtour/RotateRequest.h, /home/yohei/rl_ws/devel/include/bwi_virtour/RotateRequest.h)
Linked: (/home/yohei/rl_ws/devel/.private/bwi_virtour/include/bwi_virtour/RequestTourRequest.h, /home/yohei/rl_ws/devel/include/bwi_virtour/RequestTourRequest.h)
Linked: (/home/yohei/rl_ws/devel/.private/bwi_virtour/include/bwi_virtour/GoBesideLocationResponse.h, /home/yohei/rl_ws/devel/include/bwi_virtour/GoBesideLocationResponse.h)
Linked: (/home/yohei/rl_ws/devel/.private/bwi_virtour/include/bwi_virtour/PingTourResponse.h, /home/yohei/rl_ws/devel/include/bwi_virtour/PingTourResponse.h)
Linked: (/home/yohei/rl_ws/devel/.private/bwi_virtour/include/bwi_virtour/AuthenticateRequest.h, /home/yohei/rl_ws/devel/include/bwi_virtour/AuthenticateRequest.h)
Linked: (/home/yohei/rl_ws/devel/.private/bwi_virtour/lib/bwi_virtour/tour_manager, /home/yohei/rl_ws/devel/lib/bwi_virtour/tour_manager)
Linked: (/home/yohei/rl_ws/devel/.private/bwi_virtour/lib/bwi_virtour/rotate_service_node, /home/yohei/rl_ws/devel/lib/bwi_virtour/rotate_service_node)
Linked: (/home/yohei/rl_ws/devel/.private/bwi_virtour/lib/bwi_virtour/go_to_location_service_node, /home/yohei/rl_ws/devel/lib/bwi_virtour/go_to_location_service_node)
Linked: (/home/yohei/rl_ws/devel/.private/bwi_virtour/lib/python2.7/dist-packages/bwi_virtour/__init__.py, /home/yohei/rl_ws/devel/lib/python2.7/dist-packages/bwi_virtour/__init__.py)
Linked: (/home/yohei/rl_ws/devel/.private/bwi_virtour/lib/python2.7/dist-packages/bwi_virtour/srv/_PingTour.py, /home/yohei/rl_ws/devel/lib/python2.7/dist-packages/bwi_virtour/srv/_PingTour.py)
Linked: (/home/yohei/rl_ws/devel/.private/bwi_virtour/lib/python2.7/dist-packages/bwi_virtour/srv/_RequestTour.py, /home/yohei/rl_ws/devel/lib/python2.7/dist-packages/bwi_virtour/srv/_RequestTour.py)
Linked: (/home/yohei/rl_ws/devel/.private/bwi_virtour/lib/python2.7/dist-packages/bwi_virtour/srv/_GetTourState.py, /home/yohei/rl_ws/devel/lib/python2.7/dist-packages/bwi_virtour/srv/_GetTourState.py)
Linked: (/home/yohei/rl_ws/devel/.private/bwi_virtour/lib/python2.7/dist-packages/bwi_virtour/srv/_Authenticate.py, /home/yohei/rl_ws/devel/lib/python2.7/dist-packages/bwi_virtour/srv/_Authenticate.py)
Linked: (/home/yohei/rl_ws/devel/.private/bwi_virtour/lib/python2.7/dist-packages/bwi_virtour/srv/_Rotate.py, /home/yohei/rl_ws/devel/lib/python2.7/dist-packages/bwi_virtour/srv/_Rotate.py)
Linked: (/home/yohei/rl_ws/devel/.private/bwi_virtour/lib/python2.7/dist-packages/bwi_virtour/srv/_GoBesideLocation.py, /home/yohei/rl_ws/devel/lib/python2.7/dist-packages/bwi_virtour/srv/_GoBesideLocation.py)
Linked: (/home/yohei/rl_ws/devel/.private/bwi_virtour/lib/python2.7/dist-packages/bwi_virtour/srv/_LeaveTour.py, /home/yohei/rl_ws/devel/lib/python2.7/dist-packages/bwi_virtour/srv/_LeaveTour.py)
Linked: (/home/yohei/rl_ws/devel/.private/bwi_virtour/lib/python2.7/dist-packages/bwi_virtour/srv/__init__.py, /home/yohei/rl_ws/devel/lib/python2.7/dist-packages/bwi_virtour/srv/__init__.py)
Linked: (/home/yohei/rl_ws/devel/.private/bwi_virtour/lib/python2.7/dist-packages/bwi_virtour/srv/_GoToLocation.py, /home/yohei/rl_ws/devel/lib/python2.7/dist-packages/bwi_virtour/srv/_GoToLocation.py)
Linked: (/home/yohei/rl_ws/devel/.private/bwi_virtour/lib/pkgconfig/bwi_virtour.pc, /home/yohei/rl_ws/devel/lib/pkgconfig/bwi_virtour.pc)
