Determining if the pthread_create exist failed with the following output:
Change Dir: /home/yohei/rl_ws/build/bwi_services/CMakeFiles/CMakeTmp

Run Build Command:"/usr/bin/make" "cmTC_3d85c/fast"
/usr/bin/make -f CMakeFiles/cmTC_3d85c.dir/build.make CMakeFiles/cmTC_3d85c.dir/build
make[1]: Entering directory '/home/yohei/rl_ws/build/bwi_services/CMakeFiles/CMakeTmp'
Building C object CMakeFiles/cmTC_3d85c.dir/CheckSymbolExists.c.o
/usr/bin/cc     -o CMakeFiles/cmTC_3d85c.dir/CheckSymbolExists.c.o   -c /home/yohei/rl_ws/build/bwi_services/CMakeFiles/CMakeTmp/CheckSymbolExists.c
Linking C executable cmTC_3d85c
/usr/bin/cmake -E cmake_link_script CMakeFiles/cmTC_3d85c.dir/link.txt --verbose=1
/usr/bin/cc       CMakeFiles/cmTC_3d85c.dir/CheckSymbolExists.c.o  -o cmTC_3d85c -rdynamic 
CMakeFiles/cmTC_3d85c.dir/CheckSymbolExists.c.o: In function `main':
CheckSymbolExists.c:(.text+0x16): undefined reference to `pthread_create'
collect2: error: ld returned 1 exit status
CMakeFiles/cmTC_3d85c.dir/build.make:97: recipe for target 'cmTC_3d85c' failed
make[1]: *** [cmTC_3d85c] Error 1
make[1]: Leaving directory '/home/yohei/rl_ws/build/bwi_services/CMakeFiles/CMakeTmp'
Makefile:126: recipe for target 'cmTC_3d85c/fast' failed
make: *** [cmTC_3d85c/fast] Error 2

File /home/yohei/rl_ws/build/bwi_services/CMakeFiles/CMakeTmp/CheckSymbolExists.c:
/* */
#include <pthread.h>

int main(int argc, char** argv)
{
  (void)argv;
#ifndef pthread_create
  return ((int*)(&pthread_create))[argc];
#else
  (void)argc;
  return 0;
#endif
}

Determining if the function pthread_create exists in the pthreads failed with the following output:
Change Dir: /home/yohei/rl_ws/build/bwi_services/CMakeFiles/CMakeTmp

Run Build Command:"/usr/bin/make" "cmTC_8bcfa/fast"
/usr/bin/make -f CMakeFiles/cmTC_8bcfa.dir/build.make CMakeFiles/cmTC_8bcfa.dir/build
make[1]: Entering directory '/home/yohei/rl_ws/build/bwi_services/CMakeFiles/CMakeTmp'
Building C object CMakeFiles/cmTC_8bcfa.dir/CheckFunctionExists.c.o
/usr/bin/cc    -DCHECK_FUNCTION_EXISTS=pthread_create   -o CMakeFiles/cmTC_8bcfa.dir/CheckFunctionExists.c.o   -c /usr/share/cmake-3.5/Modules/CheckFunctionExists.c
Linking C executable cmTC_8bcfa
/usr/bin/cmake -E cmake_link_script CMakeFiles/cmTC_8bcfa.dir/link.txt --verbose=1
/usr/bin/cc   -DCHECK_FUNCTION_EXISTS=pthread_create    CMakeFiles/cmTC_8bcfa.dir/CheckFunctionExists.c.o  -o cmTC_8bcfa -rdynamic -lpthreads 
/usr/bin/ld: cannot find -lpthreads
collect2: error: ld returned 1 exit status
CMakeFiles/cmTC_8bcfa.dir/build.make:97: recipe for target 'cmTC_8bcfa' failed
make[1]: *** [cmTC_8bcfa] Error 1
make[1]: Leaving directory '/home/yohei/rl_ws/build/bwi_services/CMakeFiles/CMakeTmp'
Makefile:126: recipe for target 'cmTC_8bcfa/fast' failed
make: *** [cmTC_8bcfa/fast] Error 2


