[  0%] Built target nav_msgs_generate_messages_lisp
[  0%] Built target plan_execution_generate_messages_py
[  0%] Built target plan_execution_generate_messages_eus
[  0%] Built target plan_execution_generate_messages_cpp
[  0%] Built target bwi_services_generate_messages_nodejs
[  0%] Built target bwi_services_generate_messages_lisp
[  0%] Built target bwi_services_generate_messages_eus
[  0%] Built target sensor_msgs_generate_messages_nodejs
[  0%] Built target sensor_msgs_generate_messages_cpp
[  0%] Built target tf2_msgs_generate_messages_nodejs
[  0%] Built target tf2_msgs_generate_messages_lisp
[  0%] Built target tf2_msgs_generate_messages_eus
[  0%] Built target tf2_msgs_generate_messages_cpp
[  0%] Built target geometry_msgs_generate_messages_nodejs
[  0%] Built target std_srvs_generate_messages_lisp
[  0%] Built target geometry_msgs_generate_messages_lisp
[  0%] Built target geometry_msgs_generate_messages_eus
[  0%] Built target geometry_msgs_generate_messages_cpp
[  0%] Built target _catkin_empty_exported_target
[  0%] Built target roscpp_generate_messages_lisp
[  0%] Built target bwi_services_generate_messages_py
[  0%] Built target actionlib_msgs_generate_messages_py
[  0%] Built target roscpp_generate_messages_cpp
[  0%] Built target rosgraph_msgs_generate_messages_cpp
[  0%] Built target std_srvs_generate_messages_eus
[  0%] Built target geometry_msgs_generate_messages_py
[  0%] Built target bwi_planning_common_generate_messages_lisp
[  0%] Built target std_msgs_generate_messages_nodejs
[  0%] Built target bwi_services_generate_messages_cpp
[  0%] Built target nav_msgs_generate_messages_cpp
[  0%] Built target rosgraph_msgs_generate_messages_nodejs
[  0%] Built target std_srvs_generate_messages_cpp
[  0%] Built target bwi_msgs_generate_messages_py
[  0%] Built target std_msgs_generate_messages_lisp
[  0%] Built target actionlib_msgs_generate_messages_lisp
[  0%] Built target sensor_msgs_generate_messages_eus
[  0%] Built target actionlib_msgs_generate_messages_cpp
[  0%] Built target std_msgs_generate_messages_cpp
[  0%] Built target sensor_msgs_generate_messages_lisp
[  0%] Built target actionlib_generate_messages_nodejs
[  0%] Built target std_srvs_generate_messages_nodejs
[  0%] Built target roscpp_generate_messages_nodejs
[  0%] Built target rosgraph_msgs_generate_messages_lisp
[  0%] Built target tf2_msgs_generate_messages_py
[  0%] Built target actionlib_msgs_generate_messages_nodejs
[  0%] Built target sensor_msgs_generate_messages_py
[  0%] Built target actionlib_generate_messages_cpp
[  0%] Built target actionlib_generate_messages_py
[  0%] Built target plan_execution_generate_messages_nodejs
[  0%] Built target nav_msgs_generate_messages_py
[  0%] Built target nav_msgs_generate_messages_nodejs
[  0%] Built target std_msgs_generate_messages_py
[  0%] Built target nav_msgs_generate_messages_eus
[  0%] Built target bwi_planning_common_generate_messages_cpp
[  0%] Built target actionlib_msgs_generate_messages_eus
[  0%] Built target actionlib_generate_messages_lisp
[  0%] Built target actionlib_generate_messages_eus
[  0%] Built target roscpp_generate_messages_py
[  0%] Built target roscpp_generate_messages_eus
[  0%] Built target bwi_planning_common_generate_messages_eus
[  0%] Built target rosgraph_msgs_generate_messages_eus
[  0%] Built target plan_execution_generate_messages_lisp
[  0%] Built target std_srvs_generate_messages_py
[  0%] Built target std_msgs_generate_messages_eus
[  0%] Built target bwi_msgs_generate_messages_cpp
[  0%] Built target bwi_msgs_generate_messages_eus
[  0%] Built target bwi_msgs_generate_messages_lisp
[  0%] Built target rosgraph_msgs_generate_messages_py
[  0%] Built target bwi_msgs_generate_messages_nodejs
[  0%] Built target bwi_planning_common_generate_messages_nodejs
[  0%] Built target bwi_planning_common_generate_messages_py
[  6%] Built target asp_formatter
[ 56%] Built target bwikractions
[ 62%] Built target knowledge_reasoning_node
[ 68%] Built target single_plan_executor_node
[ 87%] Built target learning_executor_node
[ 93%] Built target state_tracker
[100%] Built target any_plan_executor_node
