Determining if the pthread_create exist failed with the following output:
Change Dir: /home/yohei/rl_ws/build/rl_robot/CMakeFiles/CMakeTmp

Run Build Command:"/usr/bin/make" "cmTC_c9b64/fast"
/usr/bin/make -f CMakeFiles/cmTC_c9b64.dir/build.make CMakeFiles/cmTC_c9b64.dir/build
make[1]: Entering directory '/home/yohei/rl_ws/build/rl_robot/CMakeFiles/CMakeTmp'
Building C object CMakeFiles/cmTC_c9b64.dir/CheckSymbolExists.c.o
/usr/bin/cc     -o CMakeFiles/cmTC_c9b64.dir/CheckSymbolExists.c.o   -c /home/yohei/rl_ws/build/rl_robot/CMakeFiles/CMakeTmp/CheckSymbolExists.c
Linking C executable cmTC_c9b64
/usr/bin/cmake -E cmake_link_script CMakeFiles/cmTC_c9b64.dir/link.txt --verbose=1
/usr/bin/cc       CMakeFiles/cmTC_c9b64.dir/CheckSymbolExists.c.o  -o cmTC_c9b64 -rdynamic 
CMakeFiles/cmTC_c9b64.dir/CheckSymbolExists.c.o: In function `main':
CheckSymbolExists.c:(.text+0x16): undefined reference to `pthread_create'
collect2: error: ld returned 1 exit status
CMakeFiles/cmTC_c9b64.dir/build.make:97: recipe for target 'cmTC_c9b64' failed
make[1]: *** [cmTC_c9b64] Error 1
make[1]: Leaving directory '/home/yohei/rl_ws/build/rl_robot/CMakeFiles/CMakeTmp'
Makefile:126: recipe for target 'cmTC_c9b64/fast' failed
make: *** [cmTC_c9b64/fast] Error 2

File /home/yohei/rl_ws/build/rl_robot/CMakeFiles/CMakeTmp/CheckSymbolExists.c:
/* */
#include <pthread.h>

int main(int argc, char** argv)
{
  (void)argv;
#ifndef pthread_create
  return ((int*)(&pthread_create))[argc];
#else
  (void)argc;
  return 0;
#endif
}

Determining if the function pthread_create exists in the pthreads failed with the following output:
Change Dir: /home/yohei/rl_ws/build/rl_robot/CMakeFiles/CMakeTmp

Run Build Command:"/usr/bin/make" "cmTC_ee0ef/fast"
/usr/bin/make -f CMakeFiles/cmTC_ee0ef.dir/build.make CMakeFiles/cmTC_ee0ef.dir/build
make[1]: Entering directory '/home/yohei/rl_ws/build/rl_robot/CMakeFiles/CMakeTmp'
Building C object CMakeFiles/cmTC_ee0ef.dir/CheckFunctionExists.c.o
/usr/bin/cc    -DCHECK_FUNCTION_EXISTS=pthread_create   -o CMakeFiles/cmTC_ee0ef.dir/CheckFunctionExists.c.o   -c /usr/share/cmake-3.5/Modules/CheckFunctionExists.c
Linking C executable cmTC_ee0ef
/usr/bin/cmake -E cmake_link_script CMakeFiles/cmTC_ee0ef.dir/link.txt --verbose=1
/usr/bin/cc   -DCHECK_FUNCTION_EXISTS=pthread_create    CMakeFiles/cmTC_ee0ef.dir/CheckFunctionExists.c.o  -o cmTC_ee0ef -rdynamic -lpthreads 
/usr/bin/ld: cannot find -lpthreads
collect2: error: ld returned 1 exit status
CMakeFiles/cmTC_ee0ef.dir/build.make:97: recipe for target 'cmTC_ee0ef' failed
make[1]: *** [cmTC_ee0ef] Error 1
make[1]: Leaving directory '/home/yohei/rl_ws/build/rl_robot/CMakeFiles/CMakeTmp'
Makefile:126: recipe for target 'cmTC_ee0ef/fast' failed
make: *** [cmTC_ee0ef/fast] Error 2


