Determining if the pthread_create exist failed with the following output:
Change Dir: /home/yohei/rl_ws/build/segbot_bringup/CMakeFiles/CMakeTmp

Run Build Command:"/usr/bin/make" "cmTC_79f91/fast"
/usr/bin/make -f CMakeFiles/cmTC_79f91.dir/build.make CMakeFiles/cmTC_79f91.dir/build
make[1]: Entering directory '/home/yohei/rl_ws/build/segbot_bringup/CMakeFiles/CMakeTmp'
Building C object CMakeFiles/cmTC_79f91.dir/CheckSymbolExists.c.o
/usr/bin/cc     -o CMakeFiles/cmTC_79f91.dir/CheckSymbolExists.c.o   -c /home/yohei/rl_ws/build/segbot_bringup/CMakeFiles/CMakeTmp/CheckSymbolExists.c
Linking C executable cmTC_79f91
/usr/bin/cmake -E cmake_link_script CMakeFiles/cmTC_79f91.dir/link.txt --verbose=1
/usr/bin/cc       CMakeFiles/cmTC_79f91.dir/CheckSymbolExists.c.o  -o cmTC_79f91 -rdynamic 
CMakeFiles/cmTC_79f91.dir/CheckSymbolExists.c.o: In function `main':
CheckSymbolExists.c:(.text+0x16): undefined reference to `pthread_create'
collect2: error: ld returned 1 exit status
CMakeFiles/cmTC_79f91.dir/build.make:97: recipe for target 'cmTC_79f91' failed
make[1]: *** [cmTC_79f91] Error 1
make[1]: Leaving directory '/home/yohei/rl_ws/build/segbot_bringup/CMakeFiles/CMakeTmp'
Makefile:126: recipe for target 'cmTC_79f91/fast' failed
make: *** [cmTC_79f91/fast] Error 2

File /home/yohei/rl_ws/build/segbot_bringup/CMakeFiles/CMakeTmp/CheckSymbolExists.c:
/* */
#include <pthread.h>

int main(int argc, char** argv)
{
  (void)argv;
#ifndef pthread_create
  return ((int*)(&pthread_create))[argc];
#else
  (void)argc;
  return 0;
#endif
}

Determining if the function pthread_create exists in the pthreads failed with the following output:
Change Dir: /home/yohei/rl_ws/build/segbot_bringup/CMakeFiles/CMakeTmp

Run Build Command:"/usr/bin/make" "cmTC_445a4/fast"
/usr/bin/make -f CMakeFiles/cmTC_445a4.dir/build.make CMakeFiles/cmTC_445a4.dir/build
make[1]: Entering directory '/home/yohei/rl_ws/build/segbot_bringup/CMakeFiles/CMakeTmp'
Building C object CMakeFiles/cmTC_445a4.dir/CheckFunctionExists.c.o
/usr/bin/cc    -DCHECK_FUNCTION_EXISTS=pthread_create   -o CMakeFiles/cmTC_445a4.dir/CheckFunctionExists.c.o   -c /usr/share/cmake-3.5/Modules/CheckFunctionExists.c
Linking C executable cmTC_445a4
/usr/bin/cmake -E cmake_link_script CMakeFiles/cmTC_445a4.dir/link.txt --verbose=1
/usr/bin/cc   -DCHECK_FUNCTION_EXISTS=pthread_create    CMakeFiles/cmTC_445a4.dir/CheckFunctionExists.c.o  -o cmTC_445a4 -rdynamic -lpthreads 
/usr/bin/ld: cannot find -lpthreads
collect2: error: ld returned 1 exit status
CMakeFiles/cmTC_445a4.dir/build.make:97: recipe for target 'cmTC_445a4' failed
make[1]: *** [cmTC_445a4] Error 1
make[1]: Leaving directory '/home/yohei/rl_ws/build/segbot_bringup/CMakeFiles/CMakeTmp'
Makefile:126: recipe for target 'cmTC_445a4/fast' failed
make: *** [cmTC_445a4/fast] Error 2


