In file included from [01m[K/usr/include/eigen3/Eigen/Core:276:0[m[K,
                 from [01m[K/usr/include/eigen3/Eigen/Geometry:4[m[K,
                 from [01m[K/opt/ros/kinetic/include/moveit/robot_model/joint_model.h:47[m[K,
                 from [01m[K/opt/ros/kinetic/include/moveit/robot_model/joint_model_group.h:41[m[K,
                 from [01m[K/opt/ros/kinetic/include/moveit/robot_model/robot_model.h:47[m[K,
                 from [01m[K/opt/ros/kinetic/include/moveit/robot_state/robot_state.h:41[m[K,
                 from [01m[K/opt/ros/kinetic/include/moveit/planning_scene_interface/planning_scene_interface.h:41[m[K,
                 from [01m[K/home/yohei/rl_ws/src/bwi_common/bwi_moveit_utils/src/moveit_waypoint_service.cpp:7[m[K:
[01m[K/usr/include/eigen3/Eigen/src/Core/Functors.h:973:28:[m[K [01;35m[Kwarning: [m[K‘[01m[Ktemplate<class _Operation> class std::binder2nd[m[K’ is deprecated [-Wdeprecated-declarations]
 struct functor_traits<std::binder2nd<T> >
[01;32m[K                            ^[m[K
In file included from [01m[K/usr/include/c++/5/bits/stl_function.h:1128:0[m[K,
                 from [01m[K/usr/include/c++/5/string:48[m[K,
                 from [01m[K/opt/ros/kinetic/include/visualization_msgs/Marker.h:9[m[K,
                 from [01m[K/home/yohei/rl_ws/src/bwi_common/bwi_moveit_utils/src/moveit_waypoint_service.cpp:2[m[K:
[01m[K/usr/include/c++/5/backward/binders.h:143:11:[m[K [01;36m[Knote: [m[Kdeclared here
     class binder2nd
[01;32m[K           ^[m[K
In file included from [01m[K/usr/include/eigen3/Eigen/Core:276:0[m[K,
                 from [01m[K/usr/include/eigen3/Eigen/Geometry:4[m[K,
                 from [01m[K/opt/ros/kinetic/include/moveit/robot_model/joint_model.h:47[m[K,
                 from [01m[K/opt/ros/kinetic/include/moveit/robot_model/joint_model_group.h:41[m[K,
                 from [01m[K/opt/ros/kinetic/include/moveit/robot_model/robot_model.h:47[m[K,
                 from [01m[K/opt/ros/kinetic/include/moveit/robot_state/robot_state.h:41[m[K,
                 from [01m[K/opt/ros/kinetic/include/moveit/planning_scene_interface/planning_scene_interface.h:41[m[K,
                 from [01m[K/home/yohei/rl_ws/src/bwi_common/bwi_moveit_utils/src/moveit_waypoint_service.cpp:7[m[K:
[01m[K/usr/include/eigen3/Eigen/src/Core/Functors.h:977:28:[m[K [01;35m[Kwarning: [m[K‘[01m[Ktemplate<class _Operation> class std::binder1st[m[K’ is deprecated [-Wdeprecated-declarations]
 struct functor_traits<std::binder1st<T> >
[01;32m[K                            ^[m[K
In file included from [01m[K/usr/include/c++/5/bits/stl_function.h:1128:0[m[K,
                 from [01m[K/usr/include/c++/5/string:48[m[K,
                 from [01m[K/opt/ros/kinetic/include/visualization_msgs/Marker.h:9[m[K,
                 from [01m[K/home/yohei/rl_ws/src/bwi_common/bwi_moveit_utils/src/moveit_waypoint_service.cpp:2[m[K:
[01m[K/usr/include/c++/5/backward/binders.h:108:11:[m[K [01;36m[Knote: [m[Kdeclared here
     class binder1st
[01;32m[K           ^[m[K
In file included from [01m[K/usr/include/eigen3/Eigen/Core:276:0[m[K,
                 from [01m[K/usr/include/eigen3/Eigen/Geometry:4[m[K,
                 from [01m[K/opt/ros/kinetic/include/moveit/robot_model/joint_model.h:47[m[K,
                 from [01m[K/opt/ros/kinetic/include/moveit/robot_model/joint_model_group.h:41[m[K,
                 from [01m[K/opt/ros/kinetic/include/moveit/robot_model/robot_model.h:47[m[K,
                 from [01m[K/opt/ros/kinetic/include/moveit/robot_state/robot_state.h:41[m[K,
                 from [01m[K/opt/ros/kinetic/include/moveit/planning_scene_interface/planning_scene_interface.h:41[m[K,
                 from [01m[K/home/yohei/rl_ws/src/bwi_common/bwi_moveit_utils/src/moveit_cartesian_pose_service.cpp:5[m[K:
[01m[K/usr/include/eigen3/Eigen/src/Core/Functors.h:973:28:[m[K [01;35m[Kwarning: [m[K‘[01m[Ktemplate<class _Operation> class std::binder2nd[m[K’ is deprecated [-Wdeprecated-declarations]
 struct functor_traits<std::binder2nd<T> >
[01;32m[K                            ^[m[K
In file included from [01m[K/usr/include/c++/5/bits/stl_function.h:1128:0[m[K,
                 from [01m[K/usr/include/c++/5/string:48[m[K,
                 from [01m[K/opt/ros/kinetic/include/visualization_msgs/Marker.h:9[m[K,
                 from [01m[K/home/yohei/rl_ws/src/bwi_common/bwi_moveit_utils/src/moveit_cartesian_pose_service.cpp:2[m[K:
[01m[K/usr/include/c++/5/backward/binders.h:143:11:[m[K [01;36m[Knote: [m[Kdeclared here
     class binder2nd
[01;32m[K           ^[m[K
In file included from [01m[K/usr/include/eigen3/Eigen/Core:276:0[m[K,
                 from [01m[K/usr/include/eigen3/Eigen/Geometry:4[m[K,
                 from [01m[K/opt/ros/kinetic/include/moveit/robot_model/joint_model.h:47[m[K,
                 from [01m[K/opt/ros/kinetic/include/moveit/robot_model/joint_model_group.h:41[m[K,
                 from [01m[K/opt/ros/kinetic/include/moveit/robot_model/robot_model.h:47[m[K,
                 from [01m[K/opt/ros/kinetic/include/moveit/robot_state/robot_state.h:41[m[K,
                 from [01m[K/opt/ros/kinetic/include/moveit/planning_scene_interface/planning_scene_interface.h:41[m[K,
                 from [01m[K/home/yohei/rl_ws/src/bwi_common/bwi_moveit_utils/src/moveit_cartesian_pose_service.cpp:5[m[K:
[01m[K/usr/include/eigen3/Eigen/src/Core/Functors.h:977:28:[m[K [01;35m[Kwarning: [m[K‘[01m[Ktemplate<class _Operation> class std::binder1st[m[K’ is deprecated [-Wdeprecated-declarations]
 struct functor_traits<std::binder1st<T> >
[01;32m[K                            ^[m[K
In file included from [01m[K/usr/include/c++/5/bits/stl_function.h:1128:0[m[K,
                 from [01m[K/usr/include/c++/5/string:48[m[K,
                 from [01m[K/opt/ros/kinetic/include/visualization_msgs/Marker.h:9[m[K,
                 from [01m[K/home/yohei/rl_ws/src/bwi_common/bwi_moveit_utils/src/moveit_cartesian_pose_service.cpp:2[m[K:
[01m[K/usr/include/c++/5/backward/binders.h:108:11:[m[K [01;36m[Knote: [m[Kdeclared here
     class binder1st
[01;32m[K           ^[m[K
In file included from [01m[K/usr/include/eigen3/Eigen/Core:276:0[m[K,
                 from [01m[K/usr/include/eigen3/Eigen/Geometry:4[m[K,
                 from [01m[K/opt/ros/kinetic/include/moveit/robot_model/joint_model.h:47[m[K,
                 from [01m[K/opt/ros/kinetic/include/moveit/robot_model/joint_model_group.h:41[m[K,
                 from [01m[K/opt/ros/kinetic/include/moveit/robot_model/robot_model.h:47[m[K,
                 from [01m[K/opt/ros/kinetic/include/moveit/robot_state/robot_state.h:41[m[K,
                 from [01m[K/opt/ros/kinetic/include/moveit/planning_scene_interface/planning_scene_interface.h:41[m[K,
                 from [01m[K/home/yohei/rl_ws/src/bwi_common/bwi_moveit_utils/src/moveit_joint_pose_service.cpp:4[m[K:
[01m[K/usr/include/eigen3/Eigen/src/Core/Functors.h:973:28:[m[K [01;35m[Kwarning: [m[K‘[01m[Ktemplate<class _Operation> class std::binder2nd[m[K’ is deprecated [-Wdeprecated-declarations]
 struct functor_traits<std::binder2nd<T> >
[01;32m[K                            ^[m[K
In file included from [01m[K/usr/include/c++/5/bits/stl_function.h:1128:0[m[K,
                 from [01m[K/usr/include/c++/5/string:48[m[K,
                 from [01m[K/opt/ros/kinetic/include/visualization_msgs/Marker.h:9[m[K,
                 from [01m[K/home/yohei/rl_ws/src/bwi_common/bwi_moveit_utils/src/moveit_joint_pose_service.cpp:2[m[K:
[01m[K/usr/include/c++/5/backward/binders.h:143:11:[m[K [01;36m[Knote: [m[Kdeclared here
     class binder2nd
[01;32m[K           ^[m[K
In file included from [01m[K/usr/include/eigen3/Eigen/Core:276:0[m[K,
                 from [01m[K/usr/include/eigen3/Eigen/Geometry:4[m[K,
                 from [01m[K/opt/ros/kinetic/include/moveit/robot_model/joint_model.h:47[m[K,
                 from [01m[K/opt/ros/kinetic/include/moveit/robot_model/joint_model_group.h:41[m[K,
                 from [01m[K/opt/ros/kinetic/include/moveit/robot_model/robot_model.h:47[m[K,
                 from [01m[K/opt/ros/kinetic/include/moveit/robot_state/robot_state.h:41[m[K,
                 from [01m[K/opt/ros/kinetic/include/moveit/planning_scene_interface/planning_scene_interface.h:41[m[K,
                 from [01m[K/home/yohei/rl_ws/src/bwi_common/bwi_moveit_utils/src/moveit_joint_pose_service.cpp:4[m[K:
[01m[K/usr/include/eigen3/Eigen/src/Core/Functors.h:977:28:[m[K [01;35m[Kwarning: [m[K‘[01m[Ktemplate<class _Operation> class std::binder1st[m[K’ is deprecated [-Wdeprecated-declarations]
 struct functor_traits<std::binder1st<T> >
[01;32m[K                            ^[m[K
In file included from [01m[K/usr/include/c++/5/bits/stl_function.h:1128:0[m[K,
                 from [01m[K/usr/include/c++/5/string:48[m[K,
                 from [01m[K/opt/ros/kinetic/include/visualization_msgs/Marker.h:9[m[K,
                 from [01m[K/home/yohei/rl_ws/src/bwi_common/bwi_moveit_utils/src/moveit_joint_pose_service.cpp:2[m[K:
[01m[K/usr/include/c++/5/backward/binders.h:108:11:[m[K [01;36m[Knote: [m[Kdeclared here
     class binder1st
[01;32m[K           ^[m[K
