Symlinking /home/yohei/rl_ws/devel/share/roseus/ros/bwi_moveit_utils/manifest.l
Symlinking /home/yohei/rl_ws/devel/share/roseus/ros/bwi_moveit_utils/srv/MoveitWaypoint.l
Symlinking /home/yohei/rl_ws/devel/share/roseus/ros/bwi_moveit_utils/srv/MoveitCartesianPose.l
Symlinking /home/yohei/rl_ws/devel/share/roseus/ros/bwi_moveit_utils/srv/MoveitJointPose.l
Symlinking /home/yohei/rl_ws/devel/share/gennodejs/ros/bwi_moveit_utils/_index.js
Symlinking /home/yohei/rl_ws/devel/share/gennodejs/ros/bwi_moveit_utils/srv/MoveitWaypoint.js
Symlinking /home/yohei/rl_ws/devel/share/gennodejs/ros/bwi_moveit_utils/srv/MoveitJointPose.js
Symlinking /home/yohei/rl_ws/devel/share/gennodejs/ros/bwi_moveit_utils/srv/_index.js
Symlinking /home/yohei/rl_ws/devel/share/gennodejs/ros/bwi_moveit_utils/srv/MoveitCartesianPose.js
Symlinking /home/yohei/rl_ws/devel/share/common-lisp/ros/bwi_moveit_utils/srv/MoveitJointPose.lisp
Symlinking /home/yohei/rl_ws/devel/share/common-lisp/ros/bwi_moveit_utils/srv/MoveitWaypoint.lisp
Symlinking /home/yohei/rl_ws/devel/share/common-lisp/ros/bwi_moveit_utils/srv/_package_MoveitWaypoint.lisp
Symlinking /home/yohei/rl_ws/devel/share/common-lisp/ros/bwi_moveit_utils/srv/_package_MoveitCartesianPose.lisp
Symlinking /home/yohei/rl_ws/devel/share/common-lisp/ros/bwi_moveit_utils/srv/_package.lisp
Symlinking /home/yohei/rl_ws/devel/share/common-lisp/ros/bwi_moveit_utils/srv/_package_MoveitJointPose.lisp
Symlinking /home/yohei/rl_ws/devel/share/common-lisp/ros/bwi_moveit_utils/srv/MoveitCartesianPose.lisp
Symlinking /home/yohei/rl_ws/devel/share/common-lisp/ros/bwi_moveit_utils/srv/bwi_moveit_utils-srv.asd
Symlinking /home/yohei/rl_ws/devel/share/bwi_moveit_utils/cmake/bwi_moveit_utilsConfig-version.cmake
Symlinking /home/yohei/rl_ws/devel/share/bwi_moveit_utils/cmake/bwi_moveit_utils-msg-extras.cmake
Symlinking /home/yohei/rl_ws/devel/share/bwi_moveit_utils/cmake/bwi_moveit_utils-msg-paths.cmake
Symlinking /home/yohei/rl_ws/devel/share/bwi_moveit_utils/cmake/bwi_moveit_utilsConfig.cmake
Symlinking /home/yohei/rl_ws/devel/include/bwi_moveit_utils/MoveitWaypointResponse.h
Symlinking /home/yohei/rl_ws/devel/include/bwi_moveit_utils/MoveitWaypoint.h
Symlinking /home/yohei/rl_ws/devel/include/bwi_moveit_utils/MoveitJointPose.h
Symlinking /home/yohei/rl_ws/devel/include/bwi_moveit_utils/MoveitJointPoseResponse.h
Symlinking /home/yohei/rl_ws/devel/include/bwi_moveit_utils/MoveitWaypointRequest.h
Symlinking /home/yohei/rl_ws/devel/include/bwi_moveit_utils/MoveitCartesianPose.h
Symlinking /home/yohei/rl_ws/devel/include/bwi_moveit_utils/MoveitJointPoseRequest.h
Symlinking /home/yohei/rl_ws/devel/include/bwi_moveit_utils/MoveitCartesianPoseRequest.h
Symlinking /home/yohei/rl_ws/devel/include/bwi_moveit_utils/MoveitCartesianPoseResponse.h
Symlinking /home/yohei/rl_ws/devel/lib/python2.7/dist-packages/bwi_moveit_utils/__init__.py
Symlinking /home/yohei/rl_ws/devel/lib/python2.7/dist-packages/bwi_moveit_utils/srv/_MoveitCartesianPose.py
Symlinking /home/yohei/rl_ws/devel/lib/python2.7/dist-packages/bwi_moveit_utils/srv/_MoveitJointPose.py
Symlinking /home/yohei/rl_ws/devel/lib/python2.7/dist-packages/bwi_moveit_utils/srv/__init__.py
Symlinking /home/yohei/rl_ws/devel/lib/python2.7/dist-packages/bwi_moveit_utils/srv/_MoveitWaypoint.py
Symlinking /home/yohei/rl_ws/devel/lib/pkgconfig/bwi_moveit_utils.pc
Symlinking /home/yohei/rl_ws/devel/lib/bwi_moveit_utils/moveit_joint_pose_service
Symlinking /home/yohei/rl_ws/devel/lib/bwi_moveit_utils/moveit_waypoint_service
Symlinking /home/yohei/rl_ws/devel/lib/bwi_moveit_utils/moveit_cartesian_pose_service
