Determining if the pthread_create exist failed with the following output:
Change Dir: /home/yohei/rl_ws/build/astra_camera/CMakeFiles/CMakeTmp

Run Build Command:"/usr/bin/make" "cmTC_40443/fast"
/usr/bin/make -f CMakeFiles/cmTC_40443.dir/build.make CMakeFiles/cmTC_40443.dir/build
make[1]: Entering directory '/home/yohei/rl_ws/build/astra_camera/CMakeFiles/CMakeTmp'
Building C object CMakeFiles/cmTC_40443.dir/CheckSymbolExists.c.o
/usr/bin/cc     -o CMakeFiles/cmTC_40443.dir/CheckSymbolExists.c.o   -c /home/yohei/rl_ws/build/astra_camera/CMakeFiles/CMakeTmp/CheckSymbolExists.c
Linking C executable cmTC_40443
/usr/bin/cmake -E cmake_link_script CMakeFiles/cmTC_40443.dir/link.txt --verbose=1
/usr/bin/cc       CMakeFiles/cmTC_40443.dir/CheckSymbolExists.c.o  -o cmTC_40443 -rdynamic 
CMakeFiles/cmTC_40443.dir/CheckSymbolExists.c.o: In function `main':
CheckSymbolExists.c:(.text+0x16): undefined reference to `pthread_create'
collect2: error: ld returned 1 exit status
CMakeFiles/cmTC_40443.dir/build.make:97: recipe for target 'cmTC_40443' failed
make[1]: *** [cmTC_40443] Error 1
make[1]: Leaving directory '/home/yohei/rl_ws/build/astra_camera/CMakeFiles/CMakeTmp'
Makefile:126: recipe for target 'cmTC_40443/fast' failed
make: *** [cmTC_40443/fast] Error 2

File /home/yohei/rl_ws/build/astra_camera/CMakeFiles/CMakeTmp/CheckSymbolExists.c:
/* */
#include <pthread.h>

int main(int argc, char** argv)
{
  (void)argv;
#ifndef pthread_create
  return ((int*)(&pthread_create))[argc];
#else
  (void)argc;
  return 0;
#endif
}

Determining if the function pthread_create exists in the pthreads failed with the following output:
Change Dir: /home/yohei/rl_ws/build/astra_camera/CMakeFiles/CMakeTmp

Run Build Command:"/usr/bin/make" "cmTC_f870c/fast"
/usr/bin/make -f CMakeFiles/cmTC_f870c.dir/build.make CMakeFiles/cmTC_f870c.dir/build
make[1]: Entering directory '/home/yohei/rl_ws/build/astra_camera/CMakeFiles/CMakeTmp'
Building C object CMakeFiles/cmTC_f870c.dir/CheckFunctionExists.c.o
/usr/bin/cc    -DCHECK_FUNCTION_EXISTS=pthread_create   -o CMakeFiles/cmTC_f870c.dir/CheckFunctionExists.c.o   -c /usr/share/cmake-3.5/Modules/CheckFunctionExists.c
Linking C executable cmTC_f870c
/usr/bin/cmake -E cmake_link_script CMakeFiles/cmTC_f870c.dir/link.txt --verbose=1
/usr/bin/cc   -DCHECK_FUNCTION_EXISTS=pthread_create    CMakeFiles/cmTC_f870c.dir/CheckFunctionExists.c.o  -o cmTC_f870c -rdynamic -lpthreads 
/usr/bin/ld: cannot find -lpthreads
collect2: error: ld returned 1 exit status
CMakeFiles/cmTC_f870c.dir/build.make:97: recipe for target 'cmTC_f870c' failed
make[1]: *** [cmTC_f870c] Error 1
make[1]: Leaving directory '/home/yohei/rl_ws/build/astra_camera/CMakeFiles/CMakeTmp'
Makefile:126: recipe for target 'cmTC_f870c/fast' failed
make: *** [cmTC_f870c/fast] Error 2


